{"timestamp":"2025-10-07T06:07:31.294768Z","level":"info","event":"DAG bundles loaded: dags-folder","logger":"airflow.dag_processing.bundles.manager.DagBundlesManager","filename":"manager.py","lineno":179}
{"timestamp":"2025-10-07T06:07:31.296057Z","level":"info","event":"Filling up the DagBag from /opt/airflow/dags/video_chapter_pipeline.py","logger":"airflow.models.dagbag.DagBag","filename":"dagbag.py","lineno":593}
{"timestamp":"2025-10-07T06:07:31.559131Z","level":"warning","event":"The `airflow.operators.python.PythonOperator` attribute is deprecated. Please use `'airflow.providers.standard.operators.python.PythonOperator'`.","category":"DeprecatedImportWarning","filename":"/opt/airflow/dags/video_chapter_pipeline.py","lineno":4,"logger":"py.warnings"}
{"timestamp":"2025-10-07T06:07:31.588758Z","level":"error","event":"[av1 @ 0xaaaade542e60] Your platform doesn't suppport hardware accelerated AV1 decoding.","logger":"task.stderr"}
{"timestamp":"2025-10-07T06:07:31.588958Z","level":"error","event":"[av1 @ 0xaaaade542e60] Failed to get pixel format.","logger":"task.stderr"}
{"timestamp":"2025-10-07T06:07:31.589108Z","level":"error","event":"[av1 @ 0xaaaade542e60] Your platform doesn't suppport hardware accelerated AV1 decoding.","logger":"task.stderr"}
{"timestamp":"2025-10-07T06:07:31.589202Z","level":"error","event":"[av1 @ 0xaaaade542e60] Failed to get pixel format.","logger":"task.stderr"}
{"timestamp":"2025-10-07T06:07:31.589272Z","level":"error","event":"[av1 @ 0xaaaade542e60] Missing Sequence Header.","logger":"task.stderr"}
{"timestamp":"2025-10-07T06:07:31.589343Z","level":"error","event":"[av1 @ 0xaaaade542e60] Missing Sequence Header.","logger":"task.stderr"}
{"timestamp":"2025-10-07T06:07:31.589424Z","level":"error","event":"[av1 @ 0xaaaade542e60] Missing Sequence Header.","logger":"task.stderr"}
{"timestamp":"2025-10-07T06:07:31.589501Z","level":"error","event":"[av1 @ 0xaaaade542e60] Missing Sequence Header.","logger":"task.stderr"}
{"timestamp":"2025-10-07T06:07:31.589573Z","level":"error","event":"[av1 @ 0xaaaade542e60] Missing Sequence Header.","logger":"task.stderr"}
{"timestamp":"2025-10-07T06:07:31.589648Z","level":"error","event":"[av1 @ 0xaaaade542e60] Missing Sequence Header.","logger":"task.stderr"}
{"timestamp":"2025-10-07T06:07:31.589711Z","level":"error","event":"[av1 @ 0xaaaade542e60] Missing Sequence Header.","logger":"task.stderr"}
{"timestamp":"2025-10-07T06:07:31.589775Z","level":"error","event":"[av1 @ 0xaaaade542e60] Missing Sequence Header.","logger":"task.stderr"}
{"timestamp":"2025-10-07T06:07:31.589837Z","level":"error","event":"[av1 @ 0xaaaade542e60] Missing Sequence Header.","logger":"task.stderr"}
{"timestamp":"2025-10-07T06:07:31.589973Z","level":"error","event":"[av1 @ 0xaaaade542e60] Missing Sequence Header.","logger":"task.stderr"}
{"timestamp":"2025-10-07T06:07:31.590037Z","level":"error","event":"[av1 @ 0xaaaade542e60] Missing Sequence Header.","logger":"task.stderr"}
{"timestamp":"2025-10-07T06:07:31.590120Z","level":"error","event":"[av1 @ 0xaaaade542e60] Missing Sequence Header.","logger":"task.stderr"}
{"timestamp":"2025-10-07T06:07:31.590186Z","level":"error","event":"[av1 @ 0xaaaade542e60] Missing Sequence Header.","logger":"task.stderr"}
{"timestamp":"2025-10-07T06:07:31.590250Z","level":"error","event":"[av1 @ 0xaaaade542e60] Missing Sequence Header.","logger":"task.stderr"}
{"timestamp":"2025-10-07T06:07:31.590316Z","level":"error","event":"[av1 @ 0xaaaade542e60] Your platform doesn't suppport hardware accelerated AV1 decoding.","logger":"task.stderr"}
{"timestamp":"2025-10-07T06:07:31.590406Z","level":"error","event":"[av1 @ 0xaaaade542e60] Failed to get pixel format.","logger":"task.stderr"}
{"timestamp":"2025-10-07T06:07:31.590491Z","level":"error","event":"[av1 @ 0xaaaade542e60] Missing Sequence Header.","logger":"task.stderr"}
{"timestamp":"2025-10-07T06:07:31.590569Z","level":"error","event":"[av1 @ 0xaaaade542e60] Missing Sequence Header.","logger":"task.stderr"}
{"timestamp":"2025-10-07T06:07:31.590633Z","level":"error","event":"[av1 @ 0xaaaade542e60] Missing Sequence Header.","logger":"task.stderr"}
{"timestamp":"2025-10-07T06:07:31.590737Z","level":"error","event":"[av1 @ 0xaaaade542e60] Missing Sequence Header.","logger":"task.stderr"}
{"timestamp":"2025-10-07T06:07:31.590798Z","level":"error","event":"[av1 @ 0xaaaade542e60] Missing Sequence Header.","logger":"task.stderr"}
{"timestamp":"2025-10-07T06:07:31.590897Z","level":"error","event":"[av1 @ 0xaaaade542e60] Missing Sequence Header.","logger":"task.stderr"}
{"timestamp":"2025-10-07T06:07:31.591867Z","level":"error","event":"[av1 @ 0xaaaade542e60] Missing Sequence Header.","logger":"task.stderr"}
{"timestamp":"2025-10-07T06:07:31.592059Z","level":"error","event":"[av1 @ 0xaaaade542e60] Missing Sequence Header.","logger":"task.stderr"}
{"timestamp":"2025-10-07T06:07:31.592130Z","level":"error","event":"[av1 @ 0xaaaade542e60] Missing Sequence Header.","logger":"task.stderr"}
{"timestamp":"2025-10-07T06:07:31.592193Z","level":"error","event":"[av1 @ 0xaaaade542e60] Missing Sequence Header.","logger":"task.stderr"}
{"timestamp":"2025-10-07T06:07:31.592259Z","level":"error","event":"[av1 @ 0xaaaade542e60] Missing Sequence Header.","logger":"task.stderr"}
{"timestamp":"2025-10-07T06:07:31.592322Z","level":"error","event":"[av1 @ 0xaaaade542e60] Missing Sequence Header.","logger":"task.stderr"}
{"timestamp":"2025-10-07T06:07:31.592384Z","level":"error","event":"[av1 @ 0xaaaade542e60] Missing Sequence Header.","logger":"task.stderr"}
{"timestamp":"2025-10-07T06:07:31.592451Z","level":"error","event":"[av1 @ 0xaaaade542e60] Missing Sequence Header.","logger":"task.stderr"}
{"timestamp":"2025-10-07T06:07:31.592530Z","level":"error","event":"[av1 @ 0xaaaade542e60] Missing Sequence Header.","logger":"task.stderr"}
{"timestamp":"2025-10-07T06:07:31.592599Z","level":"error","event":"[av1 @ 0xaaaade542e60] Missing Sequence Header.","logger":"task.stderr"}
{"timestamp":"2025-10-07T06:07:31.592660Z","level":"error","event":"[av1 @ 0xaaaade542e60] Missing Sequence Header.","logger":"task.stderr"}
{"timestamp":"2025-10-07T06:07:31.592721Z","level":"error","event":"[av1 @ 0xaaaade542e60] Missing Sequence Header.","logger":"task.stderr"}
{"timestamp":"2025-10-07T06:07:31.592781Z","level":"error","event":"[av1 @ 0xaaaade542e60] Missing Sequence Header.","logger":"task.stderr"}
{"timestamp":"2025-10-07T06:07:31.592842Z","level":"error","event":"[av1 @ 0xaaaade542e60] Missing Sequence Header.","logger":"task.stderr"}
{"timestamp":"2025-10-07T06:07:31.592907Z","level":"error","event":"[av1 @ 0xaaaade542e60] Missing Sequence Header.","logger":"task.stderr"}
{"timestamp":"2025-10-07T06:07:31.592968Z","level":"error","event":"[av1 @ 0xaaaade542e60] Missing Sequence Header.","logger":"task.stderr"}
{"timestamp":"2025-10-07T06:07:31.593029Z","level":"error","event":"[av1 @ 0xaaaade542e60] Missing Sequence Header.","logger":"task.stderr"}
{"timestamp":"2025-10-07T06:07:31.593106Z","level":"error","event":"[av1 @ 0xaaaade542e60] Missing Sequence Header.","logger":"task.stderr"}
{"timestamp":"2025-10-07T06:07:31.593174Z","level":"error","event":"[av1 @ 0xaaaade542e60] Missing Sequence Header.","logger":"task.stderr"}
{"timestamp":"2025-10-07T06:07:31.593247Z","level":"error","event":"[av1 @ 0xaaaade542e60] Missing Sequence Header.","logger":"task.stderr"}
{"timestamp":"2025-10-07T06:07:31.593322Z","level":"error","event":"[av1 @ 0xaaaade542e60] Missing Sequence Header.","logger":"task.stderr"}
{"timestamp":"2025-10-07T06:07:31.593409Z","level":"error","event":"[av1 @ 0xaaaade542e60] Missing Sequence Header.","logger":"task.stderr"}
{"timestamp":"2025-10-07T06:07:31.593477Z","level":"error","event":"[av1 @ 0xaaaade542e60] Missing Sequence Header.","logger":"task.stderr"}
{"timestamp":"2025-10-07T06:07:31.593541Z","level":"error","event":"[av1 @ 0xaaaade542e60] Missing Sequence Header.","logger":"task.stderr"}
{"timestamp":"2025-10-07T06:07:31.593601Z","level":"error","event":"[av1 @ 0xaaaade542e60] Missing Sequence Header.","logger":"task.stderr"}
{"timestamp":"2025-10-07T06:07:31.593663Z","level":"error","event":"[av1 @ 0xaaaade542e60] Missing Sequence Header.","logger":"task.stderr"}
{"timestamp":"2025-10-07T06:07:31.593770Z","level":"error","event":"[av1 @ 0xaaaade542e60] Your platform doesn't suppport hardware accelerated AV1 decoding.","logger":"task.stderr"}
{"timestamp":"2025-10-07T06:07:31.593831Z","level":"error","event":"[av1 @ 0xaaaade542e60] Failed to get pixel format.","logger":"task.stderr"}
{"timestamp":"2025-10-07T06:07:31.593892Z","level":"error","event":"[av1 @ 0xaaaade542e60] Missing Sequence Header.","logger":"task.stderr"}
{"timestamp":"2025-10-07T06:07:31.593951Z","level":"error","event":"[av1 @ 0xaaaade542e60] Missing Sequence Header.","logger":"task.stderr"}
{"timestamp":"2025-10-07T06:07:31.594018Z","level":"error","event":"[av1 @ 0xaaaade542e60] Missing Sequence Header.","logger":"task.stderr"}
{"timestamp":"2025-10-07T06:07:31.594157Z","level":"error","event":"[av1 @ 0xaaaade542e60] Missing Sequence Header.","logger":"task.stderr"}
{"timestamp":"2025-10-07T06:07:31.594296Z","level":"error","event":"[av1 @ 0xaaaade542e60] Missing Sequence Header.","logger":"task.stderr"}
{"timestamp":"2025-10-07T06:07:31.594392Z","level":"error","event":"[av1 @ 0xaaaade542e60] Missing Sequence Header.","logger":"task.stderr"}
{"timestamp":"2025-10-07T06:07:31.594469Z","level":"error","event":"[av1 @ 0xaaaade542e60] Missing Sequence Header.","logger":"task.stderr"}
{"timestamp":"2025-10-07T06:07:31.594536Z","level":"error","event":"[av1 @ 0xaaaade542e60] Missing Sequence Header.","logger":"task.stderr"}
{"timestamp":"2025-10-07T06:07:31.594600Z","level":"error","event":"[av1 @ 0xaaaade542e60] Missing Sequence Header.","logger":"task.stderr"}
{"timestamp":"2025-10-07T06:07:31.594663Z","level":"error","event":"[av1 @ 0xaaaade542e60] Missing Sequence Header.","logger":"task.stderr"}
{"timestamp":"2025-10-07T06:07:31.594730Z","level":"error","event":"[av1 @ 0xaaaade542e60] Your platform doesn't suppport hardware accelerated AV1 decoding.","logger":"task.stderr"}
{"timestamp":"2025-10-07T06:07:31.594793Z","level":"error","event":"[av1 @ 0xaaaade542e60] Failed to get pixel format.","logger":"task.stderr"}
{"timestamp":"2025-10-07T06:07:31.594870Z","level":"error","event":"[av1 @ 0xaaaade542e60] Missing Sequence Header.","logger":"task.stderr"}
{"timestamp":"2025-10-07T06:07:31.594931Z","level":"error","event":"[av1 @ 0xaaaade542e60] Missing Sequence Header.","logger":"task.stderr"}
{"timestamp":"2025-10-07T06:07:31.594993Z","level":"error","event":"[av1 @ 0xaaaade542e60] Missing Sequence Header.","logger":"task.stderr"}
{"timestamp":"2025-10-07T06:07:31.595057Z","level":"error","event":"[av1 @ 0xaaaade542e60] Missing Sequence Header.","logger":"task.stderr"}
{"timestamp":"2025-10-07T06:07:31.595119Z","level":"error","event":"[av1 @ 0xaaaade542e60] Missing Sequence Header.","logger":"task.stderr"}
{"timestamp":"2025-10-07T06:07:31.595186Z","level":"error","event":"[av1 @ 0xaaaade542e60] Missing Sequence Header.","logger":"task.stderr"}
{"timestamp":"2025-10-07T06:07:31.595247Z","level":"error","event":"[av1 @ 0xaaaade542e60] Missing Sequence Header.","logger":"task.stderr"}
{"timestamp":"2025-10-07T06:07:31.595307Z","level":"error","event":"[av1 @ 0xaaaade542e60] Missing Sequence Header.","logger":"task.stderr"}
{"timestamp":"2025-10-07T06:07:31.595375Z","level":"error","event":"[av1 @ 0xaaaade542e60] Missing Sequence Header.","logger":"task.stderr"}
{"timestamp":"2025-10-07T06:07:31.595437Z","level":"error","event":"[av1 @ 0xaaaade542e60] Missing Sequence Header.","logger":"task.stderr"}
{"timestamp":"2025-10-07T06:07:31.595505Z","level":"error","event":"[av1 @ 0xaaaade542e60] Missing Sequence Header.","logger":"task.stderr"}
{"timestamp":"2025-10-07T06:07:31.595580Z","level":"error","event":"[av1 @ 0xaaaade542e60] Missing Sequence Header.","logger":"task.stderr"}
{"timestamp":"2025-10-07T06:07:31.595642Z","level":"error","event":"[av1 @ 0xaaaade542e60] Missing Sequence Header.","logger":"task.stderr"}
{"timestamp":"2025-10-07T06:07:31.595702Z","level":"error","event":"[av1 @ 0xaaaade542e60] Missing Sequence Header.","logger":"task.stderr"}
{"timestamp":"2025-10-07T06:07:31.595763Z","level":"error","event":"[av1 @ 0xaaaade542e60] Missing Sequence Header.","logger":"task.stderr"}
{"timestamp":"2025-10-07T06:07:31.595859Z","level":"error","event":"[av1 @ 0xaaaade542e60] Missing Sequence Header.","logger":"task.stderr"}
{"timestamp":"2025-10-07T06:07:31.595920Z","level":"error","event":"[av1 @ 0xaaaade542e60] Missing Sequence Header.","logger":"task.stderr"}
{"timestamp":"2025-10-07T06:07:31.595981Z","level":"error","event":"[av1 @ 0xaaaade542e60] Missing Sequence Header.","logger":"task.stderr"}
{"timestamp":"2025-10-07T06:07:31.596055Z","level":"error","event":"[av1 @ 0xaaaade542e60] Missing Sequence Header.","logger":"task.stderr"}
{"timestamp":"2025-10-07T06:07:31.596119Z","level":"error","event":"[av1 @ 0xaaaade542e60] Missing Sequence Header.","logger":"task.stderr"}
{"timestamp":"2025-10-07T06:07:31.596179Z","level":"error","event":"[av1 @ 0xaaaade542e60] Missing Sequence Header.","logger":"task.stderr"}
{"timestamp":"2025-10-07T06:07:31.596239Z","level":"error","event":"[av1 @ 0xaaaade542e60] Missing Sequence Header.","logger":"task.stderr"}
{"timestamp":"2025-10-07T06:07:31.596299Z","level":"error","event":"[av1 @ 0xaaaade542e60] Missing Sequence Header.","logger":"task.stderr"}
{"timestamp":"2025-10-07T06:07:31.596359Z","level":"error","event":"[av1 @ 0xaaaade542e60] Missing Sequence Header.","logger":"task.stderr"}
{"timestamp":"2025-10-07T06:07:31.596422Z","level":"error","event":"[av1 @ 0xaaaade542e60] Missing Sequence Header.","logger":"task.stderr"}
{"timestamp":"2025-10-07T06:07:31.596481Z","level":"error","event":"[av1 @ 0xaaaade542e60] Missing Sequence Header.","logger":"task.stderr"}
{"timestamp":"2025-10-07T06:07:31.596543Z","level":"error","event":"[av1 @ 0xaaaade542e60] Missing Sequence Header.","logger":"task.stderr"}
{"timestamp":"2025-10-07T06:07:31.596602Z","level":"error","event":"[av1 @ 0xaaaade542e60] Missing Sequence Header.","logger":"task.stderr"}
{"timestamp":"2025-10-07T06:07:31.596661Z","level":"error","event":"[av1 @ 0xaaaade542e60] Missing Sequence Header.","logger":"task.stderr"}
{"timestamp":"2025-10-07T06:07:31.596722Z","level":"error","event":"[av1 @ 0xaaaade542e60] Missing Sequence Header.","logger":"task.stderr"}
{"timestamp":"2025-10-07T06:07:31.596783Z","level":"error","event":"[av1 @ 0xaaaade542e60] Missing Sequence Header.","logger":"task.stderr"}
{"timestamp":"2025-10-07T06:07:31.596844Z","level":"error","event":"[av1 @ 0xaaaade542e60] Missing Sequence Header.","logger":"task.stderr"}
{"timestamp":"2025-10-07T06:07:31.596904Z","level":"error","event":"[av1 @ 0xaaaade542e60] Missing Sequence Header.","logger":"task.stderr"}
{"timestamp":"2025-10-07T06:07:31.596965Z","level":"error","event":"[av1 @ 0xaaaade542e60] Missing Sequence Header.","logger":"task.stderr"}
{"timestamp":"2025-10-07T06:07:31.597028Z","level":"error","event":"[av1 @ 0xaaaade542e60] Missing Sequence Header.","logger":"task.stderr"}
{"timestamp":"2025-10-07T06:07:31.597105Z","level":"error","event":"[av1 @ 0xaaaade542e60] Missing Sequence Header.","logger":"task.stderr"}
{"timestamp":"2025-10-07T06:07:31.597165Z","level":"error","event":"[av1 @ 0xaaaade542e60] Missing Sequence Header.","logger":"task.stderr"}
{"timestamp":"2025-10-07T06:07:31.597225Z","level":"error","event":"[av1 @ 0xaaaade542e60] Missing Sequence Header.","logger":"task.stderr"}
{"timestamp":"2025-10-07T06:07:31.597285Z","level":"error","event":"[av1 @ 0xaaaade542e60] Missing Sequence Header.","logger":"task.stderr"}
{"timestamp":"2025-10-07T06:07:31.597345Z","level":"error","event":"[av1 @ 0xaaaade542e60] Missing Sequence Header.","logger":"task.stderr"}
{"timestamp":"2025-10-07T06:07:31.597404Z","level":"error","event":"[av1 @ 0xaaaade542e60] Missing Sequence Header.","logger":"task.stderr"}
{"timestamp":"2025-10-07T06:07:31.597463Z","level":"error","event":"[av1 @ 0xaaaade542e60] Missing Sequence Header.","logger":"task.stderr"}
{"timestamp":"2025-10-07T06:07:31.597524Z","level":"error","event":"[av1 @ 0xaaaade542e60] Missing Sequence Header.","logger":"task.stderr"}
{"timestamp":"2025-10-07T06:07:31.597583Z","level":"error","event":"[av1 @ 0xaaaade542e60] Missing Sequence Header.","logger":"task.stderr"}
{"timestamp":"2025-10-07T06:07:31.597687Z","level":"info","event":"현재 사용 중인 비디오 객체 타입: <class 'scenedetect.backends.opencv.VideoStreamCv2'>","logger":"task.stdout"}
{"timestamp":"2025-10-07T06:07:31.597752Z","level":"info","event":"---------- 비디오 파일 정보 확인 ----------","logger":"task.stdout"}
{"timestamp":"2025-10-07T06:07:31.597813Z","level":"info","event":"해상도: (854, 480), 총 길이: 00:03:33.040, FPS: 25.00","logger":"task.stdout"}
{"timestamp":"2025-10-07T06:07:31.597874Z","level":"info","event":"❌ 오류 발생: 첫 프레임 읽기 실패! 비디오 파일 손상 또는 코덱 문제를 확인하세요.","logger":"task.stdout"}
{"timestamp":"2025-10-07T06:07:31.597935Z","level":"info","event":"⚠️ 비디오 파일 닫기 중 문제가 발생했습니다.","logger":"task.stdout"}
{"timestamp":"2025-10-07T06:07:31.591397Z","level":"info","event":"Done. Returned value was: []","logger":"airflow.task.operators.airflow.providers.standard.operators.python.PythonOperator","filename":"python.py","lineno":218}
{"timestamp":"2025-10-07T06:07:31.591557Z","level":"info","event":"Pushing xcom","ti":"RuntimeTaskInstance(id=UUID('0199bd48-0b5d-7523-8991-9d4b7a5e6649'), task_id='detect_task', dag_id='video_scene_detection_pipeline', run_id='manual__2025-10-07T06:07:19.369593+00:00', try_number=1, dag_version_id=UUID('0199b83b-81cd-7cb3-914a-8cb23e980667'), map_index=-1, hostname='6246f7619a0e', context_carrier={}, task=<Task(PythonOperator): detect_task>, bundle_instance=LocalDagBundle(name=dags-folder), max_tries=1, start_date=datetime.datetime(2025, 10, 7, 6, 7, 31, 164722, tzinfo=datetime.timezone.utc), end_date=None, state=<TaskInstanceState.RUNNING: 'running'>, is_mapped=False, rendered_map_index=None)","logger":"task","filename":"task_runner.py","lineno":1352}
{"timestamp":"2025-10-07T06:07:31.605471Z","level":"error","event":"[av1 @ 0xaaaade542e60] Missing Sequence Header.","logger":"task.stderr"}
{"timestamp":"2025-10-07T06:07:31.605644Z","level":"error","event":"[av1 @ 0xaaaade542e60] Missing Sequence Header.","logger":"task.stderr"}
{"timestamp":"2025-10-07T06:07:31.605775Z","level":"error","event":"[av1 @ 0xaaaade542e60] Missing Sequence Header.","logger":"task.stderr"}
{"timestamp":"2025-10-07T06:07:31.605881Z","level":"error","event":"[av1 @ 0xaaaade542e60] Missing Sequence Header.","logger":"task.stderr"}
{"timestamp":"2025-10-07T06:07:31.605959Z","level":"error","event":"[av1 @ 0xaaaade542e60] Missing Sequence Header.","logger":"task.stderr"}
{"timestamp":"2025-10-07T06:07:31.606032Z","level":"error","event":"[av1 @ 0xaaaade542e60] Missing Sequence Header.","logger":"task.stderr"}
{"timestamp":"2025-10-07T06:07:31.606121Z","level":"error","event":"[av1 @ 0xaaaade542e60] Missing Sequence Header.","logger":"task.stderr"}
{"timestamp":"2025-10-07T06:07:31.606192Z","level":"error","event":"[av1 @ 0xaaaade542e60] Missing Sequence Header.","logger":"task.stderr"}
{"timestamp":"2025-10-07T06:07:31.606263Z","level":"error","event":"[av1 @ 0xaaaade542e60] Missing Sequence Header.","logger":"task.stderr"}
{"timestamp":"2025-10-07T06:07:31.606332Z","level":"error","event":"[av1 @ 0xaaaade542e60] Missing Sequence Header.","logger":"task.stderr"}
{"timestamp":"2025-10-07T06:07:31.606402Z","level":"error","event":"[av1 @ 0xaaaade542e60] Missing Sequence Header.","logger":"task.stderr"}
{"timestamp":"2025-10-07T06:07:31.606472Z","level":"error","event":"[av1 @ 0xaaaade542e60] Missing Sequence Header.","logger":"task.stderr"}
{"timestamp":"2025-10-07T06:07:31.606542Z","level":"error","event":"[av1 @ 0xaaaade542e60] Missing Sequence Header.","logger":"task.stderr"}
{"timestamp":"2025-10-07T06:07:31.606611Z","level":"error","event":"[av1 @ 0xaaaade542e60] Missing Sequence Header.","logger":"task.stderr"}
{"timestamp":"2025-10-07T06:07:31.606680Z","level":"error","event":"[av1 @ 0xaaaade542e60] Missing Sequence Header.","logger":"task.stderr"}
{"timestamp":"2025-10-07T06:07:31.606749Z","level":"error","event":"[av1 @ 0xaaaade542e60] Missing Sequence Header.","logger":"task.stderr"}
{"timestamp":"2025-10-07T06:07:31.606884Z","level":"error","event":"[av1 @ 0xaaaade542e60] Missing Sequence Header.","logger":"task.stderr"}
{"timestamp":"2025-10-07T06:07:31.606954Z","level":"error","event":"[av1 @ 0xaaaade542e60] Missing Sequence Header.","logger":"task.stderr"}
{"timestamp":"2025-10-07T06:07:31.607022Z","level":"error","event":"[av1 @ 0xaaaade542e60] Missing Sequence Header.","logger":"task.stderr"}
{"timestamp":"2025-10-07T06:07:31.607130Z","level":"error","event":"[av1 @ 0xaaaade542e60] Missing Sequence Header.","logger":"task.stderr"}
{"timestamp":"2025-10-07T06:07:31.607234Z","level":"error","event":"[av1 @ 0xaaaadecf5110] Your platform doesn't suppport hardware accelerated AV1 decoding.","logger":"task.stderr"}
{"timestamp":"2025-10-07T06:07:31.607308Z","level":"error","event":"[av1 @ 0xaaaadecf5110] Failed to get pixel format.","logger":"task.stderr"}
{"timestamp":"2025-10-07T06:07:31.607376Z","level":"error","event":"[av1 @ 0xaaaadecf5110] Your platform doesn't suppport hardware accelerated AV1 decoding.","logger":"task.stderr"}
{"timestamp":"2025-10-07T06:07:31.607440Z","level":"error","event":"[av1 @ 0xaaaadecf5110] Failed to get pixel format.","logger":"task.stderr"}
{"timestamp":"2025-10-07T06:07:31.607505Z","level":"error","event":"[av1 @ 0xaaaadecf5110] Missing Sequence Header.","logger":"task.stderr"}
{"timestamp":"2025-10-07T06:07:31.607567Z","level":"error","event":"[av1 @ 0xaaaadecf5110] Missing Sequence Header.","logger":"task.stderr"}
{"timestamp":"2025-10-07T06:07:31.607630Z","level":"error","event":"[av1 @ 0xaaaadecf5110] Missing Sequence Header.","logger":"task.stderr"}
{"timestamp":"2025-10-07T06:07:31.607695Z","level":"error","event":"[av1 @ 0xaaaadecf5110] Missing Sequence Header.","logger":"task.stderr"}
{"timestamp":"2025-10-07T06:07:31.607757Z","level":"error","event":"[av1 @ 0xaaaadecf5110] Missing Sequence Header.","logger":"task.stderr"}
{"timestamp":"2025-10-07T06:07:31.607821Z","level":"error","event":"[av1 @ 0xaaaadecf5110] Missing Sequence Header.","logger":"task.stderr"}
