{"timestamp":"2025-10-06T07:44:27.398028Z","level":"info","event":"DAG bundles loaded: dags-folder","logger":"airflow.dag_processing.bundles.manager.DagBundlesManager","filename":"manager.py","lineno":179}
{"timestamp":"2025-10-06T07:44:27.398314Z","level":"info","event":"Filling up the DagBag from /opt/airflow/dags/video_chapter_pipeline.py","logger":"airflow.models.dagbag.DagBag","filename":"dagbag.py","lineno":593}
{"timestamp":"2025-10-06T07:44:27.538644Z","level":"warning","event":"The `airflow.operators.python.PythonOperator` attribute is deprecated. Please use `'airflow.providers.standard.operators.python.PythonOperator'`.","category":"DeprecatedImportWarning","filename":"/opt/airflow/dags/video_chapter_pipeline.py","lineno":4,"logger":"py.warnings"}
{"timestamp":"2025-10-06T07:44:27.559272Z","level":"error","event":"[av1 @ 0xaaaafe5b0100] Your platform doesn't suppport hardware accelerated AV1 decoding.","logger":"task.stderr"}
{"timestamp":"2025-10-06T07:44:27.559425Z","level":"error","event":"[av1 @ 0xaaaafe5b0100] Failed to get pixel format.","logger":"task.stderr"}
{"timestamp":"2025-10-06T07:44:27.559501Z","level":"error","event":"[av1 @ 0xaaaafe5b0100] Your platform doesn't suppport hardware accelerated AV1 decoding.","logger":"task.stderr"}
{"timestamp":"2025-10-06T07:44:27.559571Z","level":"error","event":"[av1 @ 0xaaaafe5b0100] Failed to get pixel format.","logger":"task.stderr"}
{"timestamp":"2025-10-06T07:44:27.559642Z","level":"error","event":"[av1 @ 0xaaaafe5b0100] Missing Sequence Header.","logger":"task.stderr"}
{"timestamp":"2025-10-06T07:44:27.559711Z","level":"error","event":"[av1 @ 0xaaaafe5b0100] Missing Sequence Header.","logger":"task.stderr"}
{"timestamp":"2025-10-06T07:44:27.559785Z","level":"error","event":"[av1 @ 0xaaaafe5b0100] Missing Sequence Header.","logger":"task.stderr"}
{"timestamp":"2025-10-06T07:44:27.560105Z","level":"error","event":"[av1 @ 0xaaaafe5b0100] Missing Sequence Header.","logger":"task.stderr"}
{"timestamp":"2025-10-06T07:44:27.560176Z","level":"error","event":"[av1 @ 0xaaaafe5b0100] Missing Sequence Header.","logger":"task.stderr"}
{"timestamp":"2025-10-06T07:44:27.560242Z","level":"error","event":"[av1 @ 0xaaaafe5b0100] Missing Sequence Header.","logger":"task.stderr"}
{"timestamp":"2025-10-06T07:44:27.560312Z","level":"error","event":"[av1 @ 0xaaaafe5b0100] Missing Sequence Header.","logger":"task.stderr"}
{"timestamp":"2025-10-06T07:44:27.560386Z","level":"error","event":"[av1 @ 0xaaaafe5b0100] Missing Sequence Header.","logger":"task.stderr"}
{"timestamp":"2025-10-06T07:44:27.560452Z","level":"error","event":"[av1 @ 0xaaaafe5b0100] Missing Sequence Header.","logger":"task.stderr"}
{"timestamp":"2025-10-06T07:44:27.560520Z","level":"error","event":"[av1 @ 0xaaaafe5b0100] Missing Sequence Header.","logger":"task.stderr"}
{"timestamp":"2025-10-06T07:44:27.560586Z","level":"error","event":"[av1 @ 0xaaaafe5b0100] Missing Sequence Header.","logger":"task.stderr"}
{"timestamp":"2025-10-06T07:44:27.560654Z","level":"error","event":"[av1 @ 0xaaaafe5b0100] Missing Sequence Header.","logger":"task.stderr"}
{"timestamp":"2025-10-06T07:44:27.560930Z","level":"error","event":"[av1 @ 0xaaaafe5b0100] Missing Sequence Header.","logger":"task.stderr"}
{"timestamp":"2025-10-06T07:44:27.561017Z","level":"error","event":"[av1 @ 0xaaaafe5b0100] Missing Sequence Header.","logger":"task.stderr"}
{"timestamp":"2025-10-06T07:44:27.561083Z","level":"error","event":"[av1 @ 0xaaaafe5b0100] Your platform doesn't suppport hardware accelerated AV1 decoding.","logger":"task.stderr"}
{"timestamp":"2025-10-06T07:44:27.561147Z","level":"error","event":"[av1 @ 0xaaaafe5b0100] Failed to get pixel format.","logger":"task.stderr"}
{"timestamp":"2025-10-06T07:44:27.561211Z","level":"error","event":"[av1 @ 0xaaaafe5b0100] Missing Sequence Header.","logger":"task.stderr"}
{"timestamp":"2025-10-06T07:44:27.561276Z","level":"error","event":"[av1 @ 0xaaaafe5b0100] Missing Sequence Header.","logger":"task.stderr"}
{"timestamp":"2025-10-06T07:44:27.561340Z","level":"error","event":"[av1 @ 0xaaaafe5b0100] Missing Sequence Header.","logger":"task.stderr"}
{"timestamp":"2025-10-06T07:44:27.561465Z","level":"error","event":"[av1 @ 0xaaaafe5b0100] Missing Sequence Header.","logger":"task.stderr"}
{"timestamp":"2025-10-06T07:44:27.561941Z","level":"error","event":"[av1 @ 0xaaaafe5b0100] Missing Sequence Header.","logger":"task.stderr"}
{"timestamp":"2025-10-06T07:44:27.562020Z","level":"error","event":"[av1 @ 0xaaaafe5b0100] Missing Sequence Header.","logger":"task.stderr"}
{"timestamp":"2025-10-06T07:44:27.562071Z","level":"error","event":"[av1 @ 0xaaaafe5b0100] Missing Sequence Header.","logger":"task.stderr"}
{"timestamp":"2025-10-06T07:44:27.562138Z","level":"error","event":"[av1 @ 0xaaaafe5b0100] Missing Sequence Header.","logger":"task.stderr"}
{"timestamp":"2025-10-06T07:44:27.562211Z","level":"error","event":"[av1 @ 0xaaaafe5b0100] Missing Sequence Header.","logger":"task.stderr"}
{"timestamp":"2025-10-06T07:44:27.562267Z","level":"error","event":"[av1 @ 0xaaaafe5b0100] Missing Sequence Header.","logger":"task.stderr"}
{"timestamp":"2025-10-06T07:44:27.562317Z","level":"error","event":"[av1 @ 0xaaaafe5b0100] Missing Sequence Header.","logger":"task.stderr"}
{"timestamp":"2025-10-06T07:44:27.562382Z","level":"error","event":"[av1 @ 0xaaaafe5b0100] Missing Sequence Header.","logger":"task.stderr"}
{"timestamp":"2025-10-06T07:44:27.562439Z","level":"error","event":"[av1 @ 0xaaaafe5b0100] Missing Sequence Header.","logger":"task.stderr"}
{"timestamp":"2025-10-06T07:44:27.562499Z","level":"error","event":"[av1 @ 0xaaaafe5b0100] Missing Sequence Header.","logger":"task.stderr"}
{"timestamp":"2025-10-06T07:44:27.562556Z","level":"error","event":"[av1 @ 0xaaaafe5b0100] Missing Sequence Header.","logger":"task.stderr"}
{"timestamp":"2025-10-06T07:44:27.562654Z","level":"error","event":"[av1 @ 0xaaaafe5b0100] Missing Sequence Header.","logger":"task.stderr"}
{"timestamp":"2025-10-06T07:44:27.562704Z","level":"error","event":"[av1 @ 0xaaaafe5b0100] Missing Sequence Header.","logger":"task.stderr"}
{"timestamp":"2025-10-06T07:44:27.562752Z","level":"error","event":"[av1 @ 0xaaaafe5b0100] Missing Sequence Header.","logger":"task.stderr"}
{"timestamp":"2025-10-06T07:44:27.562800Z","level":"error","event":"[av1 @ 0xaaaafe5b0100] Missing Sequence Header.","logger":"task.stderr"}
{"timestamp":"2025-10-06T07:44:27.562848Z","level":"error","event":"[av1 @ 0xaaaafe5b0100] Missing Sequence Header.","logger":"task.stderr"}
{"timestamp":"2025-10-06T07:44:27.562905Z","level":"error","event":"[av1 @ 0xaaaafe5b0100] Missing Sequence Header.","logger":"task.stderr"}
{"timestamp":"2025-10-06T07:44:27.562960Z","level":"error","event":"[av1 @ 0xaaaafe5b0100] Missing Sequence Header.","logger":"task.stderr"}
{"timestamp":"2025-10-06T07:44:27.563008Z","level":"error","event":"[av1 @ 0xaaaafe5b0100] Missing Sequence Header.","logger":"task.stderr"}
{"timestamp":"2025-10-06T07:44:27.563054Z","level":"error","event":"[av1 @ 0xaaaafe5b0100] Missing Sequence Header.","logger":"task.stderr"}
{"timestamp":"2025-10-06T07:44:27.563103Z","level":"error","event":"[av1 @ 0xaaaafe5b0100] Missing Sequence Header.","logger":"task.stderr"}
{"timestamp":"2025-10-06T07:44:27.563178Z","level":"error","event":"[av1 @ 0xaaaafe5b0100] Missing Sequence Header.","logger":"task.stderr"}
{"timestamp":"2025-10-06T07:44:27.563255Z","level":"error","event":"[av1 @ 0xaaaafe5b0100] Missing Sequence Header.","logger":"task.stderr"}
{"timestamp":"2025-10-06T07:44:27.563312Z","level":"error","event":"[av1 @ 0xaaaafe5b0100] Missing Sequence Header.","logger":"task.stderr"}
{"timestamp":"2025-10-06T07:44:27.563364Z","level":"error","event":"[av1 @ 0xaaaafe5b0100] Missing Sequence Header.","logger":"task.stderr"}
{"timestamp":"2025-10-06T07:44:27.563426Z","level":"error","event":"[av1 @ 0xaaaafe5b0100] Missing Sequence Header.","logger":"task.stderr"}
{"timestamp":"2025-10-06T07:44:27.563482Z","level":"error","event":"[av1 @ 0xaaaafe5b0100] Missing Sequence Header.","logger":"task.stderr"}
{"timestamp":"2025-10-06T07:44:27.563535Z","level":"error","event":"[av1 @ 0xaaaafe5b0100] Missing Sequence Header.","logger":"task.stderr"}
{"timestamp":"2025-10-06T07:44:27.563626Z","level":"error","event":"[av1 @ 0xaaaafe5b0100] Your platform doesn't suppport hardware accelerated AV1 decoding.","logger":"task.stderr"}
{"timestamp":"2025-10-06T07:44:27.563682Z","level":"error","event":"[av1 @ 0xaaaafe5b0100] Failed to get pixel format.","logger":"task.stderr"}
{"timestamp":"2025-10-06T07:44:27.563730Z","level":"error","event":"[av1 @ 0xaaaafe5b0100] Missing Sequence Header.","logger":"task.stderr"}
{"timestamp":"2025-10-06T07:44:27.563776Z","level":"error","event":"[av1 @ 0xaaaafe5b0100] Missing Sequence Header.","logger":"task.stderr"}
{"timestamp":"2025-10-06T07:44:27.563824Z","level":"error","event":"[av1 @ 0xaaaafe5b0100] Missing Sequence Header.","logger":"task.stderr"}
{"timestamp":"2025-10-06T07:44:27.563884Z","level":"error","event":"[av1 @ 0xaaaafe5b0100] Missing Sequence Header.","logger":"task.stderr"}
{"timestamp":"2025-10-06T07:44:27.563937Z","level":"error","event":"[av1 @ 0xaaaafe5b0100] Missing Sequence Header.","logger":"task.stderr"}
{"timestamp":"2025-10-06T07:44:27.563984Z","level":"error","event":"[av1 @ 0xaaaafe5b0100] Missing Sequence Header.","logger":"task.stderr"}
{"timestamp":"2025-10-06T07:44:27.564031Z","level":"error","event":"[av1 @ 0xaaaafe5b0100] Missing Sequence Header.","logger":"task.stderr"}
{"timestamp":"2025-10-06T07:44:27.564082Z","level":"error","event":"[av1 @ 0xaaaafe5b0100] Missing Sequence Header.","logger":"task.stderr"}
{"timestamp":"2025-10-06T07:44:27.564137Z","level":"error","event":"[av1 @ 0xaaaafe5b0100] Missing Sequence Header.","logger":"task.stderr"}
{"timestamp":"2025-10-06T07:44:27.564191Z","level":"error","event":"[av1 @ 0xaaaafe5b0100] Missing Sequence Header.","logger":"task.stderr"}
{"timestamp":"2025-10-06T07:44:27.564236Z","level":"error","event":"[av1 @ 0xaaaafe5b0100] Your platform doesn't suppport hardware accelerated AV1 decoding.","logger":"task.stderr"}
{"timestamp":"2025-10-06T07:44:27.564295Z","level":"error","event":"[av1 @ 0xaaaafe5b0100] Failed to get pixel format.","logger":"task.stderr"}
{"timestamp":"2025-10-06T07:44:27.564347Z","level":"error","event":"[av1 @ 0xaaaafe5b0100] Missing Sequence Header.","logger":"task.stderr"}
{"timestamp":"2025-10-06T07:44:27.564398Z","level":"error","event":"[av1 @ 0xaaaafe5b0100] Missing Sequence Header.","logger":"task.stderr"}
{"timestamp":"2025-10-06T07:44:27.564445Z","level":"error","event":"[av1 @ 0xaaaafe5b0100] Missing Sequence Header.","logger":"task.stderr"}
{"timestamp":"2025-10-06T07:44:27.564492Z","level":"error","event":"[av1 @ 0xaaaafe5b0100] Missing Sequence Header.","logger":"task.stderr"}
{"timestamp":"2025-10-06T07:44:27.564552Z","level":"error","event":"[av1 @ 0xaaaafe5b0100] Missing Sequence Header.","logger":"task.stderr"}
{"timestamp":"2025-10-06T07:44:27.564610Z","level":"error","event":"[av1 @ 0xaaaafe5b0100] Missing Sequence Header.","logger":"task.stderr"}
{"timestamp":"2025-10-06T07:44:27.564659Z","level":"error","event":"[av1 @ 0xaaaafe5b0100] Missing Sequence Header.","logger":"task.stderr"}
{"timestamp":"2025-10-06T07:44:27.564707Z","level":"error","event":"[av1 @ 0xaaaafe5b0100] Missing Sequence Header.","logger":"task.stderr"}
{"timestamp":"2025-10-06T07:44:27.564754Z","level":"error","event":"[av1 @ 0xaaaafe5b0100] Missing Sequence Header.","logger":"task.stderr"}
{"timestamp":"2025-10-06T07:44:27.564801Z","level":"error","event":"[av1 @ 0xaaaafe5b0100] Missing Sequence Header.","logger":"task.stderr"}
{"timestamp":"2025-10-06T07:44:27.564848Z","level":"error","event":"[av1 @ 0xaaaafe5b0100] Missing Sequence Header.","logger":"task.stderr"}
{"timestamp":"2025-10-06T07:44:27.564894Z","level":"error","event":"[av1 @ 0xaaaafe5b0100] Missing Sequence Header.","logger":"task.stderr"}
{"timestamp":"2025-10-06T07:44:27.564941Z","level":"error","event":"[av1 @ 0xaaaafe5b0100] Missing Sequence Header.","logger":"task.stderr"}
{"timestamp":"2025-10-06T07:44:27.564988Z","level":"error","event":"[av1 @ 0xaaaafe5b0100] Missing Sequence Header.","logger":"task.stderr"}
{"timestamp":"2025-10-06T07:44:27.565034Z","level":"error","event":"[av1 @ 0xaaaafe5b0100] Missing Sequence Header.","logger":"task.stderr"}
{"timestamp":"2025-10-06T07:44:27.565108Z","level":"error","event":"[av1 @ 0xaaaafe5b0100] Missing Sequence Header.","logger":"task.stderr"}
{"timestamp":"2025-10-06T07:44:27.565157Z","level":"error","event":"[av1 @ 0xaaaafe5b0100] Missing Sequence Header.","logger":"task.stderr"}
{"timestamp":"2025-10-06T07:44:27.565205Z","level":"error","event":"[av1 @ 0xaaaafe5b0100] Missing Sequence Header.","logger":"task.stderr"}
{"timestamp":"2025-10-06T07:44:27.565260Z","level":"error","event":"[av1 @ 0xaaaafe5b0100] Missing Sequence Header.","logger":"task.stderr"}
{"timestamp":"2025-10-06T07:44:27.565313Z","level":"error","event":"[av1 @ 0xaaaafe5b0100] Missing Sequence Header.","logger":"task.stderr"}
{"timestamp":"2025-10-06T07:44:27.565359Z","level":"error","event":"[av1 @ 0xaaaafe5b0100] Missing Sequence Header.","logger":"task.stderr"}
{"timestamp":"2025-10-06T07:44:27.565424Z","level":"error","event":"[av1 @ 0xaaaafe5b0100] Missing Sequence Header.","logger":"task.stderr"}
{"timestamp":"2025-10-06T07:44:27.565477Z","level":"error","event":"[av1 @ 0xaaaafe5b0100] Missing Sequence Header.","logger":"task.stderr"}
{"timestamp":"2025-10-06T07:44:27.565523Z","level":"error","event":"[av1 @ 0xaaaafe5b0100] Missing Sequence Header.","logger":"task.stderr"}
{"timestamp":"2025-10-06T07:44:27.565578Z","level":"error","event":"[av1 @ 0xaaaafe5b0100] Missing Sequence Header.","logger":"task.stderr"}
{"timestamp":"2025-10-06T07:44:27.565631Z","level":"error","event":"[av1 @ 0xaaaafe5b0100] Missing Sequence Header.","logger":"task.stderr"}
{"timestamp":"2025-10-06T07:44:27.565677Z","level":"error","event":"[av1 @ 0xaaaafe5b0100] Missing Sequence Header.","logger":"task.stderr"}
{"timestamp":"2025-10-06T07:44:27.565732Z","level":"error","event":"[av1 @ 0xaaaafe5b0100] Missing Sequence Header.","logger":"task.stderr"}
{"timestamp":"2025-10-06T07:44:27.565784Z","level":"error","event":"[av1 @ 0xaaaafe5b0100] Missing Sequence Header.","logger":"task.stderr"}
{"timestamp":"2025-10-06T07:44:27.565829Z","level":"error","event":"[av1 @ 0xaaaafe5b0100] Missing Sequence Header.","logger":"task.stderr"}
{"timestamp":"2025-10-06T07:44:27.565874Z","level":"error","event":"[av1 @ 0xaaaafe5b0100] Missing Sequence Header.","logger":"task.stderr"}
{"timestamp":"2025-10-06T07:44:27.565920Z","level":"error","event":"[av1 @ 0xaaaafe5b0100] Missing Sequence Header.","logger":"task.stderr"}
{"timestamp":"2025-10-06T07:44:27.565966Z","level":"error","event":"[av1 @ 0xaaaafe5b0100] Missing Sequence Header.","logger":"task.stderr"}
{"timestamp":"2025-10-06T07:44:27.566011Z","level":"error","event":"[av1 @ 0xaaaafe5b0100] Missing Sequence Header.","logger":"task.stderr"}
{"timestamp":"2025-10-06T07:44:27.566055Z","level":"error","event":"[av1 @ 0xaaaafe5b0100] Missing Sequence Header.","logger":"task.stderr"}
{"timestamp":"2025-10-06T07:44:27.566100Z","level":"error","event":"[av1 @ 0xaaaafe5b0100] Missing Sequence Header.","logger":"task.stderr"}
{"timestamp":"2025-10-06T07:44:27.566144Z","level":"error","event":"[av1 @ 0xaaaafe5b0100] Missing Sequence Header.","logger":"task.stderr"}
{"timestamp":"2025-10-06T07:44:27.566189Z","level":"error","event":"[av1 @ 0xaaaafe5b0100] Missing Sequence Header.","logger":"task.stderr"}
{"timestamp":"2025-10-06T07:44:27.566234Z","level":"error","event":"[av1 @ 0xaaaafe5b0100] Missing Sequence Header.","logger":"task.stderr"}
{"timestamp":"2025-10-06T07:44:27.566278Z","level":"error","event":"[av1 @ 0xaaaafe5b0100] Missing Sequence Header.","logger":"task.stderr"}
{"timestamp":"2025-10-06T07:44:27.566322Z","level":"error","event":"[av1 @ 0xaaaafe5b0100] Missing Sequence Header.","logger":"task.stderr"}
{"timestamp":"2025-10-06T07:44:27.566367Z","level":"error","event":"[av1 @ 0xaaaafe5b0100] Missing Sequence Header.","logger":"task.stderr"}
{"timestamp":"2025-10-06T07:44:27.566421Z","level":"error","event":"[av1 @ 0xaaaafe5b0100] Missing Sequence Header.","logger":"task.stderr"}
{"timestamp":"2025-10-06T07:44:27.566466Z","level":"error","event":"[av1 @ 0xaaaafe5b0100] Missing Sequence Header.","logger":"task.stderr"}
{"timestamp":"2025-10-06T07:44:27.566543Z","level":"error","event":"[av1 @ 0xaaaafe5b0100] Missing Sequence Header.","logger":"task.stderr"}
{"timestamp":"2025-10-06T07:44:27.566587Z","level":"error","event":"[av1 @ 0xaaaafe5b0100] Missing Sequence Header.","logger":"task.stderr"}
{"timestamp":"2025-10-06T07:44:27.566640Z","level":"error","event":"[av1 @ 0xaaaafe5b0100] Missing Sequence Header.","logger":"task.stderr"}
{"timestamp":"2025-10-06T07:44:27.566694Z","level":"error","event":"[av1 @ 0xaaaafe5b0100] Missing Sequence Header.","logger":"task.stderr"}
{"timestamp":"2025-10-06T07:44:27.566739Z","level":"error","event":"[av1 @ 0xaaaafe5b0100] Missing Sequence Header.","logger":"task.stderr"}
{"timestamp":"2025-10-06T07:44:27.566794Z","level":"error","event":"[av1 @ 0xaaaafe5b0100] Missing Sequence Header.","logger":"task.stderr"}
{"timestamp":"2025-10-06T07:44:27.566845Z","level":"error","event":"[av1 @ 0xaaaafe5b0100] Missing Sequence Header.","logger":"task.stderr"}
{"timestamp":"2025-10-06T07:44:27.566900Z","level":"error","event":"[av1 @ 0xaaaafe5b0100] Missing Sequence Header.","logger":"task.stderr"}
{"timestamp":"2025-10-06T07:44:27.566978Z","level":"info","event":"현재 사용 중인 비디오 객체 타입: <class 'scenedetect.backends.opencv.VideoStreamCv2'>","logger":"task.stdout"}
{"timestamp":"2025-10-06T07:44:27.567035Z","level":"info","event":"---------- 비디오 파일 정보 확인 ----------","logger":"task.stdout"}
{"timestamp":"2025-10-06T07:44:27.567081Z","level":"info","event":"해상도: (854, 480), 총 길이: 00:03:33.040, FPS: 25.00","logger":"task.stdout"}
{"timestamp":"2025-10-06T07:44:27.567140Z","level":"info","event":"❌ 오류 발생: 첫 프레임 읽기 실패! 비디오 파일 손상 또는 코덱 문제를 확인하세요.","logger":"task.stdout"}
{"timestamp":"2025-10-06T07:44:27.567192Z","level":"info","event":"⚠️ 비디오 파일 닫기 중 문제가 발생했습니다.","logger":"task.stdout"}
{"timestamp":"2025-10-06T07:44:27.561606Z","level":"info","event":"Done. Returned value was: []","logger":"airflow.task.operators.airflow.providers.standard.operators.python.PythonOperator","filename":"python.py","lineno":218}
{"timestamp":"2025-10-06T07:44:27.561722Z","level":"info","event":"Pushing xcom","ti":"RuntimeTaskInstance(id=UUID('0199b875-e6c8-7745-beff-ee5be7364260'), task_id='detect_task', dag_id='video_scene_detection_pipeline', run_id='manual__2025-10-06T07:39:18.583250+00:00', try_number=1, dag_version_id=UUID('0199b83b-81cd-7cb3-914a-8cb23e980667'), map_index=-1, hostname='6bff5d116c26', context_carrier={}, task=<Task(PythonOperator): detect_task>, bundle_instance=LocalDagBundle(name=dags-folder), max_tries=1, start_date=datetime.datetime(2025, 10, 6, 7, 44, 27, 325650, tzinfo=datetime.timezone.utc), end_date=None, state=<TaskInstanceState.RUNNING: 'running'>, is_mapped=False, rendered_map_index=None)","logger":"task","filename":"task_runner.py","lineno":1352}
{"timestamp":"2025-10-06T07:44:27.572449Z","level":"error","event":"[av1 @ 0xaaaafe5b0100] Missing Sequence Header.","logger":"task.stderr"}
{"timestamp":"2025-10-06T07:44:27.572584Z","level":"error","event":"[av1 @ 0xaaaafe5b0100] Missing Sequence Header.","logger":"task.stderr"}
{"timestamp":"2025-10-06T07:44:27.572652Z","level":"error","event":"[av1 @ 0xaaaafe5b0100] Missing Sequence Header.","logger":"task.stderr"}
{"timestamp":"2025-10-06T07:44:27.572706Z","level":"error","event":"[av1 @ 0xaaaafe5b0100] Missing Sequence Header.","logger":"task.stderr"}
{"timestamp":"2025-10-06T07:44:27.572755Z","level":"error","event":"[av1 @ 0xaaaafe5b0100] Missing Sequence Header.","logger":"task.stderr"}
{"timestamp":"2025-10-06T07:44:27.572803Z","level":"error","event":"[av1 @ 0xaaaafe5b0100] Missing Sequence Header.","logger":"task.stderr"}
{"timestamp":"2025-10-06T07:44:27.572851Z","level":"error","event":"[av1 @ 0xaaaafe5b0100] Missing Sequence Header.","logger":"task.stderr"}
{"timestamp":"2025-10-06T07:44:27.572913Z","level":"error","event":"[av1 @ 0xaaaafe5b0100] Missing Sequence Header.","logger":"task.stderr"}
{"timestamp":"2025-10-06T07:44:27.573009Z","level":"error","event":"[av1 @ 0xaaaafe5b0100] Missing Sequence Header.","logger":"task.stderr"}
{"timestamp":"2025-10-06T07:44:27.573059Z","level":"error","event":"[av1 @ 0xaaaafe5b0100] Missing Sequence Header.","logger":"task.stderr"}
{"timestamp":"2025-10-06T07:44:27.573107Z","level":"error","event":"[av1 @ 0xaaaafe5b0100] Missing Sequence Header.","logger":"task.stderr"}
{"timestamp":"2025-10-06T07:44:27.573155Z","level":"error","event":"[av1 @ 0xaaaafe5b0100] Missing Sequence Header.","logger":"task.stderr"}
{"timestamp":"2025-10-06T07:44:27.573203Z","level":"error","event":"[av1 @ 0xaaaafdc32530] Your platform doesn't suppport hardware accelerated AV1 decoding.","logger":"task.stderr"}
{"timestamp":"2025-10-06T07:44:27.573256Z","level":"error","event":"[av1 @ 0xaaaafdc32530] Failed to get pixel format.","logger":"task.stderr"}
{"timestamp":"2025-10-06T07:44:27.573321Z","level":"error","event":"[av1 @ 0xaaaafdc32530] Your platform doesn't suppport hardware accelerated AV1 decoding.","logger":"task.stderr"}
{"timestamp":"2025-10-06T07:44:27.573388Z","level":"error","event":"[av1 @ 0xaaaafdc32530] Failed to get pixel format.","logger":"task.stderr"}
{"timestamp":"2025-10-06T07:44:27.573439Z","level":"error","event":"[av1 @ 0xaaaafdc32530] Missing Sequence Header.","logger":"task.stderr"}
{"timestamp":"2025-10-06T07:44:27.573497Z","level":"error","event":"[av1 @ 0xaaaafdc32530] Missing Sequence Header.","logger":"task.stderr"}
{"timestamp":"2025-10-06T07:44:27.573551Z","level":"error","event":"[av1 @ 0xaaaafdc32530] Missing Sequence Header.","logger":"task.stderr"}
{"timestamp":"2025-10-06T07:44:27.573609Z","level":"error","event":"[av1 @ 0xaaaafdc32530] Missing Sequence Header.","logger":"task.stderr"}
{"timestamp":"2025-10-06T07:44:27.573662Z","level":"error","event":"[av1 @ 0xaaaafdc32530] Missing Sequence Header.","logger":"task.stderr"}
{"timestamp":"2025-10-06T07:44:27.573703Z","level":"error","event":"[av1 @ 0xaaaafdc32530] Missing Sequence Header.","logger":"task.stderr"}
