{"timestamp":"2025-10-01T11:50:29.463480Z","level":"info","event":"DAG bundles loaded: dags-folder","logger":"airflow.dag_processing.bundles.manager.DagBundlesManager","filename":"manager.py","lineno":179}
{"timestamp":"2025-10-01T11:50:29.463820Z","level":"info","event":"Filling up the DagBag from /opt/airflow/dags/video_chapter_pipeline.py","logger":"airflow.models.dagbag.DagBag","filename":"dagbag.py","lineno":593}
{"timestamp":"2025-10-01T11:50:29.570206Z","level":"warning","event":"The `airflow.operators.python.PythonOperator` attribute is deprecated. Please use `'airflow.providers.standard.operators.python.PythonOperator'`.","category":"DeprecatedImportWarning","filename":"/opt/airflow/dags/video_chapter_pipeline.py","lineno":4,"logger":"py.warnings"}
{"timestamp":"2025-10-01T11:50:29.599950Z","level":"info","event":"현재 사용 중인 비디오 객체 타입: <class 'scenedetect.backends.opencv.VideoStreamCv2'>","logger":"task.stdout"}
{"timestamp":"2025-10-01T11:50:29.600156Z","level":"info","event":"---------- 비디오 파일 정보 확인 ----------","logger":"task.stdout"}
{"timestamp":"2025-10-01T11:50:29.600380Z","level":"info","event":"해상도: (854, 480), 총 길이: 00:03:33.080, FPS: 25.00","logger":"task.stdout"}
{"timestamp":"2025-10-01T11:50:29.606632Z","level":"info","event":"✅ 첫 프레임 읽기 성공! 비디오 파일은 정상입니다.","logger":"task.stdout"}
{"timestamp":"2025-10-01T11:50:29.606898Z","level":"info","event":"Detecting scenes...","logger":"pyscenedetect","filename":"scene_manager.py","lineno":1335}
{"timestamp":"2025-10-01T11:50:35.211869Z","level":"info","event":"  장면 1: 시작 00:00:00.000 / 종료 00:00:01.920","logger":"task.stdout"}
{"timestamp":"2025-10-01T11:50:35.212257Z","level":"info","event":"  장면 2: 시작 00:00:01.920 / 종료 00:00:07.360","logger":"task.stdout"}
{"timestamp":"2025-10-01T11:50:35.212349Z","level":"info","event":"  장면 3: 시작 00:00:07.360 / 종료 00:00:18.160","logger":"task.stdout"}
{"timestamp":"2025-10-01T11:50:35.212585Z","level":"info","event":"  장면 4: 시작 00:00:18.160 / 종료 00:00:22.840","logger":"task.stdout"}
{"timestamp":"2025-10-01T11:50:35.212699Z","level":"info","event":"  장면 5: 시작 00:00:22.840 / 종료 00:00:33.120","logger":"task.stdout"}
{"timestamp":"2025-10-01T11:50:35.212817Z","level":"info","event":"  장면 6: 시작 00:00:33.120 / 종료 00:00:37.640","logger":"task.stdout"}
{"timestamp":"2025-10-01T11:50:35.212892Z","level":"info","event":"  장면 7: 시작 00:00:37.640 / 종료 00:00:42.240","logger":"task.stdout"}
{"timestamp":"2025-10-01T11:50:35.213027Z","level":"info","event":"  장면 8: 시작 00:00:42.240 / 종료 00:00:43.600","logger":"task.stdout"}
{"timestamp":"2025-10-01T11:50:35.213160Z","level":"info","event":"  장면 9: 시작 00:00:43.600 / 종료 00:00:47.960","logger":"task.stdout"}
{"timestamp":"2025-10-01T11:50:35.213296Z","level":"info","event":"  장면 10: 시작 00:00:47.960 / 종료 00:00:51.080","logger":"task.stdout"}
{"timestamp":"2025-10-01T11:50:35.213355Z","level":"info","event":"  장면 11: 시작 00:00:51.080 / 종료 00:00:53.520","logger":"task.stdout"}
{"timestamp":"2025-10-01T11:50:35.213419Z","level":"info","event":"  장면 12: 시작 00:00:53.520 / 종료 00:00:55.480","logger":"task.stdout"}
{"timestamp":"2025-10-01T11:50:35.213507Z","level":"info","event":"  장면 13: 시작 00:00:55.480 / 종료 00:00:57.000","logger":"task.stdout"}
{"timestamp":"2025-10-01T11:50:35.213566Z","level":"info","event":"  장면 14: 시작 00:00:57.000 / 종료 00:01:14.480","logger":"task.stdout"}
{"timestamp":"2025-10-01T11:50:35.213652Z","level":"info","event":"  장면 15: 시작 00:01:14.480 / 종료 00:01:16.160","logger":"task.stdout"}
{"timestamp":"2025-10-01T11:50:35.213756Z","level":"info","event":"  장면 16: 시작 00:01:16.160 / 종료 00:01:17.160","logger":"task.stdout"}
{"timestamp":"2025-10-01T11:50:35.213819Z","level":"info","event":"  장면 17: 시작 00:01:17.160 / 종료 00:01:18.240","logger":"task.stdout"}
{"timestamp":"2025-10-01T11:50:35.213896Z","level":"info","event":"  장면 18: 시작 00:01:18.240 / 종료 00:01:19.640","logger":"task.stdout"}
{"timestamp":"2025-10-01T11:50:35.214029Z","level":"info","event":"  장면 19: 시작 00:01:19.640 / 종료 00:01:22.320","logger":"task.stdout"}
{"timestamp":"2025-10-01T11:50:35.214186Z","level":"info","event":"  장면 20: 시작 00:01:22.320 / 종료 00:01:29.360","logger":"task.stdout"}
{"timestamp":"2025-10-01T11:50:35.215058Z","level":"info","event":"  장면 21: 시작 00:01:29.360 / 종료 00:01:30.000","logger":"task.stdout"}
{"timestamp":"2025-10-01T11:50:35.215129Z","level":"info","event":"  장면 22: 시작 00:01:30.000 / 종료 00:01:31.400","logger":"task.stdout"}
{"timestamp":"2025-10-01T11:50:35.215186Z","level":"info","event":"  장면 23: 시작 00:01:31.400 / 종료 00:01:33.000","logger":"task.stdout"}
{"timestamp":"2025-10-01T11:50:35.215235Z","level":"info","event":"  장면 24: 시작 00:01:33.000 / 종료 00:01:35.640","logger":"task.stdout"}
{"timestamp":"2025-10-01T11:50:35.215284Z","level":"info","event":"  장면 25: 시작 00:01:35.640 / 종료 00:01:38.000","logger":"task.stdout"}
{"timestamp":"2025-10-01T11:50:35.215331Z","level":"info","event":"  장면 26: 시작 00:01:38.000 / 종료 00:01:41.320","logger":"task.stdout"}
{"timestamp":"2025-10-01T11:50:35.215378Z","level":"info","event":"  장면 27: 시작 00:01:41.320 / 종료 00:01:42.600","logger":"task.stdout"}
{"timestamp":"2025-10-01T11:50:35.215425Z","level":"info","event":"  장면 28: 시작 00:01:42.600 / 종료 00:01:44.160","logger":"task.stdout"}
{"timestamp":"2025-10-01T11:50:35.215471Z","level":"info","event":"  장면 29: 시작 00:01:44.160 / 종료 00:01:46.360","logger":"task.stdout"}
{"timestamp":"2025-10-01T11:50:35.215540Z","level":"info","event":"  장면 30: 시작 00:01:46.360 / 종료 00:01:50.680","logger":"task.stdout"}
{"timestamp":"2025-10-01T11:50:35.215622Z","level":"info","event":"  장면 31: 시작 00:01:50.680 / 종료 00:01:54.680","logger":"task.stdout"}
{"timestamp":"2025-10-01T11:50:35.215679Z","level":"info","event":"  장면 32: 시작 00:01:54.680 / 종료 00:02:03.000","logger":"task.stdout"}
{"timestamp":"2025-10-01T11:50:35.215732Z","level":"info","event":"  장면 33: 시작 00:02:03.000 / 종료 00:02:10.120","logger":"task.stdout"}
{"timestamp":"2025-10-01T11:50:35.215781Z","level":"info","event":"  장면 34: 시작 00:02:10.120 / 종료 00:02:14.200","logger":"task.stdout"}
{"timestamp":"2025-10-01T11:50:35.215832Z","level":"info","event":"  장면 35: 시작 00:02:14.200 / 종료 00:02:15.240","logger":"task.stdout"}
{"timestamp":"2025-10-01T11:50:35.215882Z","level":"info","event":"  장면 36: 시작 00:02:15.240 / 종료 00:02:18.080","logger":"task.stdout"}
{"timestamp":"2025-10-01T11:50:35.215932Z","level":"info","event":"  장면 37: 시작 00:02:18.080 / 종료 00:02:20.120","logger":"task.stdout"}
{"timestamp":"2025-10-01T11:50:35.215978Z","level":"info","event":"  장면 38: 시작 00:02:20.120 / 종료 00:02:21.080","logger":"task.stdout"}
{"timestamp":"2025-10-01T11:50:35.216057Z","level":"info","event":"  장면 39: 시작 00:02:21.080 / 종료 00:02:23.920","logger":"task.stdout"}
{"timestamp":"2025-10-01T11:50:35.216117Z","level":"info","event":"  장면 40: 시작 00:02:23.920 / 종료 00:02:24.720","logger":"task.stdout"}
{"timestamp":"2025-10-01T11:50:35.216166Z","level":"info","event":"  장면 41: 시작 00:02:24.720 / 종료 00:02:58.920","logger":"task.stdout"}
{"timestamp":"2025-10-01T11:50:35.216224Z","level":"info","event":"  장면 42: 시작 00:02:58.920 / 종료 00:03:00.560","logger":"task.stdout"}
{"timestamp":"2025-10-01T11:50:35.216286Z","level":"info","event":"  장면 43: 시작 00:03:00.560 / 종료 00:03:02.600","logger":"task.stdout"}
{"timestamp":"2025-10-01T11:50:35.216341Z","level":"info","event":"  장면 44: 시작 00:03:02.600 / 종료 00:03:03.880","logger":"task.stdout"}
{"timestamp":"2025-10-01T11:50:35.216390Z","level":"info","event":"  장면 45: 시작 00:03:03.880 / 종료 00:03:06.600","logger":"task.stdout"}
{"timestamp":"2025-10-01T11:50:35.216437Z","level":"info","event":"  장면 46: 시작 00:03:06.600 / 종료 00:03:10.680","logger":"task.stdout"}
{"timestamp":"2025-10-01T11:50:35.216515Z","level":"info","event":"  장면 47: 시작 00:03:10.680 / 종료 00:03:13.000","logger":"task.stdout"}
{"timestamp":"2025-10-01T11:50:35.216562Z","level":"info","event":"  장면 48: 시작 00:03:13.000 / 종료 00:03:15.160","logger":"task.stdout"}
{"timestamp":"2025-10-01T11:50:35.216608Z","level":"info","event":"  장면 49: 시작 00:03:15.160 / 종료 00:03:17.080","logger":"task.stdout"}
{"timestamp":"2025-10-01T11:50:35.216653Z","level":"info","event":"  장면 50: 시작 00:03:17.080 / 종료 00:03:19.200","logger":"task.stdout"}
{"timestamp":"2025-10-01T11:50:35.216699Z","level":"info","event":"  장면 51: 시작 00:03:19.200 / 종료 00:03:20.760","logger":"task.stdout"}
{"timestamp":"2025-10-01T11:50:35.216746Z","level":"info","event":"  장면 52: 시작 00:03:20.760 / 종료 00:03:23.120","logger":"task.stdout"}
{"timestamp":"2025-10-01T11:50:35.216790Z","level":"info","event":"  장면 53: 시작 00:03:23.120 / 종료 00:03:33.000","logger":"task.stdout"}
{"timestamp":"2025-10-01T11:50:35.216875Z","level":"info","event":"파일 저장이 완료되었습니다.","logger":"task.stdout"}
{"timestamp":"2025-10-01T11:50:35.216922Z","level":"info","event":"⚠️ 비디오 파일 닫기 중 문제가 발생했습니다.","logger":"task.stdout"}
{"timestamp":"2025-10-01T11:50:35.214767Z","level":"info","event":"Done. Returned value was: None","logger":"airflow.task.operators.airflow.providers.standard.operators.python.PythonOperator","filename":"python.py","lineno":218}
