{"timestamp":"2025-10-01T11:28:26.315722Z","level":"info","event":"DAG bundles loaded: dags-folder","logger":"airflow.dag_processing.bundles.manager.DagBundlesManager","filename":"manager.py","lineno":179}
{"timestamp":"2025-10-01T11:28:26.316034Z","level":"info","event":"Filling up the DagBag from /opt/airflow/dags/video_chapter_pipeline.py","logger":"airflow.models.dagbag.DagBag","filename":"dagbag.py","lineno":593}
{"timestamp":"2025-10-01T11:28:26.416323Z","level":"warning","event":"The `airflow.operators.python.PythonOperator` attribute is deprecated. Please use `'airflow.providers.standard.operators.python.PythonOperator'`.","category":"DeprecatedImportWarning","filename":"/opt/airflow/dags/video_chapter_pipeline.py","lineno":4,"logger":"py.warnings"}
{"timestamp":"2025-10-01T11:28:26.432892Z","level":"info","event":"/opt/airflow/data/video/dQw4w9WgXcQ.mp4","logger":"task.stdout"}
{"timestamp":"2025-10-01T11:28:26.442950Z","level":"info","event":"현재 사용 중인 비디오 객체 타입: <class 'scenedetect.backends.opencv.VideoStreamCv2'>","logger":"task.stdout"}
{"timestamp":"2025-10-01T11:28:26.443149Z","level":"info","event":"---------- 비디오 파일 정보 확인 ----------","logger":"task.stdout"}
{"timestamp":"2025-10-01T11:28:26.443240Z","level":"info","event":"해상도: (854, 480), 총 길이: 00:03:33.080, FPS: 25.00","logger":"task.stdout"}
{"timestamp":"2025-10-01T11:28:26.449975Z","level":"info","event":"✅ 첫 프레임 읽기 성공! 비디오 파일은 정상입니다.","logger":"task.stdout"}
{"timestamp":"2025-10-01T11:28:26.450314Z","level":"info","event":"Detecting scenes...","logger":"pyscenedetect","filename":"scene_manager.py","lineno":1335}
{"timestamp":"2025-10-01T11:28:32.338888Z","level":"info","event":"  장면 1: 시작 00:00:00.000 / 종료 00:00:00.600","logger":"task.stdout"}
{"timestamp":"2025-10-01T11:28:32.339974Z","level":"info","event":"  장면 2: 시작 00:00:00.600 / 종료 00:00:02.360","logger":"task.stdout"}
{"timestamp":"2025-10-01T11:28:32.340067Z","level":"info","event":"  장면 3: 시작 00:00:02.360 / 종료 00:00:04.040","logger":"task.stdout"}
{"timestamp":"2025-10-01T11:28:32.340125Z","level":"info","event":"  장면 4: 시작 00:00:04.040 / 종료 00:00:05.200","logger":"task.stdout"}
{"timestamp":"2025-10-01T11:28:32.340179Z","level":"info","event":"  장면 5: 시작 00:00:05.200 / 종료 00:00:07.360","logger":"task.stdout"}
{"timestamp":"2025-10-01T11:28:32.340231Z","level":"info","event":"  장면 6: 시작 00:00:07.360 / 종료 00:00:08.680","logger":"task.stdout"}
{"timestamp":"2025-10-01T11:28:32.340281Z","level":"info","event":"  장면 7: 시작 00:00:08.680 / 종료 00:00:09.360","logger":"task.stdout"}
{"timestamp":"2025-10-01T11:28:32.340332Z","level":"info","event":"  장면 8: 시작 00:00:09.360 / 종료 00:00:11.200","logger":"task.stdout"}
{"timestamp":"2025-10-01T11:28:32.340426Z","level":"info","event":"  장면 9: 시작 00:00:11.200 / 종료 00:00:11.960","logger":"task.stdout"}
{"timestamp":"2025-10-01T11:28:32.340522Z","level":"info","event":"  장면 10: 시작 00:00:11.960 / 종료 00:00:14.760","logger":"task.stdout"}
{"timestamp":"2025-10-01T11:28:32.340580Z","level":"info","event":"  장면 11: 시작 00:00:14.760 / 종료 00:00:17.320","logger":"task.stdout"}
{"timestamp":"2025-10-01T11:28:32.340673Z","level":"info","event":"  장면 12: 시작 00:00:17.320 / 종료 00:00:18.160","logger":"task.stdout"}
{"timestamp":"2025-10-01T11:28:32.340767Z","level":"info","event":"  장면 13: 시작 00:00:18.160 / 종료 00:00:22.840","logger":"task.stdout"}
{"timestamp":"2025-10-01T11:28:32.340871Z","level":"info","event":"  장면 14: 시작 00:00:22.840 / 종료 00:00:24.440","logger":"task.stdout"}
{"timestamp":"2025-10-01T11:28:32.340927Z","level":"info","event":"  장면 15: 시작 00:00:24.440 / 종료 00:00:26.520","logger":"task.stdout"}
{"timestamp":"2025-10-01T11:28:32.340976Z","level":"info","event":"  장면 16: 시작 00:00:26.520 / 종료 00:00:27.720","logger":"task.stdout"}
{"timestamp":"2025-10-01T11:28:32.341024Z","level":"info","event":"  장면 17: 시작 00:00:27.720 / 종료 00:00:28.880","logger":"task.stdout"}
{"timestamp":"2025-10-01T11:28:32.341094Z","level":"info","event":"  장면 18: 시작 00:00:28.880 / 종료 00:00:30.360","logger":"task.stdout"}
{"timestamp":"2025-10-01T11:28:32.341141Z","level":"info","event":"  장면 19: 시작 00:00:30.360 / 종료 00:00:31.000","logger":"task.stdout"}
{"timestamp":"2025-10-01T11:28:32.341188Z","level":"info","event":"  장면 20: 시작 00:00:31.000 / 종료 00:00:33.120","logger":"task.stdout"}
{"timestamp":"2025-10-01T11:28:32.341249Z","level":"info","event":"  장면 21: 시작 00:00:33.120 / 종료 00:00:34.520","logger":"task.stdout"}
{"timestamp":"2025-10-01T11:28:32.341310Z","level":"info","event":"  장면 22: 시작 00:00:34.520 / 종료 00:00:36.240","logger":"task.stdout"}
{"timestamp":"2025-10-01T11:28:32.341397Z","level":"info","event":"  장면 23: 시작 00:00:36.240 / 종료 00:00:37.640","logger":"task.stdout"}
{"timestamp":"2025-10-01T11:28:32.341447Z","level":"info","event":"  장면 24: 시작 00:00:37.640 / 종료 00:00:38.360","logger":"task.stdout"}
{"timestamp":"2025-10-01T11:28:32.341497Z","level":"info","event":"  장면 25: 시작 00:00:38.360 / 종료 00:00:39.520","logger":"task.stdout"}
{"timestamp":"2025-10-01T11:28:32.341544Z","level":"info","event":"  장면 26: 시작 00:00:39.520 / 종료 00:00:40.440","logger":"task.stdout"}
{"timestamp":"2025-10-01T11:28:32.341621Z","level":"info","event":"  장면 27: 시작 00:00:40.440 / 종료 00:00:42.240","logger":"task.stdout"}
{"timestamp":"2025-10-01T11:28:32.341713Z","level":"info","event":"  장면 28: 시작 00:00:42.240 / 종료 00:00:43.600","logger":"task.stdout"}
{"timestamp":"2025-10-01T11:28:32.341767Z","level":"info","event":"  장면 29: 시작 00:00:43.600 / 종료 00:00:44.240","logger":"task.stdout"}
{"timestamp":"2025-10-01T11:28:32.341817Z","level":"info","event":"  장면 30: 시작 00:00:44.240 / 종료 00:00:47.040","logger":"task.stdout"}
{"timestamp":"2025-10-01T11:28:32.341875Z","level":"info","event":"  장면 31: 시작 00:00:47.040 / 종료 00:00:47.960","logger":"task.stdout"}
{"timestamp":"2025-10-01T11:28:32.341927Z","level":"info","event":"  장면 32: 시작 00:00:47.960 / 종료 00:00:51.080","logger":"task.stdout"}
{"timestamp":"2025-10-01T11:28:32.341975Z","level":"info","event":"  장면 33: 시작 00:00:51.080 / 종료 00:00:53.520","logger":"task.stdout"}
{"timestamp":"2025-10-01T11:28:32.342033Z","level":"info","event":"  장면 34: 시작 00:00:53.520 / 종료 00:00:55.480","logger":"task.stdout"}
{"timestamp":"2025-10-01T11:28:32.342086Z","level":"info","event":"  장면 35: 시작 00:00:55.480 / 종료 00:00:57.000","logger":"task.stdout"}
{"timestamp":"2025-10-01T11:28:32.342134Z","level":"info","event":"  장면 36: 시작 00:00:57.000 / 종료 00:00:59.320","logger":"task.stdout"}
{"timestamp":"2025-10-01T11:28:32.342190Z","level":"info","event":"  장면 37: 시작 00:00:59.320 / 종료 00:01:00.680","logger":"task.stdout"}
{"timestamp":"2025-10-01T11:28:32.342255Z","level":"info","event":"  장면 38: 시작 00:01:00.680 / 종료 00:01:02.080","logger":"task.stdout"}
{"timestamp":"2025-10-01T11:28:32.342309Z","level":"info","event":"  장면 39: 시작 00:01:02.080 / 종료 00:01:04.240","logger":"task.stdout"}
{"timestamp":"2025-10-01T11:28:32.342365Z","level":"info","event":"  장면 40: 시작 00:01:04.240 / 종료 00:01:06.720","logger":"task.stdout"}
{"timestamp":"2025-10-01T11:28:32.342411Z","level":"info","event":"  장면 41: 시작 00:01:06.720 / 종료 00:01:07.960","logger":"task.stdout"}
{"timestamp":"2025-10-01T11:28:32.342460Z","level":"info","event":"  장면 42: 시작 00:01:07.960 / 종료 00:01:09.040","logger":"task.stdout"}
{"timestamp":"2025-10-01T11:28:32.342505Z","level":"info","event":"  장면 43: 시작 00:01:09.040 / 종료 00:01:12.520","logger":"task.stdout"}
{"timestamp":"2025-10-01T11:28:32.342550Z","level":"info","event":"  장면 44: 시작 00:01:12.520 / 종료 00:01:14.480","logger":"task.stdout"}
{"timestamp":"2025-10-01T11:28:32.342603Z","level":"info","event":"  장면 45: 시작 00:01:14.480 / 종료 00:01:16.160","logger":"task.stdout"}
{"timestamp":"2025-10-01T11:28:32.342697Z","level":"info","event":"  장면 46: 시작 00:01:16.160 / 종료 00:01:17.160","logger":"task.stdout"}
{"timestamp":"2025-10-01T11:28:32.342756Z","level":"info","event":"  장면 47: 시작 00:01:17.160 / 종료 00:01:18.240","logger":"task.stdout"}
{"timestamp":"2025-10-01T11:28:32.342853Z","level":"info","event":"  장면 48: 시작 00:01:18.240 / 종료 00:01:19.640","logger":"task.stdout"}
{"timestamp":"2025-10-01T11:28:32.342908Z","level":"info","event":"  장면 49: 시작 00:01:19.640 / 종료 00:01:22.320","logger":"task.stdout"}
{"timestamp":"2025-10-01T11:28:32.342981Z","level":"info","event":"  장면 50: 시작 00:01:22.320 / 종료 00:01:24.480","logger":"task.stdout"}
{"timestamp":"2025-10-01T11:28:32.343137Z","level":"info","event":"  장면 51: 시작 00:01:24.480 / 종료 00:01:26.080","logger":"task.stdout"}
{"timestamp":"2025-10-01T11:28:32.343210Z","level":"info","event":"  장면 52: 시작 00:01:26.080 / 종료 00:01:27.280","logger":"task.stdout"}
{"timestamp":"2025-10-01T11:28:32.343268Z","level":"info","event":"  장면 53: 시작 00:01:27.280 / 종료 00:01:28.000","logger":"task.stdout"}
{"timestamp":"2025-10-01T11:28:32.343324Z","level":"info","event":"  장면 54: 시작 00:01:28.000 / 종료 00:01:29.360","logger":"task.stdout"}
{"timestamp":"2025-10-01T11:28:32.343410Z","level":"info","event":"  장면 55: 시작 00:01:29.360 / 종료 00:01:30.000","logger":"task.stdout"}
{"timestamp":"2025-10-01T11:28:32.343501Z","level":"info","event":"  장면 56: 시작 00:01:30.000 / 종료 00:01:31.400","logger":"task.stdout"}
{"timestamp":"2025-10-01T11:28:32.343553Z","level":"info","event":"  장면 57: 시작 00:01:31.400 / 종료 00:01:33.000","logger":"task.stdout"}
{"timestamp":"2025-10-01T11:28:32.343616Z","level":"info","event":"  장면 58: 시작 00:01:33.000 / 종료 00:01:33.880","logger":"task.stdout"}
{"timestamp":"2025-10-01T11:28:32.343670Z","level":"info","event":"  장면 59: 시작 00:01:33.880 / 종료 00:01:35.640","logger":"task.stdout"}
{"timestamp":"2025-10-01T11:28:32.343740Z","level":"info","event":"  장면 60: 시작 00:01:35.640 / 종료 00:01:36.480","logger":"task.stdout"}
{"timestamp":"2025-10-01T11:28:32.343801Z","level":"info","event":"  장면 61: 시작 00:01:36.480 / 종료 00:01:38.000","logger":"task.stdout"}
{"timestamp":"2025-10-01T11:28:32.343851Z","level":"info","event":"  장면 62: 시작 00:01:38.000 / 종료 00:01:40.000","logger":"task.stdout"}
{"timestamp":"2025-10-01T11:28:32.343909Z","level":"info","event":"  장면 63: 시작 00:01:40.000 / 종료 00:01:41.320","logger":"task.stdout"}
{"timestamp":"2025-10-01T11:28:32.343963Z","level":"info","event":"  장면 64: 시작 00:01:41.320 / 종료 00:01:42.600","logger":"task.stdout"}
{"timestamp":"2025-10-01T11:28:32.344008Z","level":"info","event":"  장면 65: 시작 00:01:42.600 / 종료 00:01:44.160","logger":"task.stdout"}
{"timestamp":"2025-10-01T11:28:32.344053Z","level":"info","event":"  장면 66: 시작 00:01:44.160 / 종료 00:01:46.360","logger":"task.stdout"}
{"timestamp":"2025-10-01T11:28:32.344099Z","level":"info","event":"  장면 67: 시작 00:01:46.360 / 종료 00:01:47.320","logger":"task.stdout"}
{"timestamp":"2025-10-01T11:28:32.344144Z","level":"info","event":"  장면 68: 시작 00:01:47.320 / 종료 00:01:50.040","logger":"task.stdout"}
{"timestamp":"2025-10-01T11:28:32.344189Z","level":"info","event":"  장면 69: 시작 00:01:50.040 / 종료 00:01:50.680","logger":"task.stdout"}
{"timestamp":"2025-10-01T11:28:32.344234Z","level":"info","event":"  장면 70: 시작 00:01:50.680 / 종료 00:01:52.680","logger":"task.stdout"}
{"timestamp":"2025-10-01T11:28:32.344279Z","level":"info","event":"  장면 71: 시작 00:01:52.680 / 종료 00:01:54.680","logger":"task.stdout"}
{"timestamp":"2025-10-01T11:28:32.344324Z","level":"info","event":"  장면 72: 시작 00:01:54.680 / 종료 00:01:56.560","logger":"task.stdout"}
{"timestamp":"2025-10-01T11:28:32.344369Z","level":"info","event":"  장면 73: 시작 00:01:56.560 / 종료 00:01:58.120","logger":"task.stdout"}
{"timestamp":"2025-10-01T11:28:32.344452Z","level":"info","event":"  장면 74: 시작 00:01:58.120 / 종료 00:01:58.760","logger":"task.stdout"}
{"timestamp":"2025-10-01T11:28:32.344496Z","level":"info","event":"  장면 75: 시작 00:01:58.760 / 종료 00:01:59.760","logger":"task.stdout"}
{"timestamp":"2025-10-01T11:28:32.344553Z","level":"info","event":"  장면 76: 시작 00:01:59.760 / 종료 00:02:00.640","logger":"task.stdout"}
{"timestamp":"2025-10-01T11:28:32.344634Z","level":"info","event":"  장면 77: 시작 00:02:00.640 / 종료 00:02:03.000","logger":"task.stdout"}
{"timestamp":"2025-10-01T11:28:32.344691Z","level":"info","event":"  장면 78: 시작 00:02:03.000 / 종료 00:02:05.840","logger":"task.stdout"}
{"timestamp":"2025-10-01T11:28:32.344741Z","level":"info","event":"  장면 79: 시작 00:02:05.840 / 종료 00:02:06.720","logger":"task.stdout"}
{"timestamp":"2025-10-01T11:28:32.344789Z","level":"info","event":"  장면 80: 시작 00:02:06.720 / 종료 00:02:08.360","logger":"task.stdout"}
{"timestamp":"2025-10-01T11:28:32.344836Z","level":"info","event":"  장면 81: 시작 00:02:08.360 / 종료 00:02:10.120","logger":"task.stdout"}
{"timestamp":"2025-10-01T11:28:32.344884Z","level":"info","event":"  장면 82: 시작 00:02:10.120 / 종료 00:02:12.280","logger":"task.stdout"}
{"timestamp":"2025-10-01T11:28:32.344931Z","level":"info","event":"  장면 83: 시작 00:02:12.280 / 종료 00:02:14.200","logger":"task.stdout"}
{"timestamp":"2025-10-01T11:28:32.344977Z","level":"info","event":"  장면 84: 시작 00:02:14.200 / 종료 00:02:15.240","logger":"task.stdout"}
{"timestamp":"2025-10-01T11:28:32.345034Z","level":"info","event":"  장면 85: 시작 00:02:15.240 / 종료 00:02:18.080","logger":"task.stdout"}
{"timestamp":"2025-10-01T11:28:32.345088Z","level":"info","event":"  장면 86: 시작 00:02:18.080 / 종료 00:02:20.120","logger":"task.stdout"}
{"timestamp":"2025-10-01T11:28:32.345135Z","level":"info","event":"  장면 87: 시작 00:02:20.120 / 종료 00:02:21.080","logger":"task.stdout"}
{"timestamp":"2025-10-01T11:28:32.345190Z","level":"info","event":"  장면 88: 시작 00:02:21.080 / 종료 00:02:23.920","logger":"task.stdout"}
{"timestamp":"2025-10-01T11:28:32.345243Z","level":"info","event":"  장면 89: 시작 00:02:23.920 / 종료 00:02:24.720","logger":"task.stdout"}
{"timestamp":"2025-10-01T11:28:32.345299Z","level":"info","event":"  장면 90: 시작 00:02:24.720 / 종료 00:02:25.480","logger":"task.stdout"}
{"timestamp":"2025-10-01T11:28:32.345351Z","level":"info","event":"  장면 91: 시작 00:02:25.480 / 종료 00:02:27.040","logger":"task.stdout"}
{"timestamp":"2025-10-01T11:28:32.345398Z","level":"info","event":"  장면 92: 시작 00:02:27.040 / 종료 00:02:30.600","logger":"task.stdout"}
{"timestamp":"2025-10-01T11:28:32.345457Z","level":"info","event":"  장면 93: 시작 00:02:30.600 / 종료 00:02:33.160","logger":"task.stdout"}
{"timestamp":"2025-10-01T11:28:32.345508Z","level":"info","event":"  장면 94: 시작 00:02:33.160 / 종료 00:02:34.480","logger":"task.stdout"}
{"timestamp":"2025-10-01T11:28:32.345562Z","level":"info","event":"  장면 95: 시작 00:02:34.480 / 종료 00:02:39.520","logger":"task.stdout"}
{"timestamp":"2025-10-01T11:28:32.345614Z","level":"info","event":"  장면 96: 시작 00:02:39.520 / 종료 00:02:45.640","logger":"task.stdout"}
{"timestamp":"2025-10-01T11:28:32.345660Z","level":"info","event":"  장면 97: 시작 00:02:45.640 / 종료 00:02:49.080","logger":"task.stdout"}
{"timestamp":"2025-10-01T11:28:32.345716Z","level":"info","event":"  장면 98: 시작 00:02:49.080 / 종료 00:02:51.600","logger":"task.stdout"}
{"timestamp":"2025-10-01T11:28:32.345767Z","level":"info","event":"  장면 99: 시작 00:02:51.600 / 종료 00:02:52.360","logger":"task.stdout"}
{"timestamp":"2025-10-01T11:28:32.345824Z","level":"info","event":"  장면 100: 시작 00:02:52.360 / 종료 00:02:53.440","logger":"task.stdout"}
{"timestamp":"2025-10-01T11:28:32.345910Z","level":"info","event":"  장면 101: 시작 00:02:53.440 / 종료 00:02:54.600","logger":"task.stdout"}
{"timestamp":"2025-10-01T11:28:32.345956Z","level":"info","event":"  장면 102: 시작 00:02:54.600 / 종료 00:02:56.440","logger":"task.stdout"}
{"timestamp":"2025-10-01T11:28:32.346001Z","level":"info","event":"  장면 103: 시작 00:02:56.440 / 종료 00:02:57.600","logger":"task.stdout"}
{"timestamp":"2025-10-01T11:28:32.346047Z","level":"info","event":"  장면 104: 시작 00:02:57.600 / 종료 00:02:58.400","logger":"task.stdout"}
{"timestamp":"2025-10-01T11:28:32.346092Z","level":"info","event":"  장면 105: 시작 00:02:58.400 / 종료 00:03:00.560","logger":"task.stdout"}
{"timestamp":"2025-10-01T11:28:32.346139Z","level":"info","event":"  장면 106: 시작 00:03:00.560 / 종료 00:03:02.600","logger":"task.stdout"}
{"timestamp":"2025-10-01T11:28:32.346184Z","level":"info","event":"  장면 107: 시작 00:03:02.600 / 종료 00:03:03.880","logger":"task.stdout"}
{"timestamp":"2025-10-01T11:28:32.346230Z","level":"info","event":"  장면 108: 시작 00:03:03.880 / 종료 00:03:06.600","logger":"task.stdout"}
{"timestamp":"2025-10-01T11:28:32.346275Z","level":"info","event":"  장면 109: 시작 00:03:06.600 / 종료 00:03:08.720","logger":"task.stdout"}
{"timestamp":"2025-10-01T11:28:32.346321Z","level":"info","event":"  장면 110: 시작 00:03:08.720 / 종료 00:03:09.480","logger":"task.stdout"}
{"timestamp":"2025-10-01T11:28:32.346366Z","level":"info","event":"  장면 111: 시작 00:03:09.480 / 종료 00:03:10.680","logger":"task.stdout"}
{"timestamp":"2025-10-01T11:28:32.346410Z","level":"info","event":"  장면 112: 시작 00:03:10.680 / 종료 00:03:13.000","logger":"task.stdout"}
{"timestamp":"2025-10-01T11:28:32.346455Z","level":"info","event":"  장면 113: 시작 00:03:13.000 / 종료 00:03:15.160","logger":"task.stdout"}
{"timestamp":"2025-10-01T11:28:32.346499Z","level":"info","event":"  장면 114: 시작 00:03:15.160 / 종료 00:03:17.080","logger":"task.stdout"}
{"timestamp":"2025-10-01T11:28:32.346544Z","level":"info","event":"  장면 115: 시작 00:03:17.080 / 종료 00:03:19.200","logger":"task.stdout"}
{"timestamp":"2025-10-01T11:28:32.346590Z","level":"info","event":"  장면 116: 시작 00:03:19.200 / 종료 00:03:20.760","logger":"task.stdout"}
{"timestamp":"2025-10-01T11:28:32.346646Z","level":"info","event":"  장면 117: 시작 00:03:20.760 / 종료 00:03:23.120","logger":"task.stdout"}
{"timestamp":"2025-10-01T11:28:32.346691Z","level":"info","event":"  장면 118: 시작 00:03:23.120 / 종료 00:03:31.560","logger":"task.stdout"}
{"timestamp":"2025-10-01T11:28:32.346746Z","level":"info","event":"  장면 119: 시작 00:03:31.560 / 종료 00:03:33.000","logger":"task.stdout"}
{"timestamp":"2025-10-01T11:28:32.346792Z","level":"info","event":"⚠️ 비디오 파일 닫기 중 문제가 발생했습니다.","logger":"task.stdout"}
{"timestamp":"2025-10-01T11:28:32.339683Z","level":"error","event":"Task failed with exception","logger":"task","filename":"task_runner.py","lineno":994,"error_detail":[{"exc_type":"TypeError","exc_value":"find_scenes() missing 1 required positional argument: 'video_path'","exc_notes":[],"syntax_error":null,"is_cause":false,"frames":[{"filename":"/home/airflow/.local/lib/python3.12/site-packages/airflow/sdk/execution_time/task_runner.py","lineno":920,"name":"run"},{"filename":"/home/airflow/.local/lib/python3.12/site-packages/airflow/sdk/execution_time/task_runner.py","lineno":1307,"name":"_execute_task"},{"filename":"/home/airflow/.local/lib/python3.12/site-packages/airflow/sdk/bases/operator.py","lineno":416,"name":"wrapper"},{"filename":"/home/airflow/.local/lib/python3.12/site-packages/airflow/providers/standard/operators/python.py","lineno":216,"name":"execute"},{"filename":"/home/airflow/.local/lib/python3.12/site-packages/airflow/providers/standard/operators/python.py","lineno":239,"name":"execute_callable"},{"filename":"/home/airflow/.local/lib/python3.12/site-packages/airflow/sdk/execution_time/callback_runner.py","lineno":82,"name":"run"},{"filename":"/opt/airflow/modules/sceneDetecter.py","lineno":73,"name":"find_scenes"}],"is_group":false,"exceptions":[]}]}
