{"timestamp":"2025-10-06T07:26:22.175116Z","level":"info","event":"DAG bundles loaded: dags-folder","logger":"airflow.dag_processing.bundles.manager.DagBundlesManager","filename":"manager.py","lineno":179}
{"timestamp":"2025-10-06T07:26:22.175391Z","level":"info","event":"Filling up the DagBag from /opt/airflow/dags/video_chapter_pipeline.py","logger":"airflow.models.dagbag.DagBag","filename":"dagbag.py","lineno":593}
{"timestamp":"2025-10-06T07:26:22.345986Z","level":"warning","event":"The `airflow.operators.python.PythonOperator` attribute is deprecated. Please use `'airflow.providers.standard.operators.python.PythonOperator'`.","category":"DeprecatedImportWarning","filename":"/opt/airflow/dags/video_chapter_pipeline.py","lineno":4,"logger":"py.warnings"}
{"timestamp":"2025-10-06T07:26:22.745844Z","level":"info","event":"[youtube] Extracting URL: https://www.youtube.com/watch?v=dQw4w9WgXcQ","logger":"task.stdout"}
{"timestamp":"2025-10-06T07:26:22.747801Z","level":"info","event":"[youtube] dQw4w9WgXcQ: Downloading webpage","logger":"task.stdout"}
{"timestamp":"2025-10-06T07:26:24.162528Z","level":"info","event":"[youtube] dQw4w9WgXcQ: Downloading tv client config","logger":"task.stdout"}
{"timestamp":"2025-10-06T07:26:24.376465Z","level":"info","event":"[youtube] dQw4w9WgXcQ: Downloading tv player API JSON","logger":"task.stdout"}
{"timestamp":"2025-10-06T07:26:24.651557Z","level":"info","event":"[youtube] dQw4w9WgXcQ: Downloading web safari player API JSON","logger":"task.stdout"}
{"timestamp":"2025-10-06T07:26:25.009621Z","level":"info","event":"[youtube] dQw4w9WgXcQ: Downloading player 0004de42-main","logger":"task.stdout"}
{"timestamp":"2025-10-06T07:26:27.469460Z","level":"info","event":"[youtube] dQw4w9WgXcQ: Downloading m3u8 information","logger":"task.stdout"}
{"timestamp":"2025-10-06T07:26:28.191500Z","level":"info","event":"[info] dQw4w9WgXcQ: Downloading 1 format(s): 397+140","logger":"task.stdout"}
{"timestamp":"2025-10-06T07:26:28.255130Z","level":"info","event":"[download] Sleeping 2.00 seconds as required by the site...","logger":"task.stdout"}
{"timestamp":"2025-10-06T07:26:30.621559Z","level":"info","event":"[download] Destination: /opt/airflow/data/video/dQw4w9WgXcQ.f397.mp4","logger":"task.stdout"}
{"timestamp":"2025-10-06T07:26:32.403925Z","level":"info","event":"\r[download]   0.0% of    9.13MiB at   14.89KiB/s ETA 10:27\r[download]   0.0% of    9.13MiB at   44.32KiB/s ETA 03:30\r[download]   0.1% of    9.13MiB at  101.75KiB/s ETA 01:31\r[download]   0.2% of    9.13MiB at  216.17KiB/s ETA 00:43\r[download]   0.3% of    9.13MiB at  443.54KiB/s ETA 00:21\r[download]   0.7% of    9.13MiB at  669.64KiB/s ETA 00:13\r[download]   1.4% of    9.13MiB at  897.42KiB/s ETA 00:10\r[download]   2.7% of    9.13MiB at    1.11MiB/s ETA 00:07\r[download]   5.5% of    9.13MiB at    1.70MiB/s ETA 00:05\r[download]  10.9% of    9.13MiB at    2.49MiB/s ETA 00:03\r[download]  21.9% of    9.13MiB at    3.65MiB/s ETA 00:01\r[download]  43.8% of    9.13MiB at    4.63MiB/s ETA 00:01\r[download]  87.7% of    9.13MiB at    4.89MiB/s ETA 00:00\r[download] 100.0% of    9.13MiB at    4.94MiB/s ETA 00:00\r[download] 100% of    9.13MiB in 00:00:02 at 4.25MiB/s","logger":"task.stdout"}
{"timestamp":"2025-10-06T07:26:32.508456Z","level":"info","event":"[download] Destination: /opt/airflow/data/video/dQw4w9WgXcQ.f140.m4a","logger":"task.stdout"}
{"timestamp":"2025-10-06T07:26:33.066580Z","level":"info","event":"\r[download]   0.0% of    3.29MiB at   66.25KiB/s ETA 00:50\r[download]   0.1% of    3.29MiB at  183.65KiB/s ETA 00:18\r[download]   0.2% of    3.29MiB at  354.00KiB/s ETA 00:09\r[download]   0.4% of    3.29MiB at  708.98KiB/s ETA 00:04\r[download]   0.9% of    3.29MiB at    1.34MiB/s ETA 00:02\r[download]   1.9% of    3.29MiB at    2.61MiB/s ETA 00:01\r[download]   3.8% of    3.29MiB at    3.28MiB/s ETA 00:00\r[download]   7.6% of    3.29MiB at    4.98MiB/s ETA 00:00\r[download]  15.2% of    3.29MiB at    5.62MiB/s ETA 00:00\r[download]  30.4% of    3.29MiB at    5.57MiB/s ETA 00:00\r[download]  60.8% of    3.29MiB at    5.78MiB/s ETA 00:00\r[download] 100.0% of    3.29MiB at    5.78MiB/s ETA 00:00\r[download] 100% of    3.29MiB in 00:00:00 at 4.98MiB/s","logger":"task.stdout"}
{"timestamp":"2025-10-06T07:26:33.081176Z","level":"info","event":"[Merger] Merging formats into \"/opt/airflow/data/video/dQw4w9WgXcQ.mp4\"","logger":"task.stdout"}
{"timestamp":"2025-10-06T07:26:33.247476Z","level":"info","event":"Deleting original file /opt/airflow/data/video/dQw4w9WgXcQ.f397.mp4 (pass -k to keep)","logger":"task.stdout"}
{"timestamp":"2025-10-06T07:26:33.247880Z","level":"info","event":"Deleting original file /opt/airflow/data/video/dQw4w9WgXcQ.f140.m4a (pass -k to keep)","logger":"task.stdout"}
{"timestamp":"2025-10-06T07:26:33.248165Z","level":"info","event":"[VideoConvertor] Not converting media file \"/opt/airflow/data/video/dQw4w9WgXcQ.mp4\"; already is in target format mp4","logger":"task.stdout"}
{"timestamp":"2025-10-06T07:26:33.261262Z","level":"info","event":"영상 저장 경로: /opt/airflow/data/video/dQw4w9WgXcQ.mp4","logger":"task.stdout"}
{"timestamp":"2025-10-06T07:26:33.260878Z","level":"info","event":"Done. Returned value was: /opt/airflow/data/video/dQw4w9WgXcQ.mp4","logger":"airflow.task.operators.airflow.providers.standard.operators.python.PythonOperator","filename":"python.py","lineno":218}
{"timestamp":"2025-10-06T07:26:33.261013Z","level":"info","event":"Pushing xcom","ti":"RuntimeTaskInstance(id=UUID('0199b86a-088c-7b84-8944-0833a298364e'), task_id='download_task', dag_id='video_scene_detection_pipeline', run_id='manual__2025-10-06T07:26:20.799479+00:00', try_number=1, dag_version_id=UUID('0199b83b-81cd-7cb3-914a-8cb23e980667'), map_index=-1, hostname='6bff5d116c26', context_carrier={}, task=<Task(PythonOperator): download_task>, bundle_instance=LocalDagBundle(name=dags-folder), max_tries=1, start_date=datetime.datetime(2025, 10, 6, 7, 26, 21, 412136, tzinfo=datetime.timezone.utc), end_date=None, state=<TaskInstanceState.RUNNING: 'running'>, is_mapped=False, rendered_map_index=None)","logger":"task","filename":"task_runner.py","lineno":1352}
