{"timestamp":"2025-10-01T11:26:45.511184Z","level":"info","event":"DAG bundles loaded: dags-folder","logger":"airflow.dag_processing.bundles.manager.DagBundlesManager","filename":"manager.py","lineno":179}
{"timestamp":"2025-10-01T11:26:45.512042Z","level":"info","event":"Filling up the DagBag from /opt/airflow/dags/video_chapter_pipeline.py","logger":"airflow.models.dagbag.DagBag","filename":"dagbag.py","lineno":593}
{"timestamp":"2025-10-01T11:26:45.673369Z","level":"warning","event":"The `airflow.operators.python.PythonOperator` attribute is deprecated. Please use `'airflow.providers.standard.operators.python.PythonOperator'`.","category":"DeprecatedImportWarning","filename":"/opt/airflow/dags/video_chapter_pipeline.py","lineno":4,"logger":"py.warnings"}
{"timestamp":"2025-10-01T11:26:45.716404Z","level":"info","event":"/opt/airflow/data/video/dQw4w9WgXcQ.mp4","logger":"task.stdout"}
{"timestamp":"2025-10-01T11:26:45.727299Z","level":"info","event":"현재 사용 중인 비디오 객체 타입: <class 'scenedetect.backends.opencv.VideoStreamCv2'>","logger":"task.stdout"}
{"timestamp":"2025-10-01T11:26:45.727893Z","level":"info","event":"---------- 비디오 파일 정보 확인 ----------","logger":"task.stdout"}
{"timestamp":"2025-10-01T11:26:45.728687Z","level":"info","event":"해상도: (854, 480), 총 길이: 00:03:33.080, FPS: 25.00","logger":"task.stdout"}
{"timestamp":"2025-10-01T11:26:45.736695Z","level":"info","event":"✅ 첫 프레임 읽기 성공! 비디오 파일은 정상입니다.","logger":"task.stdout"}
{"timestamp":"2025-10-01T11:26:45.738811Z","level":"info","event":"Detecting scenes...","logger":"pyscenedetect","filename":"scene_manager.py","lineno":1335}
{"timestamp":"2025-10-01T11:26:59.655588Z","level":"info","event":"  장면 1: 시작 00:00:00.000 / 종료 00:00:00.600","logger":"task.stdout"}
{"timestamp":"2025-10-01T11:26:59.656724Z","level":"info","event":"  장면 2: 시작 00:00:00.600 / 종료 00:00:02.360","logger":"task.stdout"}
{"timestamp":"2025-10-01T11:26:59.656950Z","level":"info","event":"  장면 3: 시작 00:00:02.360 / 종료 00:00:04.040","logger":"task.stdout"}
{"timestamp":"2025-10-01T11:26:59.657055Z","level":"info","event":"  장면 4: 시작 00:00:04.040 / 종료 00:00:05.200","logger":"task.stdout"}
{"timestamp":"2025-10-01T11:26:59.657147Z","level":"info","event":"  장면 5: 시작 00:00:05.200 / 종료 00:00:07.360","logger":"task.stdout"}
{"timestamp":"2025-10-01T11:26:59.657237Z","level":"info","event":"  장면 6: 시작 00:00:07.360 / 종료 00:00:08.680","logger":"task.stdout"}
{"timestamp":"2025-10-01T11:26:59.657323Z","level":"info","event":"  장면 7: 시작 00:00:08.680 / 종료 00:00:09.360","logger":"task.stdout"}
{"timestamp":"2025-10-01T11:26:59.657404Z","level":"info","event":"  장면 8: 시작 00:00:09.360 / 종료 00:00:11.200","logger":"task.stdout"}
{"timestamp":"2025-10-01T11:26:59.657495Z","level":"info","event":"  장면 9: 시작 00:00:11.200 / 종료 00:00:11.960","logger":"task.stdout"}
{"timestamp":"2025-10-01T11:26:59.657626Z","level":"info","event":"  장면 10: 시작 00:00:11.960 / 종료 00:00:14.760","logger":"task.stdout"}
{"timestamp":"2025-10-01T11:26:59.657726Z","level":"info","event":"  장면 11: 시작 00:00:14.760 / 종료 00:00:17.320","logger":"task.stdout"}
{"timestamp":"2025-10-01T11:26:59.657829Z","level":"info","event":"  장면 12: 시작 00:00:17.320 / 종료 00:00:18.160","logger":"task.stdout"}
{"timestamp":"2025-10-01T11:26:59.659014Z","level":"info","event":"  장면 13: 시작 00:00:18.160 / 종료 00:00:22.840","logger":"task.stdout"}
{"timestamp":"2025-10-01T11:26:59.660348Z","level":"info","event":"  장면 14: 시작 00:00:22.840 / 종료 00:00:24.440","logger":"task.stdout"}
{"timestamp":"2025-10-01T11:26:59.661671Z","level":"info","event":"  장면 15: 시작 00:00:24.440 / 종료 00:00:26.520","logger":"task.stdout"}
{"timestamp":"2025-10-01T11:26:59.662030Z","level":"info","event":"  장면 16: 시작 00:00:26.520 / 종료 00:00:27.720","logger":"task.stdout"}
{"timestamp":"2025-10-01T11:26:59.662386Z","level":"info","event":"  장면 17: 시작 00:00:27.720 / 종료 00:00:28.880","logger":"task.stdout"}
{"timestamp":"2025-10-01T11:26:59.663721Z","level":"info","event":"  장면 18: 시작 00:00:28.880 / 종료 00:00:30.360","logger":"task.stdout"}
{"timestamp":"2025-10-01T11:26:59.664179Z","level":"info","event":"  장면 19: 시작 00:00:30.360 / 종료 00:00:31.000","logger":"task.stdout"}
{"timestamp":"2025-10-01T11:26:59.666839Z","level":"info","event":"  장면 20: 시작 00:00:31.000 / 종료 00:00:33.120","logger":"task.stdout"}
{"timestamp":"2025-10-01T11:26:59.667204Z","level":"info","event":"  장면 21: 시작 00:00:33.120 / 종료 00:00:34.520","logger":"task.stdout"}
{"timestamp":"2025-10-01T11:26:59.667859Z","level":"info","event":"  장면 22: 시작 00:00:34.520 / 종료 00:00:36.240","logger":"task.stdout"}
{"timestamp":"2025-10-01T11:26:59.668979Z","level":"info","event":"  장면 23: 시작 00:00:36.240 / 종료 00:00:37.640","logger":"task.stdout"}
{"timestamp":"2025-10-01T11:26:59.670986Z","level":"info","event":"  장면 24: 시작 00:00:37.640 / 종료 00:00:38.360","logger":"task.stdout"}
{"timestamp":"2025-10-01T11:26:59.673844Z","level":"info","event":"  장면 25: 시작 00:00:38.360 / 종료 00:00:39.520","logger":"task.stdout"}
{"timestamp":"2025-10-01T11:26:59.674489Z","level":"info","event":"  장면 26: 시작 00:00:39.520 / 종료 00:00:40.440","logger":"task.stdout"}
{"timestamp":"2025-10-01T11:26:59.674735Z","level":"info","event":"  장면 27: 시작 00:00:40.440 / 종료 00:00:42.240","logger":"task.stdout"}
{"timestamp":"2025-10-01T11:26:59.677445Z","level":"info","event":"  장면 28: 시작 00:00:42.240 / 종료 00:00:43.600","logger":"task.stdout"}
{"timestamp":"2025-10-01T11:26:59.681224Z","level":"info","event":"  장면 29: 시작 00:00:43.600 / 종료 00:00:44.240","logger":"task.stdout"}
{"timestamp":"2025-10-01T11:26:59.681655Z","level":"info","event":"  장면 30: 시작 00:00:44.240 / 종료 00:00:47.040","logger":"task.stdout"}
{"timestamp":"2025-10-01T11:26:59.681880Z","level":"info","event":"  장면 31: 시작 00:00:47.040 / 종료 00:00:47.960","logger":"task.stdout"}
{"timestamp":"2025-10-01T11:26:59.683584Z","level":"info","event":"  장면 32: 시작 00:00:47.960 / 종료 00:00:51.080","logger":"task.stdout"}
{"timestamp":"2025-10-01T11:26:59.684570Z","level":"info","event":"  장면 33: 시작 00:00:51.080 / 종료 00:00:53.520","logger":"task.stdout"}
{"timestamp":"2025-10-01T11:26:59.685741Z","level":"info","event":"  장면 34: 시작 00:00:53.520 / 종료 00:00:55.480","logger":"task.stdout"}
{"timestamp":"2025-10-01T11:26:59.688699Z","level":"info","event":"  장면 35: 시작 00:00:55.480 / 종료 00:00:57.000","logger":"task.stdout"}
{"timestamp":"2025-10-01T11:26:59.690859Z","level":"info","event":"  장면 36: 시작 00:00:57.000 / 종료 00:00:59.320","logger":"task.stdout"}
{"timestamp":"2025-10-01T11:26:59.691224Z","level":"info","event":"  장면 37: 시작 00:00:59.320 / 종료 00:01:00.680","logger":"task.stdout"}
{"timestamp":"2025-10-01T11:26:59.692997Z","level":"info","event":"  장면 38: 시작 00:01:00.680 / 종료 00:01:02.080","logger":"task.stdout"}
{"timestamp":"2025-10-01T11:26:59.693837Z","level":"info","event":"  장면 39: 시작 00:01:02.080 / 종료 00:01:04.240","logger":"task.stdout"}
{"timestamp":"2025-10-01T11:26:59.695031Z","level":"info","event":"  장면 40: 시작 00:01:04.240 / 종료 00:01:06.720","logger":"task.stdout"}
{"timestamp":"2025-10-01T11:26:59.697448Z","level":"info","event":"  장면 41: 시작 00:01:06.720 / 종료 00:01:07.960","logger":"task.stdout"}
{"timestamp":"2025-10-01T11:26:59.698340Z","level":"info","event":"  장면 42: 시작 00:01:07.960 / 종료 00:01:09.040","logger":"task.stdout"}
{"timestamp":"2025-10-01T11:26:59.699560Z","level":"info","event":"  장면 43: 시작 00:01:09.040 / 종료 00:01:12.520","logger":"task.stdout"}
{"timestamp":"2025-10-01T11:26:59.703358Z","level":"info","event":"  장면 44: 시작 00:01:12.520 / 종료 00:01:14.480","logger":"task.stdout"}
{"timestamp":"2025-10-01T11:26:59.704235Z","level":"info","event":"  장면 45: 시작 00:01:14.480 / 종료 00:01:16.160","logger":"task.stdout"}
{"timestamp":"2025-10-01T11:26:59.704663Z","level":"info","event":"  장면 46: 시작 00:01:16.160 / 종료 00:01:17.160","logger":"task.stdout"}
{"timestamp":"2025-10-01T11:26:59.705332Z","level":"info","event":"  장면 47: 시작 00:01:17.160 / 종료 00:01:18.240","logger":"task.stdout"}
{"timestamp":"2025-10-01T11:26:59.705756Z","level":"info","event":"  장면 48: 시작 00:01:18.240 / 종료 00:01:19.640","logger":"task.stdout"}
{"timestamp":"2025-10-01T11:26:59.706720Z","level":"info","event":"  장면 49: 시작 00:01:19.640 / 종료 00:01:22.320","logger":"task.stdout"}
{"timestamp":"2025-10-01T11:26:59.708807Z","level":"info","event":"  장면 50: 시작 00:01:22.320 / 종료 00:01:24.480","logger":"task.stdout"}
{"timestamp":"2025-10-01T11:26:59.709712Z","level":"info","event":"  장면 51: 시작 00:01:24.480 / 종료 00:01:26.080","logger":"task.stdout"}
{"timestamp":"2025-10-01T11:26:59.710195Z","level":"info","event":"  장면 52: 시작 00:01:26.080 / 종료 00:01:27.280","logger":"task.stdout"}
{"timestamp":"2025-10-01T11:26:59.713093Z","level":"info","event":"  장면 53: 시작 00:01:27.280 / 종료 00:01:28.000","logger":"task.stdout"}
{"timestamp":"2025-10-01T11:26:59.713399Z","level":"info","event":"  장면 54: 시작 00:01:28.000 / 종료 00:01:29.360","logger":"task.stdout"}
{"timestamp":"2025-10-01T11:26:59.713510Z","level":"info","event":"  장면 55: 시작 00:01:29.360 / 종료 00:01:30.000","logger":"task.stdout"}
{"timestamp":"2025-10-01T11:26:59.713603Z","level":"info","event":"  장면 56: 시작 00:01:30.000 / 종료 00:01:31.400","logger":"task.stdout"}
{"timestamp":"2025-10-01T11:26:59.713695Z","level":"info","event":"  장면 57: 시작 00:01:31.400 / 종료 00:01:33.000","logger":"task.stdout"}
{"timestamp":"2025-10-01T11:26:59.713803Z","level":"info","event":"  장면 58: 시작 00:01:33.000 / 종료 00:01:33.880","logger":"task.stdout"}
{"timestamp":"2025-10-01T11:26:59.713919Z","level":"info","event":"  장면 59: 시작 00:01:33.880 / 종료 00:01:35.640","logger":"task.stdout"}
{"timestamp":"2025-10-01T11:26:59.715698Z","level":"info","event":"  장면 60: 시작 00:01:35.640 / 종료 00:01:36.480","logger":"task.stdout"}
{"timestamp":"2025-10-01T11:26:59.717244Z","level":"info","event":"  장면 61: 시작 00:01:36.480 / 종료 00:01:38.000","logger":"task.stdout"}
{"timestamp":"2025-10-01T11:26:59.718904Z","level":"info","event":"  장면 62: 시작 00:01:38.000 / 종료 00:01:40.000","logger":"task.stdout"}
{"timestamp":"2025-10-01T11:26:59.719296Z","level":"info","event":"  장면 63: 시작 00:01:40.000 / 종료 00:01:41.320","logger":"task.stdout"}
{"timestamp":"2025-10-01T11:26:59.719747Z","level":"info","event":"  장면 64: 시작 00:01:41.320 / 종료 00:01:42.600","logger":"task.stdout"}
{"timestamp":"2025-10-01T11:26:59.724900Z","level":"info","event":"  장면 65: 시작 00:01:42.600 / 종료 00:01:44.160","logger":"task.stdout"}
{"timestamp":"2025-10-01T11:26:59.728220Z","level":"info","event":"  장면 66: 시작 00:01:44.160 / 종료 00:01:46.360","logger":"task.stdout"}
{"timestamp":"2025-10-01T11:26:59.729111Z","level":"info","event":"  장면 67: 시작 00:01:46.360 / 종료 00:01:47.320","logger":"task.stdout"}
{"timestamp":"2025-10-01T11:26:59.729649Z","level":"info","event":"  장면 68: 시작 00:01:47.320 / 종료 00:01:50.040","logger":"task.stdout"}
{"timestamp":"2025-10-01T11:26:59.729759Z","level":"info","event":"  장면 69: 시작 00:01:50.040 / 종료 00:01:50.680","logger":"task.stdout"}
{"timestamp":"2025-10-01T11:26:59.729841Z","level":"info","event":"  장면 70: 시작 00:01:50.680 / 종료 00:01:52.680","logger":"task.stdout"}
{"timestamp":"2025-10-01T11:26:59.730008Z","level":"info","event":"  장면 71: 시작 00:01:52.680 / 종료 00:01:54.680","logger":"task.stdout"}
{"timestamp":"2025-10-01T11:26:59.730080Z","level":"info","event":"  장면 72: 시작 00:01:54.680 / 종료 00:01:56.560","logger":"task.stdout"}
{"timestamp":"2025-10-01T11:26:59.730221Z","level":"info","event":"  장면 73: 시작 00:01:56.560 / 종료 00:01:58.120","logger":"task.stdout"}
{"timestamp":"2025-10-01T11:26:59.730434Z","level":"info","event":"  장면 74: 시작 00:01:58.120 / 종료 00:01:58.760","logger":"task.stdout"}
{"timestamp":"2025-10-01T11:26:59.730656Z","level":"info","event":"  장면 75: 시작 00:01:58.760 / 종료 00:01:59.760","logger":"task.stdout"}
{"timestamp":"2025-10-01T11:26:59.730830Z","level":"info","event":"  장면 76: 시작 00:01:59.760 / 종료 00:02:00.640","logger":"task.stdout"}
{"timestamp":"2025-10-01T11:26:59.731102Z","level":"info","event":"  장면 77: 시작 00:02:00.640 / 종료 00:02:03.000","logger":"task.stdout"}
{"timestamp":"2025-10-01T11:26:59.732141Z","level":"info","event":"  장면 78: 시작 00:02:03.000 / 종료 00:02:05.840","logger":"task.stdout"}
{"timestamp":"2025-10-01T11:26:59.734343Z","level":"info","event":"  장면 79: 시작 00:02:05.840 / 종료 00:02:06.720","logger":"task.stdout"}
{"timestamp":"2025-10-01T11:26:59.735022Z","level":"info","event":"  장면 80: 시작 00:02:06.720 / 종료 00:02:08.360","logger":"task.stdout"}
{"timestamp":"2025-10-01T11:26:59.739194Z","level":"info","event":"  장면 81: 시작 00:02:08.360 / 종료 00:02:10.120","logger":"task.stdout"}
{"timestamp":"2025-10-01T11:26:59.742484Z","level":"info","event":"  장면 82: 시작 00:02:10.120 / 종료 00:02:12.280","logger":"task.stdout"}
{"timestamp":"2025-10-01T11:26:59.746069Z","level":"info","event":"  장면 83: 시작 00:02:12.280 / 종료 00:02:14.200","logger":"task.stdout"}
{"timestamp":"2025-10-01T11:26:59.746868Z","level":"info","event":"  장면 84: 시작 00:02:14.200 / 종료 00:02:15.240","logger":"task.stdout"}
{"timestamp":"2025-10-01T11:26:59.748675Z","level":"info","event":"  장면 85: 시작 00:02:15.240 / 종료 00:02:18.080","logger":"task.stdout"}
{"timestamp":"2025-10-01T11:26:59.750097Z","level":"info","event":"  장면 86: 시작 00:02:18.080 / 종료 00:02:20.120","logger":"task.stdout"}
{"timestamp":"2025-10-01T11:26:59.751113Z","level":"info","event":"  장면 87: 시작 00:02:20.120 / 종료 00:02:21.080","logger":"task.stdout"}
{"timestamp":"2025-10-01T11:26:59.751600Z","level":"info","event":"  장면 88: 시작 00:02:21.080 / 종료 00:02:23.920","logger":"task.stdout"}
{"timestamp":"2025-10-01T11:26:59.753280Z","level":"info","event":"  장면 89: 시작 00:02:23.920 / 종료 00:02:24.720","logger":"task.stdout"}
{"timestamp":"2025-10-01T11:26:59.754313Z","level":"info","event":"  장면 90: 시작 00:02:24.720 / 종료 00:02:25.480","logger":"task.stdout"}
{"timestamp":"2025-10-01T11:26:59.754956Z","level":"info","event":"  장면 91: 시작 00:02:25.480 / 종료 00:02:27.040","logger":"task.stdout"}
{"timestamp":"2025-10-01T11:26:59.756103Z","level":"info","event":"  장면 92: 시작 00:02:27.040 / 종료 00:02:30.600","logger":"task.stdout"}
{"timestamp":"2025-10-01T11:26:59.756300Z","level":"info","event":"  장면 93: 시작 00:02:30.600 / 종료 00:02:33.160","logger":"task.stdout"}
{"timestamp":"2025-10-01T11:26:59.758005Z","level":"info","event":"  장면 94: 시작 00:02:33.160 / 종료 00:02:34.480","logger":"task.stdout"}
{"timestamp":"2025-10-01T11:26:59.758663Z","level":"info","event":"  장면 95: 시작 00:02:34.480 / 종료 00:02:39.520","logger":"task.stdout"}
{"timestamp":"2025-10-01T11:26:59.760272Z","level":"info","event":"  장면 96: 시작 00:02:39.520 / 종료 00:02:45.640","logger":"task.stdout"}
{"timestamp":"2025-10-01T11:26:59.760543Z","level":"info","event":"  장면 97: 시작 00:02:45.640 / 종료 00:02:49.080","logger":"task.stdout"}
{"timestamp":"2025-10-01T11:26:59.760834Z","level":"info","event":"  장면 98: 시작 00:02:49.080 / 종료 00:02:51.600","logger":"task.stdout"}
{"timestamp":"2025-10-01T11:26:59.761012Z","level":"info","event":"  장면 99: 시작 00:02:51.600 / 종료 00:02:52.360","logger":"task.stdout"}
{"timestamp":"2025-10-01T11:26:59.761246Z","level":"info","event":"  장면 100: 시작 00:02:52.360 / 종료 00:02:53.440","logger":"task.stdout"}
{"timestamp":"2025-10-01T11:26:59.761613Z","level":"info","event":"  장면 101: 시작 00:02:53.440 / 종료 00:02:54.600","logger":"task.stdout"}
{"timestamp":"2025-10-01T11:26:59.762173Z","level":"info","event":"  장면 102: 시작 00:02:54.600 / 종료 00:02:56.440","logger":"task.stdout"}
{"timestamp":"2025-10-01T11:26:59.762603Z","level":"info","event":"  장면 103: 시작 00:02:56.440 / 종료 00:02:57.600","logger":"task.stdout"}
{"timestamp":"2025-10-01T11:26:59.763146Z","level":"info","event":"  장면 104: 시작 00:02:57.600 / 종료 00:02:58.400","logger":"task.stdout"}
{"timestamp":"2025-10-01T11:26:59.764333Z","level":"info","event":"  장면 105: 시작 00:02:58.400 / 종료 00:03:00.560","logger":"task.stdout"}
{"timestamp":"2025-10-01T11:26:59.766426Z","level":"info","event":"  장면 106: 시작 00:03:00.560 / 종료 00:03:02.600","logger":"task.stdout"}
{"timestamp":"2025-10-01T11:26:59.766922Z","level":"info","event":"  장면 107: 시작 00:03:02.600 / 종료 00:03:03.880","logger":"task.stdout"}
{"timestamp":"2025-10-01T11:26:59.767076Z","level":"info","event":"  장면 108: 시작 00:03:03.880 / 종료 00:03:06.600","logger":"task.stdout"}
{"timestamp":"2025-10-01T11:26:59.767158Z","level":"info","event":"  장면 109: 시작 00:03:06.600 / 종료 00:03:08.720","logger":"task.stdout"}
{"timestamp":"2025-10-01T11:26:59.767214Z","level":"info","event":"  장면 110: 시작 00:03:08.720 / 종료 00:03:09.480","logger":"task.stdout"}
{"timestamp":"2025-10-01T11:26:59.767497Z","level":"info","event":"  장면 111: 시작 00:03:09.480 / 종료 00:03:10.680","logger":"task.stdout"}
{"timestamp":"2025-10-01T11:26:59.767740Z","level":"info","event":"  장면 112: 시작 00:03:10.680 / 종료 00:03:13.000","logger":"task.stdout"}
{"timestamp":"2025-10-01T11:26:59.767931Z","level":"info","event":"  장면 113: 시작 00:03:13.000 / 종료 00:03:15.160","logger":"task.stdout"}
{"timestamp":"2025-10-01T11:26:59.768109Z","level":"info","event":"  장면 114: 시작 00:03:15.160 / 종료 00:03:17.080","logger":"task.stdout"}
{"timestamp":"2025-10-01T11:26:59.769032Z","level":"info","event":"  장면 115: 시작 00:03:17.080 / 종료 00:03:19.200","logger":"task.stdout"}
{"timestamp":"2025-10-01T11:26:59.769560Z","level":"info","event":"  장면 116: 시작 00:03:19.200 / 종료 00:03:20.760","logger":"task.stdout"}
{"timestamp":"2025-10-01T11:26:59.769906Z","level":"info","event":"  장면 117: 시작 00:03:20.760 / 종료 00:03:23.120","logger":"task.stdout"}
{"timestamp":"2025-10-01T11:26:59.771096Z","level":"info","event":"  장면 118: 시작 00:03:23.120 / 종료 00:03:31.560","logger":"task.stdout"}
{"timestamp":"2025-10-01T11:26:59.772600Z","level":"info","event":"  장면 119: 시작 00:03:31.560 / 종료 00:03:33.000","logger":"task.stdout"}
{"timestamp":"2025-10-01T11:26:59.772754Z","level":"info","event":"⚠️ 비디오 파일 닫기 중 문제가 발생했습니다.","logger":"task.stdout"}
{"timestamp":"2025-10-01T11:26:59.658448Z","level":"error","event":"Task failed with exception","logger":"task","filename":"task_runner.py","lineno":994,"error_detail":[{"exc_type":"TypeError","exc_value":"find_scenes() missing 1 required positional argument: 'video_path'","exc_notes":[],"syntax_error":null,"is_cause":false,"frames":[{"filename":"/home/airflow/.local/lib/python3.12/site-packages/airflow/sdk/execution_time/task_runner.py","lineno":920,"name":"run"},{"filename":"/home/airflow/.local/lib/python3.12/site-packages/airflow/sdk/execution_time/task_runner.py","lineno":1307,"name":"_execute_task"},{"filename":"/home/airflow/.local/lib/python3.12/site-packages/airflow/sdk/bases/operator.py","lineno":416,"name":"wrapper"},{"filename":"/home/airflow/.local/lib/python3.12/site-packages/airflow/providers/standard/operators/python.py","lineno":216,"name":"execute"},{"filename":"/home/airflow/.local/lib/python3.12/site-packages/airflow/providers/standard/operators/python.py","lineno":239,"name":"execute_callable"},{"filename":"/home/airflow/.local/lib/python3.12/site-packages/airflow/sdk/execution_time/callback_runner.py","lineno":82,"name":"run"},{"filename":"/opt/airflow/modules/sceneDetecter.py","lineno":73,"name":"find_scenes"}],"is_group":false,"exceptions":[]}]}
