{"timestamp":"2025-10-07T06:32:57.446536Z","level":"info","event":"DAG bundles loaded: dags-folder","logger":"airflow.dag_processing.bundles.manager.DagBundlesManager","filename":"manager.py","lineno":179}
{"timestamp":"2025-10-07T06:32:57.447031Z","level":"info","event":"Filling up the DagBag from /opt/airflow/dags/video_chapter_pipeline.py","logger":"airflow.models.dagbag.DagBag","filename":"dagbag.py","lineno":593}
{"timestamp":"2025-10-07T06:32:57.694545Z","level":"warning","event":"The `airflow.operators.python.PythonOperator` attribute is deprecated. Please use `'airflow.providers.standard.operators.python.PythonOperator'`.","category":"DeprecatedImportWarning","filename":"/opt/airflow/dags/video_chapter_pipeline.py","lineno":4,"logger":"py.warnings"}
{"timestamp":"2025-10-07T06:32:57.728413Z","level":"error","event":"[debug] Encodings: locale UTF-8, fs utf-8, pref UTF-8, out UTF-8 (No ANSI), error UTF-8 (No ANSI), screen UTF-8 (No ANSI)","logger":"task.stderr"}
{"timestamp":"2025-10-07T06:32:57.728831Z","level":"error","event":"[debug] yt-dlp version stable@2025.09.26 from yt-dlp/yt-dlp [12b57d285] (pip) API","logger":"task.stderr"}
{"timestamp":"2025-10-07T06:32:57.729419Z","level":"error","event":"[debug] params: {'verbose': True, 'outtmpl': '/opt/airflow/data/audio/dQw4w9WgXcQ.%(ext)s', 'enable_file_urls': True, 'postprocessors': [{'key': 'FFmpegExtractAudio', 'preferredcodec': 'mp3', 'preferredquality': '192'}], 'compat_opts': set(), 'http_headers': {'User-Agent': 'Mozilla/5.0 (Windows NT 10.0; Win64; x64) AppleWebKit/537.36 (KHTML, like Gecko) Chrome/139.0.0.0 Safari/537.36', 'Accept': 'text/html,application/xhtml+xml,application/xml;q=0.9,*/*;q=0.8', 'Accept-Language': 'en-us,en;q=0.5', 'Sec-Fetch-Mode': 'navigate'}}","logger":"task.stderr"}
{"timestamp":"2025-10-07T06:32:57.767226Z","level":"error","event":"[debug] Python 3.12.11 (CPython aarch64 64bit) - Linux-6.10.14-linuxkit-aarch64-with-glibc2.36 (OpenSSL 3.0.17 1 Jul 2025, glibc 2.36)","logger":"task.stderr"}
{"timestamp":"2025-10-07T06:32:57.926651Z","level":"error","event":"[debug] exe versions: ffmpeg 5.1.7-0 (setts), ffprobe 5.1.7-0","logger":"task.stderr"}
{"timestamp":"2025-10-07T06:32:57.927701Z","level":"error","event":"[debug] Optional libraries: certifi-2025.08.03, requests-2.32.5, sqlite3-3.40.1, urllib3-2.5.0, websockets-15.0.1","logger":"task.stderr"}
{"timestamp":"2025-10-07T06:32:57.927888Z","level":"error","event":"[debug] Proxy map: {}","logger":"task.stderr"}
{"timestamp":"2025-10-07T06:32:57.928259Z","level":"error","event":"[debug] Request Handlers: urllib, requests, websockets","logger":"task.stderr"}
{"timestamp":"2025-10-07T06:32:57.929024Z","level":"error","event":"[debug] Plugin directories: none","logger":"task.stderr"}
{"timestamp":"2025-10-07T06:32:57.994618Z","level":"error","event":"[debug] Loaded 1833 extractors","logger":"task.stderr"}
{"timestamp":"2025-10-07T06:32:58.571656Z","level":"info","event":"[generic] Extracting URL: file:///opt/airflow/data/video/dQw4w9WgXcQ.mp4","logger":"task.stdout"}
{"timestamp":"2025-10-07T06:32:58.573545Z","level":"info","event":"[generic] dQw4w9WgXcQ: Downloading webpage","logger":"task.stdout"}
{"timestamp":"2025-10-07T06:32:58.635235Z","level":"error","event":"[debug] Identified a direct video link","logger":"task.stderr"}
{"timestamp":"2025-10-07T06:32:58.637269Z","level":"error","event":"[debug] Formats sorted by: hasvid, ie_pref, lang, quality, res, fps, hdr:12(7), vcodec, channels, acodec, size, br, asr, proto, vext, aext, hasaud, source, id","logger":"task.stderr"}
{"timestamp":"2025-10-07T06:32:58.645593Z","level":"error","event":"[debug] Default format spec: bestvideo*+bestaudio/best","logger":"task.stderr"}
{"timestamp":"2025-10-07T06:32:58.646367Z","level":"info","event":"[info] dQw4w9WgXcQ: Downloading 1 format(s): mp4","logger":"task.stdout"}
{"timestamp":"2025-10-07T06:32:58.648338Z","level":"error","event":"[debug] Invoking http downloader on \"file:///opt/airflow/data/video/dQw4w9WgXcQ.mp4\"","logger":"task.stderr"}
{"timestamp":"2025-10-07T06:32:58.650585Z","level":"info","event":"[download] Destination: /opt/airflow/data/audio/dQw4w9WgXcQ.mp4","logger":"task.stdout"}
{"timestamp":"2025-10-07T06:32:58.699580Z","level":"info","event":"\r[download]   0.0% of   12.45MiB at  Unknown B/s ETA Unknown\r[download]   0.0% of   12.45MiB at  Unknown B/s ETA Unknown\r[download]   0.1% of   12.45MiB at    5.07MiB/s ETA 00:02  \r[download]   0.1% of   12.45MiB at    7.33MiB/s ETA 00:01\r[download]   0.2% of   12.45MiB at   11.67MiB/s ETA 00:01\r[download]   0.5% of   12.45MiB at   18.54MiB/s ETA 00:00\r[download]   1.0% of   12.45MiB at   24.81MiB/s ETA 00:00\r[download]   2.0% of   12.45MiB at   19.19MiB/s ETA 00:00\r[download]   4.0% of   12.45MiB at   32.01MiB/s ETA 00:00\r[download]   8.0% of   12.45MiB at   53.65MiB/s ETA 00:00\r[download]  16.1% of   12.45MiB at   88.43MiB/s ETA 00:00\r[download]  32.1% of   12.45MiB at  134.63MiB/s ETA 00:00\r[download]  64.2% of   12.45MiB at  211.26MiB/s ETA 00:00\r[download]  96.4% of   12.45MiB at  255.68MiB/s ETA 00:00\r[download] 100.0% of   12.45MiB at  257.44MiB/s ETA 00:00\r[download] 100% of   12.45MiB in 00:00:00 at 246.87MiB/s","logger":"task.stdout"}
{"timestamp":"2025-10-07T06:32:58.700826Z","level":"error","event":"[debug] ffmpeg command line: ffprobe -show_streams file:/opt/airflow/data/audio/dQw4w9WgXcQ.mp4","logger":"task.stderr"}
{"timestamp":"2025-10-07T06:32:58.801127Z","level":"info","event":"[ExtractAudio] Destination: /opt/airflow/data/audio/dQw4w9WgXcQ.mp3","logger":"task.stdout"}
{"timestamp":"2025-10-07T06:32:58.801473Z","level":"error","event":"[debug] ffmpeg command line: ffmpeg -y -loglevel repeat+info -i file:/opt/airflow/data/audio/dQw4w9WgXcQ.mp4 -vn -acodec libmp3lame -b:a 192.0k -movflags +faststart file:/opt/airflow/data/audio/dQw4w9WgXcQ.mp3","logger":"task.stderr"}
{"timestamp":"2025-10-07T06:33:04.563232Z","level":"info","event":"Deleting original file /opt/airflow/data/audio/dQw4w9WgXcQ.mp4 (pass -k to keep)","logger":"task.stdout"}
{"timestamp":"2025-10-07T06:33:04.565754Z","level":"info","event":"음성 추출 경로: /opt/airflow/data/audio/dQw4w9WgXcQ.mp3","logger":"task.stdout"}
{"timestamp":"2025-10-07T06:33:04.566160Z","level":"info","event":"Done. Returned value was: /opt/airflow/data/audio/dQw4w9WgXcQ.mp3","logger":"airflow.task.operators.airflow.providers.standard.operators.python.PythonOperator","filename":"python.py","lineno":218}
{"timestamp":"2025-10-07T06:33:04.566472Z","level":"info","event":"Pushing xcom","ti":"RuntimeTaskInstance(id=UUID('0199bd5f-4c79-74ec-9e59-f84857d08afc'), task_id='extract_task', dag_id='video_scene_detection_pipeline', run_id='manual__2025-10-07T06:32:43.361875+00:00', try_number=1, dag_version_id=UUID('0199b83b-81cd-7cb3-914a-8cb23e980667'), map_index=-1, hostname='6246f7619a0e', context_carrier={}, task=<Task(PythonOperator): extract_task>, bundle_instance=LocalDagBundle(name=dags-folder), max_tries=1, start_date=datetime.datetime(2025, 10, 7, 6, 32, 57, 331138, tzinfo=datetime.timezone.utc), end_date=None, state=<TaskInstanceState.RUNNING: 'running'>, is_mapped=False, rendered_map_index=None)","logger":"task","filename":"task_runner.py","lineno":1352}
