{"timestamp":"2025-10-01T12:05:29.756232Z","level":"info","event":"DAG bundles loaded: dags-folder","logger":"airflow.dag_processing.bundles.manager.DagBundlesManager","filename":"manager.py","lineno":179}
{"timestamp":"2025-10-01T12:05:29.757318Z","level":"info","event":"Filling up the DagBag from /opt/airflow/dags/video_chapter_pipeline.py","logger":"airflow.models.dagbag.DagBag","filename":"dagbag.py","lineno":593}
{"timestamp":"2025-10-01T12:05:29.916005Z","level":"warning","event":"The `airflow.operators.python.PythonOperator` attribute is deprecated. Please use `'airflow.providers.standard.operators.python.PythonOperator'`.","category":"DeprecatedImportWarning","filename":"/opt/airflow/dags/video_chapter_pipeline.py","lineno":4,"logger":"py.warnings"}
{"timestamp":"2025-10-01T12:05:29.957413Z","level":"info","event":"현재 사용 중인 비디오 객체 타입: <class 'scenedetect.backends.opencv.VideoStreamCv2'>","logger":"task.stdout"}
{"timestamp":"2025-10-01T12:05:29.958092Z","level":"info","event":"---------- 비디오 파일 정보 확인 ----------","logger":"task.stdout"}
{"timestamp":"2025-10-01T12:05:29.958617Z","level":"info","event":"해상도: (854, 480), 총 길이: 00:03:33.080, FPS: 25.00","logger":"task.stdout"}
{"timestamp":"2025-10-01T12:05:29.971147Z","level":"info","event":"✅ 첫 프레임 읽기 성공! 비디오 파일은 정상입니다.","logger":"task.stdout"}
{"timestamp":"2025-10-01T12:05:29.972095Z","level":"info","event":"Detecting scenes...","logger":"pyscenedetect","filename":"scene_manager.py","lineno":1335}
{"timestamp":"2025-10-01T12:05:36.751891Z","level":"info","event":"  장면 1: 시작 00:00:00.000 / 종료 00:00:01.920","logger":"task.stdout"}
{"timestamp":"2025-10-01T12:05:36.752231Z","level":"info","event":"  장면 2: 시작 00:00:01.920 / 종료 00:00:07.360","logger":"task.stdout"}
{"timestamp":"2025-10-01T12:05:36.752323Z","level":"info","event":"  장면 3: 시작 00:00:07.360 / 종료 00:00:18.160","logger":"task.stdout"}
{"timestamp":"2025-10-01T12:05:36.752409Z","level":"info","event":"  장면 4: 시작 00:00:18.160 / 종료 00:00:22.840","logger":"task.stdout"}
{"timestamp":"2025-10-01T12:05:36.752563Z","level":"info","event":"  장면 5: 시작 00:00:22.840 / 종료 00:00:33.120","logger":"task.stdout"}
{"timestamp":"2025-10-01T12:05:36.752792Z","level":"info","event":"  장면 6: 시작 00:00:33.120 / 종료 00:00:37.640","logger":"task.stdout"}
{"timestamp":"2025-10-01T12:05:36.752890Z","level":"info","event":"  장면 7: 시작 00:00:37.640 / 종료 00:00:42.240","logger":"task.stdout"}
{"timestamp":"2025-10-01T12:05:36.753068Z","level":"info","event":"  장면 8: 시작 00:00:42.240 / 종료 00:00:43.600","logger":"task.stdout"}
{"timestamp":"2025-10-01T12:05:36.753154Z","level":"info","event":"  장면 9: 시작 00:00:43.600 / 종료 00:00:47.960","logger":"task.stdout"}
{"timestamp":"2025-10-01T12:05:36.753233Z","level":"info","event":"  장면 10: 시작 00:00:47.960 / 종료 00:00:51.080","logger":"task.stdout"}
{"timestamp":"2025-10-01T12:05:36.753412Z","level":"info","event":"  장면 11: 시작 00:00:51.080 / 종료 00:00:53.520","logger":"task.stdout"}
{"timestamp":"2025-10-01T12:05:36.753579Z","level":"info","event":"  장면 12: 시작 00:00:53.520 / 종료 00:00:55.480","logger":"task.stdout"}
{"timestamp":"2025-10-01T12:05:36.753762Z","level":"info","event":"  장면 13: 시작 00:00:55.480 / 종료 00:00:57.000","logger":"task.stdout"}
{"timestamp":"2025-10-01T12:05:36.753870Z","level":"info","event":"  장면 14: 시작 00:00:57.000 / 종료 00:01:14.480","logger":"task.stdout"}
{"timestamp":"2025-10-01T12:05:36.753947Z","level":"info","event":"  장면 15: 시작 00:01:14.480 / 종료 00:01:16.160","logger":"task.stdout"}
{"timestamp":"2025-10-01T12:05:36.754087Z","level":"info","event":"  장면 16: 시작 00:01:16.160 / 종료 00:01:17.160","logger":"task.stdout"}
{"timestamp":"2025-10-01T12:05:36.754264Z","level":"info","event":"  장면 17: 시작 00:01:17.160 / 종료 00:01:18.240","logger":"task.stdout"}
{"timestamp":"2025-10-01T12:05:36.754329Z","level":"info","event":"  장면 18: 시작 00:01:18.240 / 종료 00:01:19.640","logger":"task.stdout"}
{"timestamp":"2025-10-01T12:05:36.754520Z","level":"info","event":"  장면 19: 시작 00:01:19.640 / 종료 00:01:22.320","logger":"task.stdout"}
{"timestamp":"2025-10-01T12:05:36.754622Z","level":"info","event":"  장면 20: 시작 00:01:22.320 / 종료 00:01:29.360","logger":"task.stdout"}
{"timestamp":"2025-10-01T12:05:36.754802Z","level":"info","event":"  장면 21: 시작 00:01:29.360 / 종료 00:01:30.000","logger":"task.stdout"}
{"timestamp":"2025-10-01T12:05:36.756116Z","level":"info","event":"  장면 22: 시작 00:01:30.000 / 종료 00:01:31.400","logger":"task.stdout"}
{"timestamp":"2025-10-01T12:05:36.756230Z","level":"info","event":"  장면 23: 시작 00:01:31.400 / 종료 00:01:33.000","logger":"task.stdout"}
{"timestamp":"2025-10-01T12:05:36.756275Z","level":"info","event":"  장면 24: 시작 00:01:33.000 / 종료 00:01:35.640","logger":"task.stdout"}
{"timestamp":"2025-10-01T12:05:36.756326Z","level":"info","event":"  장면 25: 시작 00:01:35.640 / 종료 00:01:38.000","logger":"task.stdout"}
{"timestamp":"2025-10-01T12:05:36.756374Z","level":"info","event":"  장면 26: 시작 00:01:38.000 / 종료 00:01:41.320","logger":"task.stdout"}
{"timestamp":"2025-10-01T12:05:36.756416Z","level":"info","event":"  장면 27: 시작 00:01:41.320 / 종료 00:01:42.600","logger":"task.stdout"}
{"timestamp":"2025-10-01T12:05:36.756457Z","level":"info","event":"  장면 28: 시작 00:01:42.600 / 종료 00:01:44.160","logger":"task.stdout"}
{"timestamp":"2025-10-01T12:05:36.756498Z","level":"info","event":"  장면 29: 시작 00:01:44.160 / 종료 00:01:46.360","logger":"task.stdout"}
{"timestamp":"2025-10-01T12:05:36.756538Z","level":"info","event":"  장면 30: 시작 00:01:46.360 / 종료 00:01:50.680","logger":"task.stdout"}
{"timestamp":"2025-10-01T12:05:36.756578Z","level":"info","event":"  장면 31: 시작 00:01:50.680 / 종료 00:01:54.680","logger":"task.stdout"}
{"timestamp":"2025-10-01T12:05:36.756619Z","level":"info","event":"  장면 32: 시작 00:01:54.680 / 종료 00:02:03.000","logger":"task.stdout"}
{"timestamp":"2025-10-01T12:05:36.756658Z","level":"info","event":"  장면 33: 시작 00:02:03.000 / 종료 00:02:10.120","logger":"task.stdout"}
{"timestamp":"2025-10-01T12:05:36.756699Z","level":"info","event":"  장면 34: 시작 00:02:10.120 / 종료 00:02:14.200","logger":"task.stdout"}
{"timestamp":"2025-10-01T12:05:36.756738Z","level":"info","event":"  장면 35: 시작 00:02:14.200 / 종료 00:02:15.240","logger":"task.stdout"}
{"timestamp":"2025-10-01T12:05:36.756785Z","level":"info","event":"  장면 36: 시작 00:02:15.240 / 종료 00:02:18.080","logger":"task.stdout"}
{"timestamp":"2025-10-01T12:05:36.756831Z","level":"info","event":"  장면 37: 시작 00:02:18.080 / 종료 00:02:20.120","logger":"task.stdout"}
{"timestamp":"2025-10-01T12:05:36.756871Z","level":"info","event":"  장면 38: 시작 00:02:20.120 / 종료 00:02:21.080","logger":"task.stdout"}
{"timestamp":"2025-10-01T12:05:36.756911Z","level":"info","event":"  장면 39: 시작 00:02:21.080 / 종료 00:02:23.920","logger":"task.stdout"}
{"timestamp":"2025-10-01T12:05:36.756963Z","level":"info","event":"  장면 40: 시작 00:02:23.920 / 종료 00:02:24.720","logger":"task.stdout"}
{"timestamp":"2025-10-01T12:05:36.757032Z","level":"info","event":"  장면 41: 시작 00:02:24.720 / 종료 00:02:58.920","logger":"task.stdout"}
{"timestamp":"2025-10-01T12:05:36.757160Z","level":"info","event":"  장면 42: 시작 00:02:58.920 / 종료 00:03:00.560","logger":"task.stdout"}
{"timestamp":"2025-10-01T12:05:36.757219Z","level":"info","event":"  장면 43: 시작 00:03:00.560 / 종료 00:03:02.600","logger":"task.stdout"}
{"timestamp":"2025-10-01T12:05:36.757305Z","level":"info","event":"  장면 44: 시작 00:03:02.600 / 종료 00:03:03.880","logger":"task.stdout"}
{"timestamp":"2025-10-01T12:05:36.757366Z","level":"info","event":"  장면 45: 시작 00:03:03.880 / 종료 00:03:06.600","logger":"task.stdout"}
{"timestamp":"2025-10-01T12:05:36.757411Z","level":"info","event":"  장면 46: 시작 00:03:06.600 / 종료 00:03:10.680","logger":"task.stdout"}
{"timestamp":"2025-10-01T12:05:36.757495Z","level":"info","event":"  장면 47: 시작 00:03:10.680 / 종료 00:03:13.000","logger":"task.stdout"}
{"timestamp":"2025-10-01T12:05:36.757539Z","level":"info","event":"  장면 48: 시작 00:03:13.000 / 종료 00:03:15.160","logger":"task.stdout"}
{"timestamp":"2025-10-01T12:05:36.757582Z","level":"info","event":"  장면 49: 시작 00:03:15.160 / 종료 00:03:17.080","logger":"task.stdout"}
{"timestamp":"2025-10-01T12:05:36.757623Z","level":"info","event":"  장면 50: 시작 00:03:17.080 / 종료 00:03:19.200","logger":"task.stdout"}
{"timestamp":"2025-10-01T12:05:36.757664Z","level":"info","event":"  장면 51: 시작 00:03:19.200 / 종료 00:03:20.760","logger":"task.stdout"}
{"timestamp":"2025-10-01T12:05:36.757706Z","level":"info","event":"  장면 52: 시작 00:03:20.760 / 종료 00:03:23.120","logger":"task.stdout"}
{"timestamp":"2025-10-01T12:05:36.757746Z","level":"info","event":"  장면 53: 시작 00:03:23.120 / 종료 00:03:33.000","logger":"task.stdout"}
{"timestamp":"2025-10-01T12:05:36.757850Z","level":"info","event":"파일 저장이 완료되었습니다.","logger":"task.stdout"}
{"timestamp":"2025-10-01T12:05:36.757893Z","level":"info","event":"⚠️ 비디오 파일 닫기 중 문제가 발생했습니다.","logger":"task.stdout"}
{"timestamp":"2025-10-01T12:05:36.755586Z","level":"info","event":"Done. Returned value was: None","logger":"airflow.task.operators.airflow.providers.standard.operators.python.PythonOperator","filename":"python.py","lineno":218}
