{"timestamp":"2025-10-07T06:28:49.808256Z","level":"info","event":"DAG bundles loaded: dags-folder","logger":"airflow.dag_processing.bundles.manager.DagBundlesManager","filename":"manager.py","lineno":179}
{"timestamp":"2025-10-07T06:28:49.808822Z","level":"info","event":"Filling up the DagBag from /opt/airflow/dags/video_chapter_pipeline.py","logger":"airflow.models.dagbag.DagBag","filename":"dagbag.py","lineno":593}
{"timestamp":"2025-10-07T06:28:50.101114Z","level":"warning","event":"The `airflow.operators.python.PythonOperator` attribute is deprecated. Please use `'airflow.providers.standard.operators.python.PythonOperator'`.","category":"DeprecatedImportWarning","filename":"/opt/airflow/dags/video_chapter_pipeline.py","lineno":4,"logger":"py.warnings"}
{"timestamp":"2025-10-07T06:28:50.137831Z","level":"error","event":"[debug] Encodings: locale UTF-8, fs utf-8, pref UTF-8, out UTF-8 (No ANSI), error UTF-8 (No ANSI), screen UTF-8 (No ANSI)","logger":"task.stderr"}
{"timestamp":"2025-10-07T06:28:50.138034Z","level":"error","event":"[debug] yt-dlp version stable@2025.09.26 from yt-dlp/yt-dlp [12b57d285] (pip) API","logger":"task.stderr"}
{"timestamp":"2025-10-07T06:28:50.138191Z","level":"error","event":"[debug] params: {'verbose': True, 'skip_download': True, 'outtmpl': '/opt/airflow/data/audio/dQw4w9WgXcQ.%(ext)s', 'enable_file_urls': True, 'force_postprocessors': True, 'postprocessors': [{'key': 'FFmpegExtractAudio', 'preferredcodec': 'mp3', 'preferredquality': '192'}], 'compat_opts': set(), 'http_headers': {'User-Agent': 'Mozilla/5.0 (Windows NT 10.0; Win64; x64) AppleWebKit/537.36 (KHTML, like Gecko) Chrome/134.0.0.0 Safari/537.36', 'Accept': 'text/html,application/xhtml+xml,application/xml;q=0.9,*/*;q=0.8', 'Accept-Language': 'en-us,en;q=0.5', 'Sec-Fetch-Mode': 'navigate'}}","logger":"task.stderr"}
{"timestamp":"2025-10-07T06:28:50.172915Z","level":"error","event":"[debug] Python 3.12.11 (CPython aarch64 64bit) - Linux-6.10.14-linuxkit-aarch64-with-glibc2.36 (OpenSSL 3.0.17 1 Jul 2025, glibc 2.36)","logger":"task.stderr"}
{"timestamp":"2025-10-07T06:28:50.379232Z","level":"error","event":"[debug] exe versions: ffmpeg 5.1.7-0 (setts), ffprobe 5.1.7-0","logger":"task.stderr"}
{"timestamp":"2025-10-07T06:28:50.379770Z","level":"error","event":"[debug] Optional libraries: certifi-2025.08.03, requests-2.32.5, sqlite3-3.40.1, urllib3-2.5.0, websockets-15.0.1","logger":"task.stderr"}
{"timestamp":"2025-10-07T06:28:50.380064Z","level":"error","event":"[debug] Proxy map: {}","logger":"task.stderr"}
{"timestamp":"2025-10-07T06:28:50.381003Z","level":"error","event":"[debug] Request Handlers: urllib, requests, websockets","logger":"task.stderr"}
{"timestamp":"2025-10-07T06:28:50.382091Z","level":"error","event":"[debug] Plugin directories: none","logger":"task.stderr"}
{"timestamp":"2025-10-07T06:28:50.466743Z","level":"error","event":"[debug] Loaded 1833 extractors","logger":"task.stderr"}
{"timestamp":"2025-10-07T06:28:51.447066Z","level":"info","event":"[generic] Extracting URL: file:///opt/airflow/data/video/dQw4w9WgXcQ.mp4","logger":"task.stdout"}
{"timestamp":"2025-10-07T06:28:51.447424Z","level":"info","event":"[generic] dQw4w9WgXcQ: Downloading webpage","logger":"task.stdout"}
{"timestamp":"2025-10-07T06:28:51.494151Z","level":"error","event":"[debug] Identified a direct video link","logger":"task.stderr"}
{"timestamp":"2025-10-07T06:28:51.495488Z","level":"error","event":"[debug] Formats sorted by: hasvid, ie_pref, lang, quality, res, fps, hdr:12(7), vcodec, channels, acodec, size, br, asr, proto, vext, aext, hasaud, source, id","logger":"task.stderr"}
{"timestamp":"2025-10-07T06:28:51.502366Z","level":"error","event":"[debug] Default format spec: bestvideo*+bestaudio/best","logger":"task.stderr"}
{"timestamp":"2025-10-07T06:28:51.503934Z","level":"info","event":"[info] dQw4w9WgXcQ: Downloading 1 format(s): mp4","logger":"task.stdout"}
{"timestamp":"2025-10-07T06:28:51.506154Z","level":"info","event":"음성 추출 경로: /opt/airflow/data/audio/dQw4w9WgXcQ.mp3","logger":"task.stdout"}
{"timestamp":"2025-10-07T06:28:51.506347Z","level":"info","event":"Done. Returned value was: /opt/airflow/data/audio/dQw4w9WgXcQ.mp3","logger":"airflow.task.operators.airflow.providers.standard.operators.python.PythonOperator","filename":"python.py","lineno":218}
{"timestamp":"2025-10-07T06:28:51.506525Z","level":"info","event":"Pushing xcom","ti":"RuntimeTaskInstance(id=UUID('0199bd5b-9be0-7409-82ae-9a40fb79d539'), task_id='extract_task', dag_id='video_scene_detection_pipeline', run_id='manual__2025-10-07T06:28:41.543158+00:00', try_number=1, dag_version_id=UUID('0199b83b-81cd-7cb3-914a-8cb23e980667'), map_index=-1, hostname='6246f7619a0e', context_carrier={}, task=<Task(PythonOperator): extract_task>, bundle_instance=LocalDagBundle(name=dags-folder), max_tries=1, start_date=datetime.datetime(2025, 10, 7, 6, 28, 49, 647509, tzinfo=datetime.timezone.utc), end_date=None, state=<TaskInstanceState.RUNNING: 'running'>, is_mapped=False, rendered_map_index=None)","logger":"task","filename":"task_runner.py","lineno":1352}
