{"timestamp":"2025-10-06T07:52:33.307164Z","level":"info","event":"DAG bundles loaded: dags-folder","logger":"airflow.dag_processing.bundles.manager.DagBundlesManager","filename":"manager.py","lineno":179}
{"timestamp":"2025-10-06T07:52:33.307485Z","level":"info","event":"Filling up the DagBag from /opt/airflow/dags/video_chapter_pipeline.py","logger":"airflow.models.dagbag.DagBag","filename":"dagbag.py","lineno":593}
{"timestamp":"2025-10-06T07:52:33.446649Z","level":"warning","event":"The `airflow.operators.python.PythonOperator` attribute is deprecated. Please use `'airflow.providers.standard.operators.python.PythonOperator'`.","category":"DeprecatedImportWarning","filename":"/opt/airflow/dags/video_chapter_pipeline.py","lineno":4,"logger":"py.warnings"}
{"timestamp":"2025-10-06T07:52:33.465095Z","level":"error","event":"[av1 @ 0xaaab14795d40] Your platform doesn't suppport hardware accelerated AV1 decoding.","logger":"task.stderr"}
{"timestamp":"2025-10-06T07:52:33.465763Z","level":"error","event":"[av1 @ 0xaaab14795d40] Failed to get pixel format.","logger":"task.stderr"}
{"timestamp":"2025-10-06T07:52:33.465854Z","level":"error","event":"[av1 @ 0xaaab14795d40] Your platform doesn't suppport hardware accelerated AV1 decoding.","logger":"task.stderr"}
{"timestamp":"2025-10-06T07:52:33.465932Z","level":"error","event":"[av1 @ 0xaaab14795d40] Failed to get pixel format.","logger":"task.stderr"}
{"timestamp":"2025-10-06T07:52:33.466005Z","level":"error","event":"[av1 @ 0xaaab14795d40] Missing Sequence Header.","logger":"task.stderr"}
{"timestamp":"2025-10-06T07:52:33.466072Z","level":"error","event":"[av1 @ 0xaaab14795d40] Missing Sequence Header.","logger":"task.stderr"}
{"timestamp":"2025-10-06T07:52:33.466148Z","level":"error","event":"[av1 @ 0xaaab14795d40] Missing Sequence Header.","logger":"task.stderr"}
{"timestamp":"2025-10-06T07:52:33.466221Z","level":"error","event":"[av1 @ 0xaaab14795d40] Missing Sequence Header.","logger":"task.stderr"}
{"timestamp":"2025-10-06T07:52:33.466299Z","level":"error","event":"[av1 @ 0xaaab14795d40] Missing Sequence Header.","logger":"task.stderr"}
{"timestamp":"2025-10-06T07:52:33.466370Z","level":"error","event":"[av1 @ 0xaaab14795d40] Missing Sequence Header.","logger":"task.stderr"}
{"timestamp":"2025-10-06T07:52:33.466443Z","level":"error","event":"[av1 @ 0xaaab14795d40] Missing Sequence Header.","logger":"task.stderr"}
{"timestamp":"2025-10-06T07:52:33.466520Z","level":"error","event":"[av1 @ 0xaaab14795d40] Missing Sequence Header.","logger":"task.stderr"}
{"timestamp":"2025-10-06T07:52:33.466590Z","level":"error","event":"[av1 @ 0xaaab14795d40] Missing Sequence Header.","logger":"task.stderr"}
{"timestamp":"2025-10-06T07:52:33.466656Z","level":"error","event":"[av1 @ 0xaaab14795d40] Missing Sequence Header.","logger":"task.stderr"}
{"timestamp":"2025-10-06T07:52:33.466765Z","level":"error","event":"[av1 @ 0xaaab14795d40] Missing Sequence Header.","logger":"task.stderr"}
{"timestamp":"2025-10-06T07:52:33.466834Z","level":"error","event":"[av1 @ 0xaaab14795d40] Missing Sequence Header.","logger":"task.stderr"}
{"timestamp":"2025-10-06T07:52:33.466950Z","level":"error","event":"[av1 @ 0xaaab14795d40] Missing Sequence Header.","logger":"task.stderr"}
{"timestamp":"2025-10-06T07:52:33.467631Z","level":"error","event":"[av1 @ 0xaaab14795d40] Missing Sequence Header.","logger":"task.stderr"}
{"timestamp":"2025-10-06T07:52:33.467708Z","level":"error","event":"[av1 @ 0xaaab14795d40] Your platform doesn't suppport hardware accelerated AV1 decoding.","logger":"task.stderr"}
{"timestamp":"2025-10-06T07:52:33.467762Z","level":"error","event":"[av1 @ 0xaaab14795d40] Failed to get pixel format.","logger":"task.stderr"}
{"timestamp":"2025-10-06T07:52:33.467814Z","level":"error","event":"[av1 @ 0xaaab14795d40] Missing Sequence Header.","logger":"task.stderr"}
{"timestamp":"2025-10-06T07:52:33.467863Z","level":"error","event":"[av1 @ 0xaaab14795d40] Missing Sequence Header.","logger":"task.stderr"}
{"timestamp":"2025-10-06T07:52:33.467912Z","level":"error","event":"[av1 @ 0xaaab14795d40] Missing Sequence Header.","logger":"task.stderr"}
{"timestamp":"2025-10-06T07:52:33.468012Z","level":"error","event":"[av1 @ 0xaaab14795d40] Missing Sequence Header.","logger":"task.stderr"}
{"timestamp":"2025-10-06T07:52:33.468091Z","level":"error","event":"[av1 @ 0xaaab14795d40] Missing Sequence Header.","logger":"task.stderr"}
{"timestamp":"2025-10-06T07:52:33.468151Z","level":"error","event":"[av1 @ 0xaaab14795d40] Missing Sequence Header.","logger":"task.stderr"}
{"timestamp":"2025-10-06T07:52:33.468204Z","level":"error","event":"[av1 @ 0xaaab14795d40] Missing Sequence Header.","logger":"task.stderr"}
{"timestamp":"2025-10-06T07:52:33.468255Z","level":"error","event":"[av1 @ 0xaaab14795d40] Missing Sequence Header.","logger":"task.stderr"}
{"timestamp":"2025-10-06T07:52:33.468303Z","level":"error","event":"[av1 @ 0xaaab14795d40] Missing Sequence Header.","logger":"task.stderr"}
{"timestamp":"2025-10-06T07:52:33.468371Z","level":"error","event":"[av1 @ 0xaaab14795d40] Missing Sequence Header.","logger":"task.stderr"}
{"timestamp":"2025-10-06T07:52:33.468446Z","level":"error","event":"[av1 @ 0xaaab14795d40] Missing Sequence Header.","logger":"task.stderr"}
{"timestamp":"2025-10-06T07:52:33.468501Z","level":"error","event":"[av1 @ 0xaaab14795d40] Missing Sequence Header.","logger":"task.stderr"}
{"timestamp":"2025-10-06T07:52:33.468555Z","level":"error","event":"[av1 @ 0xaaab14795d40] Missing Sequence Header.","logger":"task.stderr"}
{"timestamp":"2025-10-06T07:52:33.468603Z","level":"error","event":"[av1 @ 0xaaab14795d40] Missing Sequence Header.","logger":"task.stderr"}
{"timestamp":"2025-10-06T07:52:33.468652Z","level":"error","event":"[av1 @ 0xaaab14795d40] Missing Sequence Header.","logger":"task.stderr"}
{"timestamp":"2025-10-06T07:52:33.468700Z","level":"error","event":"[av1 @ 0xaaab14795d40] Missing Sequence Header.","logger":"task.stderr"}
{"timestamp":"2025-10-06T07:52:33.468757Z","level":"error","event":"[av1 @ 0xaaab14795d40] Missing Sequence Header.","logger":"task.stderr"}
{"timestamp":"2025-10-06T07:52:33.468812Z","level":"error","event":"[av1 @ 0xaaab14795d40] Missing Sequence Header.","logger":"task.stderr"}
{"timestamp":"2025-10-06T07:52:33.468860Z","level":"error","event":"[av1 @ 0xaaab14795d40] Missing Sequence Header.","logger":"task.stderr"}
{"timestamp":"2025-10-06T07:52:33.468906Z","level":"error","event":"[av1 @ 0xaaab14795d40] Missing Sequence Header.","logger":"task.stderr"}
{"timestamp":"2025-10-06T07:52:33.468955Z","level":"error","event":"[av1 @ 0xaaab14795d40] Missing Sequence Header.","logger":"task.stderr"}
{"timestamp":"2025-10-06T07:52:33.469003Z","level":"error","event":"[av1 @ 0xaaab14795d40] Missing Sequence Header.","logger":"task.stderr"}
{"timestamp":"2025-10-06T07:52:33.469051Z","level":"error","event":"[av1 @ 0xaaab14795d40] Missing Sequence Header.","logger":"task.stderr"}
{"timestamp":"2025-10-06T07:52:33.469097Z","level":"error","event":"[av1 @ 0xaaab14795d40] Missing Sequence Header.","logger":"task.stderr"}
{"timestamp":"2025-10-06T07:52:33.469143Z","level":"error","event":"[av1 @ 0xaaab14795d40] Missing Sequence Header.","logger":"task.stderr"}
{"timestamp":"2025-10-06T07:52:33.469198Z","level":"error","event":"[av1 @ 0xaaab14795d40] Missing Sequence Header.","logger":"task.stderr"}
{"timestamp":"2025-10-06T07:52:33.469250Z","level":"error","event":"[av1 @ 0xaaab14795d40] Missing Sequence Header.","logger":"task.stderr"}
{"timestamp":"2025-10-06T07:52:33.469298Z","level":"error","event":"[av1 @ 0xaaab14795d40] Missing Sequence Header.","logger":"task.stderr"}
{"timestamp":"2025-10-06T07:52:33.469343Z","level":"error","event":"[av1 @ 0xaaab14795d40] Missing Sequence Header.","logger":"task.stderr"}
{"timestamp":"2025-10-06T07:52:33.469388Z","level":"error","event":"[av1 @ 0xaaab14795d40] Missing Sequence Header.","logger":"task.stderr"}
{"timestamp":"2025-10-06T07:52:33.469433Z","level":"error","event":"[av1 @ 0xaaab14795d40] Missing Sequence Header.","logger":"task.stderr"}
{"timestamp":"2025-10-06T07:52:33.469478Z","level":"error","event":"[av1 @ 0xaaab14795d40] Missing Sequence Header.","logger":"task.stderr"}
{"timestamp":"2025-10-06T07:52:33.469560Z","level":"error","event":"[av1 @ 0xaaab14795d40] Your platform doesn't suppport hardware accelerated AV1 decoding.","logger":"task.stderr"}
{"timestamp":"2025-10-06T07:52:33.469605Z","level":"error","event":"[av1 @ 0xaaab14795d40] Failed to get pixel format.","logger":"task.stderr"}
{"timestamp":"2025-10-06T07:52:33.469651Z","level":"error","event":"[av1 @ 0xaaab14795d40] Missing Sequence Header.","logger":"task.stderr"}
{"timestamp":"2025-10-06T07:52:33.469699Z","level":"error","event":"[av1 @ 0xaaab14795d40] Missing Sequence Header.","logger":"task.stderr"}
{"timestamp":"2025-10-06T07:52:33.469744Z","level":"error","event":"[av1 @ 0xaaab14795d40] Missing Sequence Header.","logger":"task.stderr"}
{"timestamp":"2025-10-06T07:52:33.469790Z","level":"error","event":"[av1 @ 0xaaab14795d40] Missing Sequence Header.","logger":"task.stderr"}
{"timestamp":"2025-10-06T07:52:33.469835Z","level":"error","event":"[av1 @ 0xaaab14795d40] Missing Sequence Header.","logger":"task.stderr"}
{"timestamp":"2025-10-06T07:52:33.469880Z","level":"error","event":"[av1 @ 0xaaab14795d40] Missing Sequence Header.","logger":"task.stderr"}
{"timestamp":"2025-10-06T07:52:33.469925Z","level":"error","event":"[av1 @ 0xaaab14795d40] Missing Sequence Header.","logger":"task.stderr"}
{"timestamp":"2025-10-06T07:52:33.469971Z","level":"error","event":"[av1 @ 0xaaab14795d40] Missing Sequence Header.","logger":"task.stderr"}
{"timestamp":"2025-10-06T07:52:33.470038Z","level":"error","event":"[av1 @ 0xaaab14795d40] Missing Sequence Header.","logger":"task.stderr"}
{"timestamp":"2025-10-06T07:52:33.470093Z","level":"error","event":"[av1 @ 0xaaab14795d40] Missing Sequence Header.","logger":"task.stderr"}
{"timestamp":"2025-10-06T07:52:33.470142Z","level":"error","event":"[av1 @ 0xaaab14795d40] Your platform doesn't suppport hardware accelerated AV1 decoding.","logger":"task.stderr"}
{"timestamp":"2025-10-06T07:52:33.470189Z","level":"error","event":"[av1 @ 0xaaab14795d40] Failed to get pixel format.","logger":"task.stderr"}
{"timestamp":"2025-10-06T07:52:33.470237Z","level":"error","event":"[av1 @ 0xaaab14795d40] Missing Sequence Header.","logger":"task.stderr"}
{"timestamp":"2025-10-06T07:52:33.470283Z","level":"error","event":"[av1 @ 0xaaab14795d40] Missing Sequence Header.","logger":"task.stderr"}
{"timestamp":"2025-10-06T07:52:33.470329Z","level":"error","event":"[av1 @ 0xaaab14795d40] Missing Sequence Header.","logger":"task.stderr"}
{"timestamp":"2025-10-06T07:52:33.470375Z","level":"error","event":"[av1 @ 0xaaab14795d40] Missing Sequence Header.","logger":"task.stderr"}
{"timestamp":"2025-10-06T07:52:33.470421Z","level":"error","event":"[av1 @ 0xaaab14795d40] Missing Sequence Header.","logger":"task.stderr"}
{"timestamp":"2025-10-06T07:52:33.470467Z","level":"error","event":"[av1 @ 0xaaab14795d40] Missing Sequence Header.","logger":"task.stderr"}
{"timestamp":"2025-10-06T07:52:33.470514Z","level":"error","event":"[av1 @ 0xaaab14795d40] Missing Sequence Header.","logger":"task.stderr"}
{"timestamp":"2025-10-06T07:52:33.470561Z","level":"error","event":"[av1 @ 0xaaab14795d40] Missing Sequence Header.","logger":"task.stderr"}
{"timestamp":"2025-10-06T07:52:33.470607Z","level":"error","event":"[av1 @ 0xaaab14795d40] Missing Sequence Header.","logger":"task.stderr"}
{"timestamp":"2025-10-06T07:52:33.470654Z","level":"error","event":"[av1 @ 0xaaab14795d40] Missing Sequence Header.","logger":"task.stderr"}
{"timestamp":"2025-10-06T07:52:33.470739Z","level":"error","event":"[av1 @ 0xaaab14795d40] Missing Sequence Header.","logger":"task.stderr"}
{"timestamp":"2025-10-06T07:52:33.470797Z","level":"error","event":"[av1 @ 0xaaab14795d40] Missing Sequence Header.","logger":"task.stderr"}
{"timestamp":"2025-10-06T07:52:33.470852Z","level":"error","event":"[av1 @ 0xaaab14795d40] Missing Sequence Header.","logger":"task.stderr"}
{"timestamp":"2025-10-06T07:52:33.470906Z","level":"error","event":"[av1 @ 0xaaab14795d40] Missing Sequence Header.","logger":"task.stderr"}
{"timestamp":"2025-10-06T07:52:33.470952Z","level":"error","event":"[av1 @ 0xaaab14795d40] Missing Sequence Header.","logger":"task.stderr"}
{"timestamp":"2025-10-06T07:52:33.471042Z","level":"error","event":"[av1 @ 0xaaab14795d40] Missing Sequence Header.","logger":"task.stderr"}
{"timestamp":"2025-10-06T07:52:33.471099Z","level":"error","event":"[av1 @ 0xaaab14795d40] Missing Sequence Header.","logger":"task.stderr"}
{"timestamp":"2025-10-06T07:52:33.471149Z","level":"error","event":"[av1 @ 0xaaab14795d40] Missing Sequence Header.","logger":"task.stderr"}
{"timestamp":"2025-10-06T07:52:33.471194Z","level":"error","event":"[av1 @ 0xaaab14795d40] Missing Sequence Header.","logger":"task.stderr"}
{"timestamp":"2025-10-06T07:52:33.471239Z","level":"error","event":"[av1 @ 0xaaab14795d40] Missing Sequence Header.","logger":"task.stderr"}
{"timestamp":"2025-10-06T07:52:33.471286Z","level":"error","event":"[av1 @ 0xaaab14795d40] Missing Sequence Header.","logger":"task.stderr"}
{"timestamp":"2025-10-06T07:52:33.471332Z","level":"error","event":"[av1 @ 0xaaab14795d40] Missing Sequence Header.","logger":"task.stderr"}
{"timestamp":"2025-10-06T07:52:33.471380Z","level":"error","event":"[av1 @ 0xaaab14795d40] Missing Sequence Header.","logger":"task.stderr"}
{"timestamp":"2025-10-06T07:52:33.471428Z","level":"error","event":"[av1 @ 0xaaab14795d40] Missing Sequence Header.","logger":"task.stderr"}
{"timestamp":"2025-10-06T07:52:33.471474Z","level":"error","event":"[av1 @ 0xaaab14795d40] Missing Sequence Header.","logger":"task.stderr"}
{"timestamp":"2025-10-06T07:52:33.471520Z","level":"error","event":"[av1 @ 0xaaab14795d40] Missing Sequence Header.","logger":"task.stderr"}
{"timestamp":"2025-10-06T07:52:33.471567Z","level":"error","event":"[av1 @ 0xaaab14795d40] Missing Sequence Header.","logger":"task.stderr"}
{"timestamp":"2025-10-06T07:52:33.471615Z","level":"error","event":"[av1 @ 0xaaab14795d40] Missing Sequence Header.","logger":"task.stderr"}
{"timestamp":"2025-10-06T07:52:33.471662Z","level":"error","event":"[av1 @ 0xaaab14795d40] Missing Sequence Header.","logger":"task.stderr"}
{"timestamp":"2025-10-06T07:52:33.471710Z","level":"error","event":"[av1 @ 0xaaab14795d40] Missing Sequence Header.","logger":"task.stderr"}
{"timestamp":"2025-10-06T07:52:33.471778Z","level":"info","event":"현재 사용 중인 비디오 객체 타입: <class 'scenedetect.backends.opencv.VideoStreamCv2'>","logger":"task.stdout"}
{"timestamp":"2025-10-06T07:52:33.471843Z","level":"info","event":"---------- 비디오 파일 정보 확인 ----------","logger":"task.stdout"}
{"timestamp":"2025-10-06T07:52:33.471898Z","level":"info","event":"해상도: (854, 480), 총 길이: 00:03:33.040, FPS: 25.00","logger":"task.stdout"}
{"timestamp":"2025-10-06T07:52:33.471954Z","level":"info","event":"❌ 오류 발생: 첫 프레임 읽기 실패! 비디오 파일 손상 또는 코덱 문제를 확인하세요.","logger":"task.stdout"}
{"timestamp":"2025-10-06T07:52:33.472015Z","level":"info","event":"⚠️ 비디오 파일 닫기 중 문제가 발생했습니다.","logger":"task.stdout"}
{"timestamp":"2025-10-06T07:52:33.472096Z","level":"error","event":"[av1 @ 0xaaab14795d40] Missing Sequence Header.","logger":"task.stderr"}
{"timestamp":"2025-10-06T07:52:33.472144Z","level":"error","event":"[av1 @ 0xaaab14795d40] Missing Sequence Header.","logger":"task.stderr"}
{"timestamp":"2025-10-06T07:52:33.472191Z","level":"error","event":"[av1 @ 0xaaab14795d40] Missing Sequence Header.","logger":"task.stderr"}
{"timestamp":"2025-10-06T07:52:33.472246Z","level":"error","event":"[av1 @ 0xaaab14795d40] Missing Sequence Header.","logger":"task.stderr"}
{"timestamp":"2025-10-06T07:52:33.472298Z","level":"error","event":"[av1 @ 0xaaab14795d40] Missing Sequence Header.","logger":"task.stderr"}
{"timestamp":"2025-10-06T07:52:33.472354Z","level":"error","event":"[av1 @ 0xaaab14795d40] Missing Sequence Header.","logger":"task.stderr"}
{"timestamp":"2025-10-06T07:52:33.472406Z","level":"error","event":"[av1 @ 0xaaab14795d40] Missing Sequence Header.","logger":"task.stderr"}
{"timestamp":"2025-10-06T07:52:33.472450Z","level":"error","event":"[av1 @ 0xaaab14795d40] Missing Sequence Header.","logger":"task.stderr"}
{"timestamp":"2025-10-06T07:52:33.472533Z","level":"error","event":"[av1 @ 0xaaab14795d40] Missing Sequence Header.","logger":"task.stderr"}
{"timestamp":"2025-10-06T07:52:33.472584Z","level":"error","event":"[av1 @ 0xaaab14795d40] Missing Sequence Header.","logger":"task.stderr"}
{"timestamp":"2025-10-06T07:52:33.472630Z","level":"error","event":"[av1 @ 0xaaab14795d40] Missing Sequence Header.","logger":"task.stderr"}
{"timestamp":"2025-10-06T07:52:33.472675Z","level":"error","event":"[av1 @ 0xaaab14795d40] Missing Sequence Header.","logger":"task.stderr"}
{"timestamp":"2025-10-06T07:52:33.472720Z","level":"error","event":"[av1 @ 0xaaab14795d40] Missing Sequence Header.","logger":"task.stderr"}
{"timestamp":"2025-10-06T07:52:33.472765Z","level":"error","event":"[av1 @ 0xaaab14795d40] Missing Sequence Header.","logger":"task.stderr"}
{"timestamp":"2025-10-06T07:52:33.472810Z","level":"error","event":"[av1 @ 0xaaab14795d40] Missing Sequence Header.","logger":"task.stderr"}
{"timestamp":"2025-10-06T07:52:33.472855Z","level":"error","event":"[av1 @ 0xaaab14795d40] Missing Sequence Header.","logger":"task.stderr"}
{"timestamp":"2025-10-06T07:52:33.472900Z","level":"error","event":"[av1 @ 0xaaab14795d40] Missing Sequence Header.","logger":"task.stderr"}
{"timestamp":"2025-10-06T07:52:33.472945Z","level":"error","event":"[av1 @ 0xaaab14795d40] Missing Sequence Header.","logger":"task.stderr"}
{"timestamp":"2025-10-06T07:52:33.472998Z","level":"error","event":"[av1 @ 0xaaab14795d40] Missing Sequence Header.","logger":"task.stderr"}
{"timestamp":"2025-10-06T07:52:33.473043Z","level":"error","event":"[av1 @ 0xaaab14795d40] Missing Sequence Header.","logger":"task.stderr"}
{"timestamp":"2025-10-06T07:52:33.473088Z","level":"error","event":"[av1 @ 0xaaab14795d40] Missing Sequence Header.","logger":"task.stderr"}
{"timestamp":"2025-10-06T07:52:33.473135Z","level":"error","event":"[av1 @ 0xaaab14795d40] Missing Sequence Header.","logger":"task.stderr"}
{"timestamp":"2025-10-06T07:52:33.473180Z","level":"error","event":"[av1 @ 0xaaab14795d40] Missing Sequence Header.","logger":"task.stderr"}
{"timestamp":"2025-10-06T07:52:33.473226Z","level":"error","event":"[av1 @ 0xaaab14795d40] Missing Sequence Header.","logger":"task.stderr"}
{"timestamp":"2025-10-06T07:52:33.473271Z","level":"error","event":"[av1 @ 0xaaab14795d40] Missing Sequence Header.","logger":"task.stderr"}
{"timestamp":"2025-10-06T07:52:33.473316Z","level":"error","event":"[av1 @ 0xaaab14795d40] Missing Sequence Header.","logger":"task.stderr"}
{"timestamp":"2025-10-06T07:52:33.473361Z","level":"error","event":"[av1 @ 0xaaab14795d40] Missing Sequence Header.","logger":"task.stderr"}
{"timestamp":"2025-10-06T07:52:33.473405Z","level":"error","event":"[av1 @ 0xaaab14795d40] Missing Sequence Header.","logger":"task.stderr"}
{"timestamp":"2025-10-06T07:52:33.473453Z","level":"error","event":"[av1 @ 0xaaab14795d40] Missing Sequence Header.","logger":"task.stderr"}
{"timestamp":"2025-10-06T07:52:33.473497Z","level":"error","event":"[av1 @ 0xaaab14795d40] Missing Sequence Header.","logger":"task.stderr"}
{"timestamp":"2025-10-06T07:52:33.473542Z","level":"error","event":"[av1 @ 0xaaab14795d40] Missing Sequence Header.","logger":"task.stderr"}
{"timestamp":"2025-10-06T07:52:33.473586Z","level":"error","event":"[av1 @ 0xaaab14795d40] Missing Sequence Header.","logger":"task.stderr"}
{"timestamp":"2025-10-06T07:52:33.473631Z","level":"error","event":"[av1 @ 0xaaab14795d40] Missing Sequence Header.","logger":"task.stderr"}
{"timestamp":"2025-10-06T07:52:33.473676Z","level":"error","event":"[av1 @ 0xaaab14795d40] Missing Sequence Header.","logger":"task.stderr"}
{"timestamp":"2025-10-06T07:52:33.473721Z","level":"error","event":"[av1 @ 0xaaab14cc5ee0] Your platform doesn't suppport hardware accelerated AV1 decoding.","logger":"task.stderr"}
{"timestamp":"2025-10-06T07:52:33.473767Z","level":"error","event":"[av1 @ 0xaaab14cc5ee0] Failed to get pixel format.","logger":"task.stderr"}
{"timestamp":"2025-10-06T07:52:33.473849Z","level":"error","event":"[av1 @ 0xaaab14cc5ee0] Your platform doesn't suppport hardware accelerated AV1 decoding.","logger":"task.stderr"}
{"timestamp":"2025-10-06T07:52:33.473902Z","level":"error","event":"[av1 @ 0xaaab14cc5ee0] Failed to get pixel format.","logger":"task.stderr"}
{"timestamp":"2025-10-06T07:52:33.473947Z","level":"error","event":"[av1 @ 0xaaab14cc5ee0] Missing Sequence Header.","logger":"task.stderr"}
{"timestamp":"2025-10-06T07:52:33.474003Z","level":"error","event":"[av1 @ 0xaaab14cc5ee0] Missing Sequence Header.","logger":"task.stderr"}
{"timestamp":"2025-10-06T07:52:33.474055Z","level":"error","event":"[av1 @ 0xaaab14cc5ee0] Missing Sequence Header.","logger":"task.stderr"}
{"timestamp":"2025-10-06T07:52:33.474108Z","level":"error","event":"[av1 @ 0xaaab14cc5ee0] Missing Sequence Header.","logger":"task.stderr"}
{"timestamp":"2025-10-06T07:52:33.474158Z","level":"error","event":"[av1 @ 0xaaab14cc5ee0] Missing Sequence Header.","logger":"task.stderr"}
{"timestamp":"2025-10-06T07:52:33.474203Z","level":"error","event":"[av1 @ 0xaaab14cc5ee0] Missing Sequence Header.","logger":"task.stderr"}
{"timestamp":"2025-10-06T07:52:33.467344Z","level":"info","event":"Done. Returned value was: []","logger":"airflow.task.operators.airflow.providers.standard.operators.python.PythonOperator","filename":"python.py","lineno":218}
{"timestamp":"2025-10-06T07:52:33.467447Z","level":"info","event":"Pushing xcom","ti":"RuntimeTaskInstance(id=UUID('0199b881-e407-770e-b729-d0156f4fffef'), task_id='detect_task', dag_id='video_scene_detection_pipeline', run_id='manual__2025-10-06T07:52:24.306236+00:00', try_number=1, dag_version_id=UUID('0199b83b-81cd-7cb3-914a-8cb23e980667'), map_index=-1, hostname='6bff5d116c26', context_carrier={}, task=<Task(PythonOperator): detect_task>, bundle_instance=LocalDagBundle(name=dags-folder), max_tries=1, start_date=datetime.datetime(2025, 10, 6, 7, 52, 33, 236223, tzinfo=datetime.timezone.utc), end_date=None, state=<TaskInstanceState.RUNNING: 'running'>, is_mapped=False, rendered_map_index=None)","logger":"task","filename":"task_runner.py","lineno":1352}
