{"timestamp":"2025-10-07T06:28:51.964422Z","level":"info","event":"DAG bundles loaded: dags-folder","logger":"airflow.dag_processing.bundles.manager.DagBundlesManager","filename":"manager.py","lineno":179}
{"timestamp":"2025-10-07T06:28:51.965189Z","level":"info","event":"Filling up the DagBag from /opt/airflow/dags/video_chapter_pipeline.py","logger":"airflow.models.dagbag.DagBag","filename":"dagbag.py","lineno":593}
{"timestamp":"2025-10-07T06:28:52.239765Z","level":"warning","event":"The `airflow.operators.python.PythonOperator` attribute is deprecated. Please use `'airflow.providers.standard.operators.python.PythonOperator'`.","category":"DeprecatedImportWarning","filename":"/opt/airflow/dags/video_chapter_pipeline.py","lineno":4,"logger":"py.warnings"}
{"timestamp":"2025-10-07T06:28:52.274713Z","level":"error","event":"[av1 @ 0xaaaadf2b6450] Your platform doesn't suppport hardware accelerated AV1 decoding.","logger":"task.stderr"}
{"timestamp":"2025-10-07T06:28:52.274969Z","level":"error","event":"[av1 @ 0xaaaadf2b6450] Failed to get pixel format.","logger":"task.stderr"}
{"timestamp":"2025-10-07T06:28:52.275254Z","level":"error","event":"[av1 @ 0xaaaadf2b6450] Your platform doesn't suppport hardware accelerated AV1 decoding.","logger":"task.stderr"}
{"timestamp":"2025-10-07T06:28:52.275373Z","level":"error","event":"[av1 @ 0xaaaadf2b6450] Failed to get pixel format.","logger":"task.stderr"}
{"timestamp":"2025-10-07T06:28:52.275491Z","level":"error","event":"[av1 @ 0xaaaadf2b6450] Missing Sequence Header.","logger":"task.stderr"}
{"timestamp":"2025-10-07T06:28:52.275598Z","level":"error","event":"[av1 @ 0xaaaadf2b6450] Missing Sequence Header.","logger":"task.stderr"}
{"timestamp":"2025-10-07T06:28:52.275726Z","level":"error","event":"[av1 @ 0xaaaadf2b6450] Missing Sequence Header.","logger":"task.stderr"}
{"timestamp":"2025-10-07T06:28:52.275842Z","level":"error","event":"[av1 @ 0xaaaadf2b6450] Missing Sequence Header.","logger":"task.stderr"}
{"timestamp":"2025-10-07T06:28:52.276038Z","level":"error","event":"[av1 @ 0xaaaadf2b6450] Missing Sequence Header.","logger":"task.stderr"}
{"timestamp":"2025-10-07T06:28:52.276131Z","level":"error","event":"[av1 @ 0xaaaadf2b6450] Missing Sequence Header.","logger":"task.stderr"}
{"timestamp":"2025-10-07T06:28:52.276233Z","level":"error","event":"[av1 @ 0xaaaadf2b6450] Missing Sequence Header.","logger":"task.stderr"}
{"timestamp":"2025-10-07T06:28:52.276351Z","level":"error","event":"[av1 @ 0xaaaadf2b6450] Missing Sequence Header.","logger":"task.stderr"}
{"timestamp":"2025-10-07T06:28:52.276495Z","level":"error","event":"[av1 @ 0xaaaadf2b6450] Missing Sequence Header.","logger":"task.stderr"}
{"timestamp":"2025-10-07T06:28:52.276601Z","level":"error","event":"[av1 @ 0xaaaadf2b6450] Missing Sequence Header.","logger":"task.stderr"}
{"timestamp":"2025-10-07T06:28:52.276721Z","level":"error","event":"[av1 @ 0xaaaadf2b6450] Missing Sequence Header.","logger":"task.stderr"}
{"timestamp":"2025-10-07T06:28:52.276829Z","level":"error","event":"[av1 @ 0xaaaadf2b6450] Missing Sequence Header.","logger":"task.stderr"}
{"timestamp":"2025-10-07T06:28:52.276961Z","level":"error","event":"[av1 @ 0xaaaadf2b6450] Missing Sequence Header.","logger":"task.stderr"}
{"timestamp":"2025-10-07T06:28:52.277078Z","level":"error","event":"[av1 @ 0xaaaadf2b6450] Missing Sequence Header.","logger":"task.stderr"}
{"timestamp":"2025-10-07T06:28:52.277161Z","level":"error","event":"[av1 @ 0xaaaadf2b6450] Your platform doesn't suppport hardware accelerated AV1 decoding.","logger":"task.stderr"}
{"timestamp":"2025-10-07T06:28:52.277237Z","level":"error","event":"[av1 @ 0xaaaadf2b6450] Failed to get pixel format.","logger":"task.stderr"}
{"timestamp":"2025-10-07T06:28:52.277310Z","level":"error","event":"[av1 @ 0xaaaadf2b6450] Missing Sequence Header.","logger":"task.stderr"}
{"timestamp":"2025-10-07T06:28:52.277389Z","level":"error","event":"[av1 @ 0xaaaadf2b6450] Missing Sequence Header.","logger":"task.stderr"}
{"timestamp":"2025-10-07T06:28:52.277486Z","level":"error","event":"[av1 @ 0xaaaadf2b6450] Missing Sequence Header.","logger":"task.stderr"}
{"timestamp":"2025-10-07T06:28:52.277622Z","level":"error","event":"[av1 @ 0xaaaadf2b6450] Missing Sequence Header.","logger":"task.stderr"}
{"timestamp":"2025-10-07T06:28:52.277706Z","level":"error","event":"[av1 @ 0xaaaadf2b6450] Missing Sequence Header.","logger":"task.stderr"}
{"timestamp":"2025-10-07T06:28:52.277777Z","level":"error","event":"[av1 @ 0xaaaadf2b6450] Missing Sequence Header.","logger":"task.stderr"}
{"timestamp":"2025-10-07T06:28:52.277846Z","level":"error","event":"[av1 @ 0xaaaadf2b6450] Missing Sequence Header.","logger":"task.stderr"}
{"timestamp":"2025-10-07T06:28:52.277913Z","level":"error","event":"[av1 @ 0xaaaadf2b6450] Missing Sequence Header.","logger":"task.stderr"}
{"timestamp":"2025-10-07T06:28:52.277990Z","level":"error","event":"[av1 @ 0xaaaadf2b6450] Missing Sequence Header.","logger":"task.stderr"}
{"timestamp":"2025-10-07T06:28:52.278062Z","level":"error","event":"[av1 @ 0xaaaadf2b6450] Missing Sequence Header.","logger":"task.stderr"}
{"timestamp":"2025-10-07T06:28:52.278132Z","level":"error","event":"[av1 @ 0xaaaadf2b6450] Missing Sequence Header.","logger":"task.stderr"}
{"timestamp":"2025-10-07T06:28:52.278228Z","level":"error","event":"[av1 @ 0xaaaadf2b6450] Missing Sequence Header.","logger":"task.stderr"}
{"timestamp":"2025-10-07T06:28:52.278354Z","level":"error","event":"[av1 @ 0xaaaadf2b6450] Missing Sequence Header.","logger":"task.stderr"}
{"timestamp":"2025-10-07T06:28:52.278446Z","level":"error","event":"[av1 @ 0xaaaadf2b6450] Missing Sequence Header.","logger":"task.stderr"}
{"timestamp":"2025-10-07T06:28:52.278519Z","level":"error","event":"[av1 @ 0xaaaadf2b6450] Missing Sequence Header.","logger":"task.stderr"}
{"timestamp":"2025-10-07T06:28:52.278590Z","level":"error","event":"[av1 @ 0xaaaadf2b6450] Missing Sequence Header.","logger":"task.stderr"}
{"timestamp":"2025-10-07T06:28:52.278739Z","level":"error","event":"[av1 @ 0xaaaadf2b6450] Missing Sequence Header.","logger":"task.stderr"}
{"timestamp":"2025-10-07T06:28:52.278830Z","level":"error","event":"[av1 @ 0xaaaadf2b6450] Missing Sequence Header.","logger":"task.stderr"}
{"timestamp":"2025-10-07T06:28:52.279885Z","level":"error","event":"[av1 @ 0xaaaadf2b6450] Missing Sequence Header.","logger":"task.stderr"}
{"timestamp":"2025-10-07T06:28:52.280777Z","level":"error","event":"[av1 @ 0xaaaadf2b6450] Missing Sequence Header.","logger":"task.stderr"}
{"timestamp":"2025-10-07T06:28:52.282586Z","level":"error","event":"[av1 @ 0xaaaadf2b6450] Missing Sequence Header.","logger":"task.stderr"}
{"timestamp":"2025-10-07T06:28:52.282695Z","level":"error","event":"[av1 @ 0xaaaadf2b6450] Missing Sequence Header.","logger":"task.stderr"}
{"timestamp":"2025-10-07T06:28:52.282824Z","level":"error","event":"[av1 @ 0xaaaadf2b6450] Missing Sequence Header.","logger":"task.stderr"}
{"timestamp":"2025-10-07T06:28:52.282992Z","level":"error","event":"[av1 @ 0xaaaadf2b6450] Missing Sequence Header.","logger":"task.stderr"}
{"timestamp":"2025-10-07T06:28:52.283061Z","level":"error","event":"[av1 @ 0xaaaadf2b6450] Missing Sequence Header.","logger":"task.stderr"}
{"timestamp":"2025-10-07T06:28:52.283124Z","level":"error","event":"[av1 @ 0xaaaadf2b6450] Missing Sequence Header.","logger":"task.stderr"}
{"timestamp":"2025-10-07T06:28:52.283795Z","level":"error","event":"[av1 @ 0xaaaadf2b6450] Missing Sequence Header.","logger":"task.stderr"}
{"timestamp":"2025-10-07T06:28:52.283884Z","level":"error","event":"[av1 @ 0xaaaadf2b6450] Missing Sequence Header.","logger":"task.stderr"}
{"timestamp":"2025-10-07T06:28:52.283977Z","level":"error","event":"[av1 @ 0xaaaadf2b6450] Missing Sequence Header.","logger":"task.stderr"}
{"timestamp":"2025-10-07T06:28:52.284039Z","level":"error","event":"[av1 @ 0xaaaadf2b6450] Missing Sequence Header.","logger":"task.stderr"}
{"timestamp":"2025-10-07T06:28:52.284100Z","level":"error","event":"[av1 @ 0xaaaadf2b6450] Missing Sequence Header.","logger":"task.stderr"}
{"timestamp":"2025-10-07T06:28:52.284160Z","level":"error","event":"[av1 @ 0xaaaadf2b6450] Missing Sequence Header.","logger":"task.stderr"}
{"timestamp":"2025-10-07T06:28:52.284257Z","level":"error","event":"[av1 @ 0xaaaadf2b6450] Your platform doesn't suppport hardware accelerated AV1 decoding.","logger":"task.stderr"}
{"timestamp":"2025-10-07T06:28:52.284318Z","level":"error","event":"[av1 @ 0xaaaadf2b6450] Failed to get pixel format.","logger":"task.stderr"}
{"timestamp":"2025-10-07T06:28:52.284378Z","level":"error","event":"[av1 @ 0xaaaadf2b6450] Missing Sequence Header.","logger":"task.stderr"}
{"timestamp":"2025-10-07T06:28:52.284959Z","level":"error","event":"[av1 @ 0xaaaadf2b6450] Missing Sequence Header.","logger":"task.stderr"}
{"timestamp":"2025-10-07T06:28:52.285047Z","level":"error","event":"[av1 @ 0xaaaadf2b6450] Missing Sequence Header.","logger":"task.stderr"}
{"timestamp":"2025-10-07T06:28:52.285122Z","level":"error","event":"[av1 @ 0xaaaadf2b6450] Missing Sequence Header.","logger":"task.stderr"}
{"timestamp":"2025-10-07T06:28:52.285193Z","level":"error","event":"[av1 @ 0xaaaadf2b6450] Missing Sequence Header.","logger":"task.stderr"}
{"timestamp":"2025-10-07T06:28:52.285264Z","level":"error","event":"[av1 @ 0xaaaadf2b6450] Missing Sequence Header.","logger":"task.stderr"}
{"timestamp":"2025-10-07T06:28:52.285335Z","level":"error","event":"[av1 @ 0xaaaadf2b6450] Missing Sequence Header.","logger":"task.stderr"}
{"timestamp":"2025-10-07T06:28:52.285406Z","level":"error","event":"[av1 @ 0xaaaadf2b6450] Missing Sequence Header.","logger":"task.stderr"}
{"timestamp":"2025-10-07T06:28:52.285477Z","level":"error","event":"[av1 @ 0xaaaadf2b6450] Missing Sequence Header.","logger":"task.stderr"}
{"timestamp":"2025-10-07T06:28:52.286786Z","level":"error","event":"[av1 @ 0xaaaadf2b6450] Missing Sequence Header.","logger":"task.stderr"}
{"timestamp":"2025-10-07T06:28:52.286908Z","level":"error","event":"[av1 @ 0xaaaadf2b6450] Your platform doesn't suppport hardware accelerated AV1 decoding.","logger":"task.stderr"}
{"timestamp":"2025-10-07T06:28:52.287002Z","level":"error","event":"[av1 @ 0xaaaadf2b6450] Failed to get pixel format.","logger":"task.stderr"}
{"timestamp":"2025-10-07T06:28:52.287079Z","level":"error","event":"[av1 @ 0xaaaadf2b6450] Missing Sequence Header.","logger":"task.stderr"}
{"timestamp":"2025-10-07T06:28:52.287222Z","level":"error","event":"[av1 @ 0xaaaadf2b6450] Missing Sequence Header.","logger":"task.stderr"}
{"timestamp":"2025-10-07T06:28:52.287300Z","level":"error","event":"[av1 @ 0xaaaadf2b6450] Missing Sequence Header.","logger":"task.stderr"}
{"timestamp":"2025-10-07T06:28:52.287431Z","level":"error","event":"[av1 @ 0xaaaadf2b6450] Missing Sequence Header.","logger":"task.stderr"}
{"timestamp":"2025-10-07T06:28:52.287541Z","level":"error","event":"[av1 @ 0xaaaadf2b6450] Missing Sequence Header.","logger":"task.stderr"}
{"timestamp":"2025-10-07T06:28:52.287619Z","level":"error","event":"[av1 @ 0xaaaadf2b6450] Missing Sequence Header.","logger":"task.stderr"}
{"timestamp":"2025-10-07T06:28:52.287693Z","level":"error","event":"[av1 @ 0xaaaadf2b6450] Missing Sequence Header.","logger":"task.stderr"}
{"timestamp":"2025-10-07T06:28:52.287795Z","level":"error","event":"[av1 @ 0xaaaadf2b6450] Missing Sequence Header.","logger":"task.stderr"}
{"timestamp":"2025-10-07T06:28:52.287874Z","level":"error","event":"[av1 @ 0xaaaadf2b6450] Missing Sequence Header.","logger":"task.stderr"}
{"timestamp":"2025-10-07T06:28:52.287961Z","level":"error","event":"[av1 @ 0xaaaadf2b6450] Missing Sequence Header.","logger":"task.stderr"}
{"timestamp":"2025-10-07T06:28:52.288070Z","level":"error","event":"[av1 @ 0xaaaadf2b6450] Missing Sequence Header.","logger":"task.stderr"}
{"timestamp":"2025-10-07T06:28:52.288177Z","level":"error","event":"[av1 @ 0xaaaadf2b6450] Missing Sequence Header.","logger":"task.stderr"}
{"timestamp":"2025-10-07T06:28:52.288786Z","level":"error","event":"[av1 @ 0xaaaadf2b6450] Missing Sequence Header.","logger":"task.stderr"}
{"timestamp":"2025-10-07T06:28:52.288884Z","level":"error","event":"[av1 @ 0xaaaadf2b6450] Missing Sequence Header.","logger":"task.stderr"}
{"timestamp":"2025-10-07T06:28:52.288962Z","level":"error","event":"[av1 @ 0xaaaadf2b6450] Missing Sequence Header.","logger":"task.stderr"}
{"timestamp":"2025-10-07T06:28:52.289101Z","level":"error","event":"[av1 @ 0xaaaadf2b6450] Missing Sequence Header.","logger":"task.stderr"}
{"timestamp":"2025-10-07T06:28:52.289174Z","level":"error","event":"[av1 @ 0xaaaadf2b6450] Missing Sequence Header.","logger":"task.stderr"}
{"timestamp":"2025-10-07T06:28:52.289246Z","level":"error","event":"[av1 @ 0xaaaadf2b6450] Missing Sequence Header.","logger":"task.stderr"}
{"timestamp":"2025-10-07T06:28:52.289318Z","level":"error","event":"[av1 @ 0xaaaadf2b6450] Missing Sequence Header.","logger":"task.stderr"}
{"timestamp":"2025-10-07T06:28:52.289388Z","level":"error","event":"[av1 @ 0xaaaadf2b6450] Missing Sequence Header.","logger":"task.stderr"}
{"timestamp":"2025-10-07T06:28:52.290811Z","level":"error","event":"[av1 @ 0xaaaadf2b6450] Missing Sequence Header.","logger":"task.stderr"}
{"timestamp":"2025-10-07T06:28:52.291030Z","level":"error","event":"[av1 @ 0xaaaadf2b6450] Missing Sequence Header.","logger":"task.stderr"}
{"timestamp":"2025-10-07T06:28:52.291138Z","level":"error","event":"[av1 @ 0xaaaadf2b6450] Missing Sequence Header.","logger":"task.stderr"}
{"timestamp":"2025-10-07T06:28:52.291227Z","level":"error","event":"[av1 @ 0xaaaadf2b6450] Missing Sequence Header.","logger":"task.stderr"}
{"timestamp":"2025-10-07T06:28:52.291301Z","level":"error","event":"[av1 @ 0xaaaadf2b6450] Missing Sequence Header.","logger":"task.stderr"}
{"timestamp":"2025-10-07T06:28:52.291373Z","level":"error","event":"[av1 @ 0xaaaadf2b6450] Missing Sequence Header.","logger":"task.stderr"}
{"timestamp":"2025-10-07T06:28:52.291444Z","level":"error","event":"[av1 @ 0xaaaadf2b6450] Missing Sequence Header.","logger":"task.stderr"}
{"timestamp":"2025-10-07T06:28:52.291516Z","level":"error","event":"[av1 @ 0xaaaadf2b6450] Missing Sequence Header.","logger":"task.stderr"}
{"timestamp":"2025-10-07T06:28:52.291587Z","level":"error","event":"[av1 @ 0xaaaadf2b6450] Missing Sequence Header.","logger":"task.stderr"}
{"timestamp":"2025-10-07T06:28:52.291657Z","level":"error","event":"[av1 @ 0xaaaadf2b6450] Missing Sequence Header.","logger":"task.stderr"}
{"timestamp":"2025-10-07T06:28:52.291735Z","level":"error","event":"[av1 @ 0xaaaadf2b6450] Missing Sequence Header.","logger":"task.stderr"}
{"timestamp":"2025-10-07T06:28:52.291805Z","level":"error","event":"[av1 @ 0xaaaadf2b6450] Missing Sequence Header.","logger":"task.stderr"}
{"timestamp":"2025-10-07T06:28:52.291878Z","level":"error","event":"[av1 @ 0xaaaadf2b6450] Missing Sequence Header.","logger":"task.stderr"}
{"timestamp":"2025-10-07T06:28:52.291948Z","level":"error","event":"[av1 @ 0xaaaadf2b6450] Missing Sequence Header.","logger":"task.stderr"}
{"timestamp":"2025-10-07T06:28:52.292019Z","level":"error","event":"[av1 @ 0xaaaadf2b6450] Missing Sequence Header.","logger":"task.stderr"}
{"timestamp":"2025-10-07T06:28:52.292090Z","level":"error","event":"[av1 @ 0xaaaadf2b6450] Missing Sequence Header.","logger":"task.stderr"}
{"timestamp":"2025-10-07T06:28:52.292160Z","level":"error","event":"[av1 @ 0xaaaadf2b6450] Missing Sequence Header.","logger":"task.stderr"}
{"timestamp":"2025-10-07T06:28:52.292230Z","level":"error","event":"[av1 @ 0xaaaadf2b6450] Missing Sequence Header.","logger":"task.stderr"}
{"timestamp":"2025-10-07T06:28:52.292301Z","level":"error","event":"[av1 @ 0xaaaadf2b6450] Missing Sequence Header.","logger":"task.stderr"}
{"timestamp":"2025-10-07T06:28:52.294784Z","level":"error","event":"[av1 @ 0xaaaadf2b6450] Missing Sequence Header.","logger":"task.stderr"}
{"timestamp":"2025-10-07T06:28:52.294914Z","level":"error","event":"[av1 @ 0xaaaadf2b6450] Missing Sequence Header.","logger":"task.stderr"}
{"timestamp":"2025-10-07T06:28:52.295013Z","level":"error","event":"[av1 @ 0xaaaadf2b6450] Missing Sequence Header.","logger":"task.stderr"}
{"timestamp":"2025-10-07T06:28:52.295088Z","level":"error","event":"[av1 @ 0xaaaadf2b6450] Missing Sequence Header.","logger":"task.stderr"}
{"timestamp":"2025-10-07T06:28:52.295160Z","level":"error","event":"[av1 @ 0xaaaadf2b6450] Missing Sequence Header.","logger":"task.stderr"}
{"timestamp":"2025-10-07T06:28:52.295291Z","level":"error","event":"[av1 @ 0xaaaadf2b6450] Missing Sequence Header.","logger":"task.stderr"}
{"timestamp":"2025-10-07T06:28:52.295364Z","level":"error","event":"[av1 @ 0xaaaadf2b6450] Missing Sequence Header.","logger":"task.stderr"}
{"timestamp":"2025-10-07T06:28:52.295438Z","level":"error","event":"[av1 @ 0xaaaadf2b6450] Missing Sequence Header.","logger":"task.stderr"}
{"timestamp":"2025-10-07T06:28:52.295510Z","level":"error","event":"[av1 @ 0xaaaadf2b6450] Missing Sequence Header.","logger":"task.stderr"}
{"timestamp":"2025-10-07T06:28:52.295580Z","level":"error","event":"[av1 @ 0xaaaadf2b6450] Missing Sequence Header.","logger":"task.stderr"}
{"timestamp":"2025-10-07T06:28:52.295651Z","level":"error","event":"[av1 @ 0xaaaadf2b6450] Missing Sequence Header.","logger":"task.stderr"}
{"timestamp":"2025-10-07T06:28:52.295727Z","level":"error","event":"[av1 @ 0xaaaadf2b6450] Missing Sequence Header.","logger":"task.stderr"}
{"timestamp":"2025-10-07T06:28:52.295796Z","level":"error","event":"[av1 @ 0xaaaadf2b6450] Missing Sequence Header.","logger":"task.stderr"}
{"timestamp":"2025-10-07T06:28:52.295865Z","level":"error","event":"[av1 @ 0xaaaadf2b6450] Missing Sequence Header.","logger":"task.stderr"}
{"timestamp":"2025-10-07T06:28:52.295934Z","level":"error","event":"[av1 @ 0xaaaadf2b6450] Missing Sequence Header.","logger":"task.stderr"}
{"timestamp":"2025-10-07T06:28:52.296004Z","level":"error","event":"[av1 @ 0xaaaadf2b6450] Missing Sequence Header.","logger":"task.stderr"}
{"timestamp":"2025-10-07T06:28:52.296085Z","level":"error","event":"[av1 @ 0xaaaadf2b6450] Missing Sequence Header.","logger":"task.stderr"}
{"timestamp":"2025-10-07T06:28:52.296159Z","level":"error","event":"[av1 @ 0xaaaadf2b6450] Missing Sequence Header.","logger":"task.stderr"}
{"timestamp":"2025-10-07T06:28:52.296256Z","level":"error","event":"[av1 @ 0xaaaadf2b6450] Missing Sequence Header.","logger":"task.stderr"}
{"timestamp":"2025-10-07T06:28:52.296326Z","level":"error","event":"[av1 @ 0xaaaadf2b6450] Missing Sequence Header.","logger":"task.stderr"}
{"timestamp":"2025-10-07T06:28:52.296398Z","level":"error","event":"[av1 @ 0xaaaadf2b6450] Missing Sequence Header.","logger":"task.stderr"}
{"timestamp":"2025-10-07T06:28:52.296534Z","level":"info","event":"현재 사용 중인 비디오 객체 타입: <class 'scenedetect.backends.opencv.VideoStreamCv2'>","logger":"task.stdout"}
{"timestamp":"2025-10-07T06:28:52.296625Z","level":"info","event":"---------- 비디오 파일 정보 확인 ----------","logger":"task.stdout"}
{"timestamp":"2025-10-07T06:28:52.296723Z","level":"info","event":"해상도: (854, 480), 총 길이: 00:03:33.040, FPS: 25.00","logger":"task.stdout"}
{"timestamp":"2025-10-07T06:28:52.296835Z","level":"info","event":"❌ 오류 발생: 첫 프레임 읽기 실패! 비디오 파일 손상 또는 코덱 문제를 확인하세요.","logger":"task.stdout"}
{"timestamp":"2025-10-07T06:28:52.296919Z","level":"info","event":"⚠️ 비디오 파일 닫기 중 문제가 발생했습니다.","logger":"task.stdout"}
{"timestamp":"2025-10-07T06:28:52.279332Z","level":"info","event":"Done. Returned value was: []","logger":"airflow.task.operators.airflow.providers.standard.operators.python.PythonOperator","filename":"python.py","lineno":218}
{"timestamp":"2025-10-07T06:28:52.279505Z","level":"info","event":"Pushing xcom","ti":"RuntimeTaskInstance(id=UUID('0199bd5b-9be1-7b84-b783-ccb468220809'), task_id='detect_task', dag_id='video_scene_detection_pipeline', run_id='manual__2025-10-07T06:28:41.543158+00:00', try_number=1, dag_version_id=UUID('0199b83b-81cd-7cb3-914a-8cb23e980667'), map_index=-1, hostname='6246f7619a0e', context_carrier={}, task=<Task(PythonOperator): detect_task>, bundle_instance=LocalDagBundle(name=dags-folder), max_tries=1, start_date=datetime.datetime(2025, 10, 7, 6, 28, 51, 807076, tzinfo=datetime.timezone.utc), end_date=None, state=<TaskInstanceState.RUNNING: 'running'>, is_mapped=False, rendered_map_index=None)","logger":"task","filename":"task_runner.py","lineno":1352}
{"timestamp":"2025-10-07T06:28:52.306174Z","level":"error","event":"[av1 @ 0xaaaadf2b6450] Missing Sequence Header.","logger":"task.stderr"}
{"timestamp":"2025-10-07T06:28:52.306546Z","level":"error","event":"[av1 @ 0xaaaadf2b6450] Missing Sequence Header.","logger":"task.stderr"}
{"timestamp":"2025-10-07T06:28:52.306785Z","level":"error","event":"[av1 @ 0xaaaadf2b6450] Missing Sequence Header.","logger":"task.stderr"}
{"timestamp":"2025-10-07T06:28:52.308774Z","level":"error","event":"[av1 @ 0xaaaadf2b6450] Missing Sequence Header.","logger":"task.stderr"}
{"timestamp":"2025-10-07T06:28:52.308928Z","level":"error","event":"[av1 @ 0xaaaade5543e0] Your platform doesn't suppport hardware accelerated AV1 decoding.","logger":"task.stderr"}
{"timestamp":"2025-10-07T06:28:52.309029Z","level":"error","event":"[av1 @ 0xaaaade5543e0] Failed to get pixel format.","logger":"task.stderr"}
{"timestamp":"2025-10-07T06:28:52.309099Z","level":"error","event":"[av1 @ 0xaaaade5543e0] Your platform doesn't suppport hardware accelerated AV1 decoding.","logger":"task.stderr"}
{"timestamp":"2025-10-07T06:28:52.309163Z","level":"error","event":"[av1 @ 0xaaaade5543e0] Failed to get pixel format.","logger":"task.stderr"}
{"timestamp":"2025-10-07T06:28:52.309224Z","level":"error","event":"[av1 @ 0xaaaade5543e0] Missing Sequence Header.","logger":"task.stderr"}
{"timestamp":"2025-10-07T06:28:52.309286Z","level":"error","event":"[av1 @ 0xaaaade5543e0] Missing Sequence Header.","logger":"task.stderr"}
{"timestamp":"2025-10-07T06:28:52.309348Z","level":"error","event":"[av1 @ 0xaaaade5543e0] Missing Sequence Header.","logger":"task.stderr"}
{"timestamp":"2025-10-07T06:28:52.309407Z","level":"error","event":"[av1 @ 0xaaaade5543e0] Missing Sequence Header.","logger":"task.stderr"}
{"timestamp":"2025-10-07T06:28:52.309466Z","level":"error","event":"[av1 @ 0xaaaade5543e0] Missing Sequence Header.","logger":"task.stderr"}
{"timestamp":"2025-10-07T06:28:52.309524Z","level":"error","event":"[av1 @ 0xaaaade5543e0] Missing Sequence Header.","logger":"task.stderr"}
