{"timestamp":"2025-10-07T06:32:44.201246Z","level":"info","event":"DAG bundles loaded: dags-folder","logger":"airflow.dag_processing.bundles.manager.DagBundlesManager","filename":"manager.py","lineno":179}
{"timestamp":"2025-10-07T06:32:44.201827Z","level":"info","event":"Filling up the DagBag from /opt/airflow/dags/video_chapter_pipeline.py","logger":"airflow.models.dagbag.DagBag","filename":"dagbag.py","lineno":593}
{"timestamp":"2025-10-07T06:32:44.478359Z","level":"warning","event":"The `airflow.operators.python.PythonOperator` attribute is deprecated. Please use `'airflow.providers.standard.operators.python.PythonOperator'`.","category":"DeprecatedImportWarning","filename":"/opt/airflow/dags/video_chapter_pipeline.py","lineno":4,"logger":"py.warnings"}
{"timestamp":"2025-10-07T06:32:45.174298Z","level":"info","event":"[youtube] Extracting URL: https://www.youtube.com/watch?v=dQw4w9WgXcQ","logger":"task.stdout"}
{"timestamp":"2025-10-07T06:32:45.178260Z","level":"info","event":"[youtube] dQw4w9WgXcQ: Downloading webpage","logger":"task.stdout"}
{"timestamp":"2025-10-07T06:32:46.669995Z","level":"info","event":"[youtube] dQw4w9WgXcQ: Downloading tv client config","logger":"task.stdout"}
{"timestamp":"2025-10-07T06:32:46.826512Z","level":"info","event":"[youtube] dQw4w9WgXcQ: Downloading tv player API JSON","logger":"task.stdout"}
{"timestamp":"2025-10-07T06:32:47.060943Z","level":"info","event":"[youtube] dQw4w9WgXcQ: Downloading web safari player API JSON","logger":"task.stdout"}
{"timestamp":"2025-10-07T06:32:49.230557Z","level":"info","event":"[youtube] dQw4w9WgXcQ: Downloading m3u8 information","logger":"task.stdout"}
{"timestamp":"2025-10-07T06:32:49.706056Z","level":"info","event":"[info] dQw4w9WgXcQ: Downloading 1 format(s): 397+140","logger":"task.stdout"}
{"timestamp":"2025-10-07T06:32:49.831543Z","level":"info","event":"[download] Sleeping 4.00 seconds as required by the site...","logger":"task.stdout"}
{"timestamp":"2025-10-07T06:32:53.991957Z","level":"info","event":"[download] Destination: /opt/airflow/data/video/dQw4w9WgXcQ.f397.mp4","logger":"task.stdout"}
{"timestamp":"2025-10-07T06:32:55.091101Z","level":"info","event":"\r[download]   0.0% of    9.13MiB at  647.97KiB/s ETA 00:14\r[download]   0.0% of    9.13MiB at    1.32MiB/s ETA 00:06\r[download]   0.1% of    9.13MiB at    2.38MiB/s ETA 00:03\r[download]   0.2% of    9.13MiB at    2.78MiB/s ETA 00:03\r[download]   0.3% of    9.13MiB at    4.93MiB/s ETA 00:01\r[download]   0.7% of    9.13MiB at    5.47MiB/s ETA 00:01\r[download]   1.4% of    9.13MiB at    4.43MiB/s ETA 00:02\r[download]   2.7% of    9.13MiB at    6.98MiB/s ETA 00:01\r[download]   5.5% of    9.13MiB at    9.79MiB/s ETA 00:00\r[download]  10.9% of    9.13MiB at   13.59MiB/s ETA 00:00\r[download]  21.9% of    9.13MiB at   17.16MiB/s ETA 00:00\r[download]  43.8% of    9.13MiB at   18.02MiB/s ETA 00:00\r[download]  87.7% of    9.13MiB at    8.95MiB/s ETA 00:00\r[download] 100.0% of    9.13MiB at    8.30MiB/s ETA 00:00\r[download] 100% of    9.13MiB in 00:00:01 at 7.28MiB/s","logger":"task.stdout"}
{"timestamp":"2025-10-07T06:32:55.348463Z","level":"info","event":"[download] Destination: /opt/airflow/data/video/dQw4w9WgXcQ.f140.m4a","logger":"task.stdout"}
{"timestamp":"2025-10-07T06:32:55.800623Z","level":"info","event":"\r[download]   0.0% of    3.29MiB at  936.23KiB/s ETA 00:03\r[download]   0.1% of    3.29MiB at    1.97MiB/s ETA 00:01\r[download]   0.2% of    3.29MiB at    3.69MiB/s ETA 00:00\r[download]   0.4% of    3.29MiB at    6.18MiB/s ETA 00:00\r[download]   0.9% of    3.29MiB at    9.42MiB/s ETA 00:00\r[download]   1.9% of    3.29MiB at   14.27MiB/s ETA 00:00\r[download]   3.8% of    3.29MiB at   14.58MiB/s ETA 00:00\r[download]   7.6% of    3.29MiB at   11.85MiB/s ETA 00:00\r[download]  15.2% of    3.29MiB at    9.16MiB/s ETA 00:00\r[download]  30.4% of    3.29MiB at   10.50MiB/s ETA 00:00\r[download]  60.8% of    3.29MiB at    6.78MiB/s ETA 00:00\r[download] 100.0% of    3.29MiB at    7.30MiB/s ETA 00:00\r[download] 100% of    3.29MiB in 00:00:00 at 4.65MiB/s","logger":"task.stdout"}
{"timestamp":"2025-10-07T06:32:55.809678Z","level":"info","event":"[Merger] Merging formats into \"/opt/airflow/data/video/dQw4w9WgXcQ.mp4\"","logger":"task.stdout"}
{"timestamp":"2025-10-07T06:32:56.144016Z","level":"info","event":"Deleting original file /opt/airflow/data/video/dQw4w9WgXcQ.f397.mp4 (pass -k to keep)","logger":"task.stdout"}
{"timestamp":"2025-10-07T06:32:56.145858Z","level":"info","event":"Deleting original file /opt/airflow/data/video/dQw4w9WgXcQ.f140.m4a (pass -k to keep)","logger":"task.stdout"}
{"timestamp":"2025-10-07T06:32:56.147326Z","level":"info","event":"[VideoConvertor] Not converting media file \"/opt/airflow/data/video/dQw4w9WgXcQ.mp4\"; already is in target format mp4","logger":"task.stdout"}
{"timestamp":"2025-10-07T06:32:56.191225Z","level":"info","event":"영상 저장 경로: /opt/airflow/data/video/dQw4w9WgXcQ.mp4","logger":"task.stdout"}
{"timestamp":"2025-10-07T06:32:56.193865Z","level":"info","event":"Done. Returned value was: /opt/airflow/data/video/dQw4w9WgXcQ.mp4","logger":"airflow.task.operators.airflow.providers.standard.operators.python.PythonOperator","filename":"python.py","lineno":218}
{"timestamp":"2025-10-07T06:32:56.195110Z","level":"info","event":"Pushing xcom","ti":"RuntimeTaskInstance(id=UUID('0199bd5f-4c78-7db3-a1fd-994289d0554a'), task_id='download_task', dag_id='video_scene_detection_pipeline', run_id='manual__2025-10-07T06:32:43.361875+00:00', try_number=1, dag_version_id=UUID('0199b83b-81cd-7cb3-914a-8cb23e980667'), map_index=-1, hostname='6246f7619a0e', context_carrier={}, task=<Task(PythonOperator): download_task>, bundle_instance=LocalDagBundle(name=dags-folder), max_tries=1, start_date=datetime.datetime(2025, 10, 7, 6, 32, 44, 46371, tzinfo=datetime.timezone.utc), end_date=None, state=<TaskInstanceState.RUNNING: 'running'>, is_mapped=False, rendered_map_index=None)","logger":"task","filename":"task_runner.py","lineno":1352}
